Using pre-set license
Built from '2021.3/staging' branch; Version is '2021.3.29f1 (204d6dc9ae1c) revision 2116973'; Using compiler version '192829333'; Build Type 'Release'
OS: 'Windows 10  (10.0.19044) 64bit EnterpriseS' Language: 'ru' Physical Memory: 12174 MB
BatchMode: 1, IsHumanControllingUs: 0, StartBugReporterOnCrash: 0, Is64bit: 1, IsPro: 1

COMMAND LINE ARGUMENTS:
C:\Program Files\Unity\Hub\Editor\2021.3.29f1\Editor\Unity.exe
-adb2
-batchMode
-noUpm
-name
AssetImportWorker0
-projectPath
C:/Users/Home/OneDrive/ドキュメント/GitHub/project2/project2/Spaceshooter
-logFile
Logs/AssetImportWorker0.log
-srvPort
49955
Successfully changed project path to: C:/Users/Home/OneDrive/ドキュメント/GitHub/project2/project2/Spaceshooter
C:/Users/Home/OneDrive/ドキュメント/GitHub/project2/project2/Spaceshooter
[UnityMemory] Configuration Parameters - Can be set up in boot.config
    "memorysetup-bucket-allocator-granularity=16"
    "memorysetup-bucket-allocator-bucket-count=8"
    "memorysetup-bucket-allocator-block-size=33554432"
    "memorysetup-bucket-allocator-block-count=8"
    "memorysetup-main-allocator-block-size=16777216"
    "memorysetup-thread-allocator-block-size=16777216"
    "memorysetup-gfx-main-allocator-block-size=16777216"
    "memorysetup-gfx-thread-allocator-block-size=16777216"
    "memorysetup-cache-allocator-block-size=4194304"
    "memorysetup-typetree-allocator-block-size=2097152"
    "memorysetup-profiler-bucket-allocator-granularity=16"
    "memorysetup-profiler-bucket-allocator-bucket-count=8"
    "memorysetup-profiler-bucket-allocator-block-size=33554432"
    "memorysetup-profiler-bucket-allocator-block-count=8"
    "memorysetup-profiler-allocator-block-size=16777216"
    "memorysetup-profiler-editor-allocator-block-size=1048576"
    "memorysetup-temp-allocator-size-main=16777216"
    "memorysetup-job-temp-allocator-block-size=2097152"
    "memorysetup-job-temp-allocator-block-size-background=1048576"
    "memorysetup-job-temp-allocator-reduction-small-platforms=262144"
    "memorysetup-temp-allocator-size-background-worker=32768"
    "memorysetup-temp-allocator-size-job-worker=262144"
    "memorysetup-temp-allocator-size-preload-manager=33554432"
    "memorysetup-temp-allocator-size-nav-mesh-worker=65536"
    "memorysetup-temp-allocator-size-audio-worker=65536"
    "memorysetup-temp-allocator-size-cloud-worker=32768"
    "memorysetup-temp-allocator-size-gi-baking-worker=262144"
    "memorysetup-temp-allocator-size-gfx=262144"
Player connection [3016] Host "[IP] 192.168.100.7 [Port] 0 [Flags] 2 [Guid] 4273401551 [EditorId] 4273401551 [Version] 1048832 [Id] WindowsEditor(7,DESKTOP-JD61II4) [Debug] 1 [PackageName] WindowsEditor [ProjectName] Editor" joined multi-casting on [225.0.0.222:54997]...

Player connection [3016] Host "[IP] 192.168.100.7 [Port] 0 [Flags] 2 [Guid] 4273401551 [EditorId] 4273401551 [Version] 1048832 [Id] WindowsEditor(7,DESKTOP-JD61II4) [Debug] 1 [PackageName] WindowsEditor [ProjectName] Editor" joined alternative multi-casting on [225.0.0.222:34997]...

Refreshing native plugins compatible for Editor in 136.73 ms, found 4 plugins.
Preloading 0 native plugins for Editor in 0.00 ms.
Initialize engine version: 2021.3.29f1 (204d6dc9ae1c)
[Subsystems] Discovering subsystems at path C:/Program Files/Unity/Hub/Editor/2021.3.29f1/Editor/Data/Resources/UnitySubsystems
[Subsystems] Discovering subsystems at path C:/Users/Home/OneDrive/ドキュメント/GitHub/project2/project2/Spaceshooter/Assets
GfxDevice: creating device client; threaded=0; jobified=0
Direct3D:
    Version:  Direct3D 11.0 [level 11.0]
    Renderer: NVIDIA GeForce GT 750M (ID=0xfe4)
    Vendor:   NVIDIA
    VRAM:     4054 MB
    Driver:   25.21.14.2531
Initialize mono
Mono path[0] = 'C:/Program Files/Unity/Hub/Editor/2021.3.29f1/Editor/Data/Managed'
Mono path[1] = 'C:/Program Files/Unity/Hub/Editor/2021.3.29f1/Editor/Data/MonoBleedingEdge/lib/mono/unityjit-win32'
Mono config path = 'C:/Program Files/Unity/Hub/Editor/2021.3.29f1/Editor/Data/MonoBleedingEdge/etc'
Using monoOptions --debugger-agent=transport=dt_socket,embedding=1,server=y,suspend=n,address=127.0.0.1:56400
Begin MonoManager ReloadAssembly
Registering precompiled unity dll's ...
Register platform support module: C:/Program Files/Unity/Hub/Editor/2021.3.29f1/Editor/Data/PlaybackEngines/AndroidPlayer/UnityEditor.Android.Extensions.dll
Register platform support module: C:/Program Files/Unity/Hub/Editor/2021.3.29f1/Editor/Data/PlaybackEngines/WindowsStandaloneSupport/UnityEditor.WindowsStandalone.Extensions.dll
Registered in 0.019308 seconds.
Native extension for WindowsStandalone target not found
Native extension for Android target not found
Android Extension - Scanning For ADB Devices 1499 ms
Refreshing native plugins compatible for Editor in 149.05 ms, found 4 plugins.
Preloading 0 native plugins for Editor in 0.00 ms.
Mono: successfully reloaded assembly
- Completed reload, in  2.734 seconds
Domain Reload Profiling:
	ReloadAssembly (2735ms)
		BeginReloadAssembly (187ms)
			ExecutionOrderSort (0ms)
			DisableScriptedObjects (0ms)
			BackupInstance (0ms)
			ReleaseScriptingObjects (0ms)
			CreateAndSetChildDomain (1ms)
		EndReloadAssembly (2340ms)
			LoadAssemblies (183ms)
			RebuildTransferFunctionScriptingTraits (0ms)
			SetupTypeCache (173ms)
			ReleaseScriptCaches (0ms)
			RebuildScriptCaches (48ms)
			SetupLoadedEditorAssemblies (2040ms)
				LogAssemblyErrors (0ms)
				InitializePlatformSupportModulesInManaged (1682ms)
				SetLoadedEditorAssemblies (0ms)
				RefreshPlugins (149ms)
				BeforeProcessingInitializeOnLoad (2ms)
				ProcessInitializeOnLoadAttributes (130ms)
				ProcessInitializeOnLoadMethodAttributes (77ms)
				AfterProcessingInitializeOnLoad (0ms)
				EditorAssembliesLoaded (0ms)
			ExecutionOrderSort2 (0ms)
			AwakeInstancesAfterBackupRestoration (0ms)
Platform modules already initialized, skipping
Registering precompiled user dll's ...
Registered in 0.018087 seconds.
Begin MonoManager ReloadAssembly
Symbol file LoadedFromMemory doesn't match image C:\Users\Home\OneDrive\ドキュメント\GitHub\project2\project2\Spaceshooter\Library\PackageCache\com.unity.visualscripting@1.8.0\Editor\VisualScripting.Core\Dependencies\YamlDotNet\Unity.VisualScripting.YamlDotNet.dll
Symbol file LoadedFromMemory doesn't match image C:\Users\Home\OneDrive\ドキュメント\GitHub\project2\project2\Spaceshooter\Library\PackageCache\com.unity.visualscripting@1.8.0\Editor\VisualScripting.Core\Dependencies\DotNetZip\Unity.VisualScripting.IonicZip.dll
Native extension for WindowsStandalone target not found
Native extension for Android target not found
Refreshing native plugins compatible for Editor in 148.91 ms, found 4 plugins.
Preloading 0 native plugins for Editor in 0.00 ms.
System.Exception: Error! Visual Scripting: couldn't find visual scripting package
  at Unity.VisualScripting.PackageVersionUtility.get_version () [0x00043] in C:\Users\Home\OneDrive\ドキュメント\GitHub\project2\project2\Spaceshooter\Library\PackageCache\com.unity.visualscripting@1.8.0\Editor\VisualScripting.Core\Utilities\PackageVersionUtility.cs:31 
  at Unity.VisualScripting.BoltCoreManifest.get_version () [0x00000] in C:\Users\Home\OneDrive\ドキュメント\GitHub\project2\project2\Spaceshooter\Library\PackageCache\com.unity.visualscripting@1.8.0\Editor\VisualScripting.Core\Plugin\BoltCoreManifest.cs:11 
  at Unity.VisualScripting.PluginManifest.get_currentVersion () [0x00000] in C:\Users\Home\OneDrive\ドキュメント\GitHub\project2\project2\Spaceshooter\Library\PackageCache\com.unity.visualscripting@1.8.0\Editor\VisualScripting.Core\Plugins\PluginManifest.cs:33 
  at Unity.VisualScripting.PluginManifest.get_versionMismatch () [0x00000] in C:\Users\Home\OneDrive\ドキュメント\GitHub\project2\project2\Spaceshooter\Library\PackageCache\com.unity.visualscripting@1.8.0\Editor\VisualScripting.Core\Plugins\PluginManifest.cs:48 
  at Unity.VisualScripting.PluginContainer.Initialize () [0x00525] in C:\Users\Home\OneDrive\ドキュメント\GitHub\project2\project2\Spaceshooter\Library\PackageCache\com.unity.visualscripting@1.8.0\Editor\VisualScripting.Core\Plugins\PluginContainer.cs:208 
  at Unity.VisualScripting.PluginContainer.InitializeOnLoad () [0x00009] in C:\Users\Home\OneDrive\ドキュメント\GitHub\project2\project2\Spaceshooter\Library\PackageCache\com.unity.visualscripting@1.8.0\Editor\VisualScripting.Core\Plugins\PluginContainer.cs:32 
  at Unity.VisualScripting.VSUsageUtility.DoInitializeOnLoadCalls () [0x00034] in C:\Users\Home\OneDrive\ドキュメント\GitHub\project2\project2\Spaceshooter\Library\PackageCache\com.unity.visualscripting@1.8.0\Editor\VisualScripting.Core\Utilities\VSUsageUtility.cs:76 
  at Unity.VisualScripting.VSUsageUtility.set_isVisualScriptingUsed (System.Boolean value) [0x0002c] in C:\Users\Home\OneDrive\ドキュメント\GitHub\project2\project2\Spaceshooter\Library\PackageCache\com.unity.visualscripting@1.8.0\Editor\VisualScripting.Core\Utilities\VSUsageUtility.cs:114 
  at Unity.VisualScripting.VSUsageUtility.CheckAndSetIsVisualScriptingUsed () [0x00032] in C:\Users\Home\OneDrive\ドキュメント\GitHub\project2\project2\Spaceshooter\Library\PackageCache\com.unity.visualscripting@1.8.0\Editor\VisualScripting.Core\Utilities\VSUsageUtility.cs:48 
  at Unity.VisualScripting.VSUsageUtility..cctor () [0x00000] in C:\Users\Home\OneDrive\ドキュメント\GitHub\project2\project2\Spaceshooter\Library\PackageCache\com.unity.visualscripting@1.8.0\Editor\VisualScripting.Core\Utilities\VSUsageUtility.cs:22 
UnityEngine.StackTraceUtility:ExtractStackTrace ()
UnityEngine.DebugLogHandler:LogFormat (UnityEngine.LogType,UnityEngine.Object,string,object[])
UnityEngine.Logger:Log (UnityEngine.LogType,object)
UnityEngine.Debug:LogError (object)
UnityEditor.EditorAssemblies:ProcessInitializeOnLoadAttributes (System.Type[])

Mono: successfully reloaded assembly
- Completed reload, in  2.443 seconds
Domain Reload Profiling:
	ReloadAssembly (2444ms)
		BeginReloadAssembly (225ms)
			ExecutionOrderSort (0ms)
			DisableScriptedObjects (10ms)
			BackupInstance (0ms)
			ReleaseScriptingObjects (0ms)
			CreateAndSetChildDomain (29ms)
		EndReloadAssembly (2039ms)
			LoadAssemblies (201ms)
			RebuildTransferFunctionScriptingTraits (0ms)
			SetupTypeCache (360ms)
			ReleaseScriptCaches (1ms)
			RebuildScriptCaches (92ms)
			SetupLoadedEditorAssemblies (1320ms)
				LogAssemblyErrors (0ms)
				InitializePlatformSupportModulesInManaged (35ms)
				SetLoadedEditorAssemblies (0ms)
				RefreshPlugins (149ms)
				BeforeProcessingInitializeOnLoad (155ms)
				ProcessInitializeOnLoadAttributes (898ms)
				ProcessInitializeOnLoadMethodAttributes (64ms)
				AfterProcessingInitializeOnLoad (18ms)
				EditorAssembliesLoaded (0ms)
			ExecutionOrderSort2 (0ms)
			AwakeInstancesAfterBackupRestoration (20ms)
Platform modules already initialized, skipping
========================================================================
Worker process is ready to serve import requests
Launched and connected shader compiler UnityShaderCompiler.exe after 0.06 seconds
Refreshing native plugins compatible for Editor in 1.59 ms, found 4 plugins.
Preloading 0 native plugins for Editor in 0.00 ms.
Unloading 3844 Unused Serialized files (Serialized files now loaded: 0)
Unloading 35 unused Assets / (46.4 KB). Loaded Objects now: 4310.
Memory consumption went from 151.6 MB to 151.6 MB.
Total: 14.255300 ms (FindLiveObjects: 0.397000 ms CreateObjectMapping: 0.208800 ms MarkObjects: 13.531600 ms  DeleteObjects: 0.116300 ms)

AssetImportParameters requested are different than current active one (requested -> active):
  custom:video-decoder-ogg-theora: a1e56fd34408186e4bbccfd4996cb3dc -> 
  custom:container-muxer-webm: aa71ff27fc2769a1b78a27578f13a17b -> 
  custom:container-demuxer-webm: 4f35f7cbe854078d1ac9338744f61a02 -> 
  custom:video-encoder-webm-vp8: eb34c28f22e8b96e1ab97ce403110664 -> 
  custom:audio-encoder-webm-vorbis: bf7c407c2cedff20999df2af8eb42d56 -> 
  custom:framework-win-MediaFoundation: 216162199b28c13a410421893ffa2e32 -> 
  custom:container-demuxer-ogg: 62fdf1f143b41e24485cea50d1cbac27 -> 
  custom:video-decoder-webm-vp8: 9c59270c3fd7afecdb556c50c9e8de78 -> 
  custom:audio-decoder-ogg-vorbis: bf7c407c2cedff20999df2af8eb42d56 -> 
========================================================================
Received Import Request.
  Time since last request: 510.147991 seconds.
  path: Assets/Scripts/EnemyShip.asset
  artifactKey: Guid(29769f70f5ca8d848bc3f451ea9d930d) Importer(815301076,1909f56bfc062723c751e8b465ee728b)
Start importing Assets/Scripts/EnemyShip.asset using Guid(29769f70f5ca8d848bc3f451ea9d930d) Importer(815301076,1909f56bfc062723c751e8b465ee728b)  -> (artifact id: '930ac490a6c3d03eac2383d0761c1cad') in 0.896629 seconds 
========================================================================
Received Prepare
Refreshing native plugins compatible for Editor in 10.28 ms, found 4 plugins.
Preloading 0 native plugins for Editor in 0.00 ms.
Unloading 22 Unused Serialized files (Serialized files now loaded: 0)
Unloading 22 unused Assets / (21.9 KB). Loaded Objects now: 4311.
Memory consumption went from 72.3 MB to 72.3 MB.
Total: 51.861700 ms (FindLiveObjects: 0.454400 ms CreateObjectMapping: 0.268800 ms MarkObjects: 51.096300 ms  DeleteObjects: 0.040900 ms)

AssetImportParameters requested are different than current active one (requested -> active):
  custom:video-decoder-ogg-theora: a1e56fd34408186e4bbccfd4996cb3dc -> 
  custom:container-muxer-webm: aa71ff27fc2769a1b78a27578f13a17b -> 
  custom:container-demuxer-webm: 4f35f7cbe854078d1ac9338744f61a02 -> 
  custom:video-encoder-webm-vp8: eb34c28f22e8b96e1ab97ce403110664 -> 
  custom:CustomObjectIndexerAttribute: bc11b3a6c3213fcdd17b65e7da85e133 -> 
  custom:audio-encoder-webm-vorbis: bf7c407c2cedff20999df2af8eb42d56 -> 
  custom:framework-win-MediaFoundation: 216162199b28c13a410421893ffa2e32 -> 
  custom:container-demuxer-ogg: 62fdf1f143b41e24485cea50d1cbac27 -> 
  custom:video-decoder-webm-vp8: 9c59270c3fd7afecdb556c50c9e8de78 -> 
  custom:audio-decoder-ogg-vorbis: bf7c407c2cedff20999df2af8eb42d56 -> 
========================================================================
Received Import Request.
  Time since last request: 876.310218 seconds.
  path: Assets/Scripts/BulletScript.asset
  artifactKey: Guid(fb830a39d61869348af36f77f8ee5cd2) Importer(815301076,1909f56bfc062723c751e8b465ee728b)
Start importing Assets/Scripts/BulletScript.asset using Guid(fb830a39d61869348af36f77f8ee5cd2) Importer(815301076,1909f56bfc062723c751e8b465ee728b)  -> (artifact id: '679111892bf98022690db7ffc4454740') in 0.015447 seconds 
========================================================================
Received Import Request.
  Time since last request: 148.241822 seconds.
  path: Assets/Prefabs/Bullets/BulletScript.asset
  artifactKey: Guid(fb830a39d61869348af36f77f8ee5cd2) Importer(815301076,1909f56bfc062723c751e8b465ee728b)
Start importing Assets/Prefabs/Bullets/BulletScript.asset using Guid(fb830a39d61869348af36f77f8ee5cd2) Importer(815301076,1909f56bfc062723c751e8b465ee728b)  -> (artifact id: '4083c7742d153ebdf0ed6655cf61720f') in 0.007489 seconds 
========================================================================
Received Import Request.
  Time since last request: 3.976178 seconds.
  path: Assets/Prefabs/Bullets/BulletA_1.prefab
  artifactKey: Guid(1abd18a9b6820d94590879e9b44ff751) Importer(815301076,1909f56bfc062723c751e8b465ee728b)
Start importing Assets/Prefabs/Bullets/BulletA_1.prefab using Guid(1abd18a9b6820d94590879e9b44ff751) Importer(815301076,1909f56bfc062723c751e8b465ee728b)  -> (artifact id: '99afce7b5fde09aa0d0980651f70d445') in 0.166239 seconds 
========================================================================
Received Import Request.
  Time since last request: 86.784774 seconds.
  path: Assets/Prefabs/Bullets/BulletA_1.prefab
  artifactKey: Guid(1abd18a9b6820d94590879e9b44ff751) Importer(815301076,1909f56bfc062723c751e8b465ee728b)
Start importing Assets/Prefabs/Bullets/BulletA_1.prefab using Guid(1abd18a9b6820d94590879e9b44ff751) Importer(815301076,1909f56bfc062723c751e8b465ee728b)  -> (artifact id: '63847b286356ebc1fcb49c611b814de0') in 0.019368 seconds 
========================================================================
Received Import Request.
  Time since last request: 157.460438 seconds.
  path: Assets/Prefabs/Bullets/BulletA_1.prefab
  artifactKey: Guid(1abd18a9b6820d94590879e9b44ff751) Importer(815301076,1909f56bfc062723c751e8b465ee728b)
Start importing Assets/Prefabs/Bullets/BulletA_1.prefab using Guid(1abd18a9b6820d94590879e9b44ff751) Importer(815301076,1909f56bfc062723c751e8b465ee728b)  -> (artifact id: 'b38ed3f4a0bdb25c92d09ebbb4f091bc') in 0.022398 seconds 
========================================================================
Received Import Request.
  Time since last request: 5.398378 seconds.
  path: Assets/Prefabs/Bullets/BulletA_1.prefab
  artifactKey: Guid(1abd18a9b6820d94590879e9b44ff751) Importer(815301076,1909f56bfc062723c751e8b465ee728b)
Start importing Assets/Prefabs/Bullets/BulletA_1.prefab using Guid(1abd18a9b6820d94590879e9b44ff751) Importer(815301076,1909f56bfc062723c751e8b465ee728b)  -> (artifact id: '1fc7e069cedb1c694793aaab12b43b3e') in 0.020399 seconds 
========================================================================
Received Import Request.
  Time since last request: 549.871965 seconds.
  path: Assets/Prefabs/Bullets/BulletA_1.prefab
  artifactKey: Guid(1abd18a9b6820d94590879e9b44ff751) Importer(815301076,1909f56bfc062723c751e8b465ee728b)
Start importing Assets/Prefabs/Bullets/BulletA_1.prefab using Guid(1abd18a9b6820d94590879e9b44ff751) Importer(815301076,1909f56bfc062723c751e8b465ee728b)  -> (artifact id: 'a91abf69bfb682f13401a2d8e7a2213b') in 0.033552 seconds 
========================================================================
Received Import Request.
  Time since last request: 9.702400 seconds.
  path: Assets/Prefabs/Bullets/BulletA_1.prefab
  artifactKey: Guid(1abd18a9b6820d94590879e9b44ff751) Importer(815301076,1909f56bfc062723c751e8b465ee728b)
Start importing Assets/Prefabs/Bullets/BulletA_1.prefab using Guid(1abd18a9b6820d94590879e9b44ff751) Importer(815301076,1909f56bfc062723c751e8b465ee728b)  -> (artifact id: 'd642f1bf2c5aae54e16ffd737d4b8b65') in 0.017950 seconds 
========================================================================
Received Import Request.
  Time since last request: 119.814912 seconds.
  path: Assets/Prefabs/Bullets/BulletA_1.prefab
  artifactKey: Guid(1abd18a9b6820d94590879e9b44ff751) Importer(815301076,1909f56bfc062723c751e8b465ee728b)
Start importing Assets/Prefabs/Bullets/BulletA_1.prefab using Guid(1abd18a9b6820d94590879e9b44ff751) Importer(815301076,1909f56bfc062723c751e8b465ee728b)  -> (artifact id: '9f23f036b3d0317113ccf5139b2b404d') in 0.019608 seconds 
========================================================================
Received Import Request.
  Time since last request: 14.801847 seconds.
  path: Assets/Prefabs/Bullets/BulletA_1.prefab
  artifactKey: Guid(1abd18a9b6820d94590879e9b44ff751) Importer(815301076,1909f56bfc062723c751e8b465ee728b)
Start importing Assets/Prefabs/Bullets/BulletA_1.prefab using Guid(1abd18a9b6820d94590879e9b44ff751) Importer(815301076,1909f56bfc062723c751e8b465ee728b)  -> (artifact id: 'ec0ca3372a85d0d20c38235c7daad65f') in 0.021108 seconds 
========================================================================
Received Import Request.
  Time since last request: 6.574828 seconds.
  path: Assets/Prefabs/Bullets/BulletA_1.prefab
  artifactKey: Guid(1abd18a9b6820d94590879e9b44ff751) Importer(815301076,1909f56bfc062723c751e8b465ee728b)
Start importing Assets/Prefabs/Bullets/BulletA_1.prefab using Guid(1abd18a9b6820d94590879e9b44ff751) Importer(815301076,1909f56bfc062723c751e8b465ee728b)  -> (artifact id: 'a2349b304bb158a1d3b0d3ef62f9be75') in 0.017626 seconds 
========================================================================
Received Import Request.
  Time since last request: 24.324066 seconds.
  path: Assets/Prefabs/Bullets/BulletA_1.prefab
  artifactKey: Guid(1abd18a9b6820d94590879e9b44ff751) Importer(815301076,1909f56bfc062723c751e8b465ee728b)
Start importing Assets/Prefabs/Bullets/BulletA_1.prefab using Guid(1abd18a9b6820d94590879e9b44ff751) Importer(815301076,1909f56bfc062723c751e8b465ee728b)  -> (artifact id: 'f042fd0da45706764c1e95439eb3acb7') in 0.018297 seconds 
========================================================================
Received Import Request.
  Time since last request: 23.997926 seconds.
  path: Assets/Prefabs/Bullets/BulletA_1.prefab
  artifactKey: Guid(1abd18a9b6820d94590879e9b44ff751) Importer(815301076,1909f56bfc062723c751e8b465ee728b)
Start importing Assets/Prefabs/Bullets/BulletA_1.prefab using Guid(1abd18a9b6820d94590879e9b44ff751) Importer(815301076,1909f56bfc062723c751e8b465ee728b)  -> (artifact id: '5fcc701b24d025e088aacee2cd82fa26') in 0.015472 seconds 
========================================================================
Received Import Request.
  Time since last request: 189.129733 seconds.
  path: Assets/Prefabs/Bullets/BulletA_1.prefab
  artifactKey: Guid(1abd18a9b6820d94590879e9b44ff751) Importer(815301076,1909f56bfc062723c751e8b465ee728b)
Start importing Assets/Prefabs/Bullets/BulletA_1.prefab using Guid(1abd18a9b6820d94590879e9b44ff751) Importer(815301076,1909f56bfc062723c751e8b465ee728b)  -> (artifact id: 'ba22a5fd46c22114a036ec4079049d4b') in 0.033896 seconds 
========================================================================
Received Import Request.
  Time since last request: 3031.434164 seconds.
  path: Assets/Prefabs/Turrets/TurretA.prefab
  artifactKey: Guid(a83a3f611ea68e845abbcac7b704af25) Importer(815301076,1909f56bfc062723c751e8b465ee728b)
Start importing Assets/Prefabs/Turrets/TurretA.prefab using Guid(a83a3f611ea68e845abbcac7b704af25) Importer(815301076,1909f56bfc062723c751e8b465ee728b)  -> (artifact id: 'b1aa656f8a3cfb5c147e1a6f2249cbd2') in 0.133074 seconds 
========================================================================
Received Import Request.
  Time since last request: 0.000056 seconds.
  path: Assets/Prefabs/Turrets/TurretC.prefab
  artifactKey: Guid(fea3d3b6244bacb4db466e816a1bbc0f) Importer(815301076,1909f56bfc062723c751e8b465ee728b)
Start importing Assets/Prefabs/Turrets/TurretC.prefab using Guid(fea3d3b6244bacb4db466e816a1bbc0f) Importer(815301076,1909f56bfc062723c751e8b465ee728b)  -> (artifact id: '2c646ccb05f39ef2e72dd81d04c7c47e') in 0.070829 seconds 
========================================================================
Received Import Request.
  Time since last request: 0.000049 seconds.
  path: Assets/Prefabs/Turrets/TurretD.prefab
  artifactKey: Guid(4aef4da504030df46a4d61bdf1b7cdeb) Importer(815301076,1909f56bfc062723c751e8b465ee728b)
Start importing Assets/Prefabs/Turrets/TurretD.prefab using Guid(4aef4da504030df46a4d61bdf1b7cdeb) Importer(815301076,1909f56bfc062723c751e8b465ee728b)  -> (artifact id: '8288e25c576408b32594cbbb42b35f4d') in 0.073669 seconds 
========================================================================
Received Import Request.
  Time since last request: 0.000048 seconds.
  path: Assets/Prefabs/Turrets/TurretF.prefab
  artifactKey: Guid(8daeaccc8829f8d4ca8e970c05ac89ea) Importer(815301076,1909f56bfc062723c751e8b465ee728b)
Start importing Assets/Prefabs/Turrets/TurretF.prefab using Guid(8daeaccc8829f8d4ca8e970c05ac89ea) Importer(815301076,1909f56bfc062723c751e8b465ee728b)  -> (artifact id: '8c209b98fa77ca989a3f5d5c09e6397c') in 0.069574 seconds 
========================================================================
Received Import Request.
  Time since last request: 0.000049 seconds.
  path: Assets/Prefabs/Turrets/TurretE.prefab
  artifactKey: Guid(ca5b68c459ac3bf4cb9df7bc34dbd071) Importer(815301076,1909f56bfc062723c751e8b465ee728b)
Start importing Assets/Prefabs/Turrets/TurretE.prefab using Guid(ca5b68c459ac3bf4cb9df7bc34dbd071) Importer(815301076,1909f56bfc062723c751e8b465ee728b)  -> (artifact id: 'ce4e63fbbeccaa91ece7c15ed3fae507') in 0.063920 seconds 
========================================================================
Received Import Request.
  Time since last request: 8.927613 seconds.
  path: Assets/Prefabs/Turrets/TurretA 1.prefab
  artifactKey: Guid(9ae510bd3406a1944a6d8b670f819d10) Importer(815301076,1909f56bfc062723c751e8b465ee728b)
Start importing Assets/Prefabs/Turrets/TurretA 1.prefab using Guid(9ae510bd3406a1944a6d8b670f819d10) Importer(815301076,1909f56bfc062723c751e8b465ee728b)  -> (artifact id: '75b9584ef4e5496663253a16cc8e7a9e') in 0.057591 seconds 
========================================================================
Received Import Request.
  Time since last request: 11.947067 seconds.
  path: Assets/Prefabs/Turrets/TurretEnemy.prefab
  artifactKey: Guid(9ae510bd3406a1944a6d8b670f819d10) Importer(815301076,1909f56bfc062723c751e8b465ee728b)
Start importing Assets/Prefabs/Turrets/TurretEnemy.prefab using Guid(9ae510bd3406a1944a6d8b670f819d10) Importer(815301076,1909f56bfc062723c751e8b465ee728b)  -> (artifact id: '1789859619023909fb10792ea74ec607') in 0.036873 seconds 
========================================================================
Received Import Request.
  Time since last request: 65.803343 seconds.
  path: Assets/RoboSpacer Graphics/RoboSpacer Graphics/RoboSpacer Graphics/Interface/Buttons/Green/SAVE/SAVE_L2.png
  artifactKey: Guid(5e80aa81902f5d4499bdf4e063939088) Importer(815301076,1909f56bfc062723c751e8b465ee728b)
Start importing Assets/RoboSpacer Graphics/RoboSpacer Graphics/RoboSpacer Graphics/Interface/Buttons/Green/SAVE/SAVE_L2.png using Guid(5e80aa81902f5d4499bdf4e063939088) Importer(815301076,1909f56bfc062723c751e8b465ee728b)  -> (artifact id: '7aec36b2699e2b492fcbb766f435c219') in 0.240877 seconds 
========================================================================
Received Import Request.
  Time since last request: 0.000035 seconds.
  path: Assets/RoboSpacer Graphics/RoboSpacer Graphics/RoboSpacer Graphics/Interface/Buttons/Orange/SAVE/SAVE_N1.png
  artifactKey: Guid(f052fa613b96a494cbb69a9bc81f34e6) Importer(815301076,1909f56bfc062723c751e8b465ee728b)
Start importing Assets/RoboSpacer Graphics/RoboSpacer Graphics/RoboSpacer Graphics/Interface/Buttons/Orange/SAVE/SAVE_N1.png using Guid(f052fa613b96a494cbb69a9bc81f34e6) Importer(815301076,1909f56bfc062723c751e8b465ee728b)  -> (artifact id: 'eb5e5d82993facb8382f0216a4877c4d') in 0.187962 seconds 
========================================================================
Received Import Request.
  Time since last request: 0.000147 seconds.
  path: Assets/RoboSpacer Graphics/RoboSpacer Graphics/RoboSpacer Graphics/Interface/Buttons/Grey/SAVE/SAVE_N2.png
  artifactKey: Guid(7ab6811c961ea2448a53e463cad7c368) Importer(815301076,1909f56bfc062723c751e8b465ee728b)
Start importing Assets/RoboSpacer Graphics/RoboSpacer Graphics/RoboSpacer Graphics/Interface/Buttons/Grey/SAVE/SAVE_N2.png using Guid(7ab6811c961ea2448a53e463cad7c368) Importer(815301076,1909f56bfc062723c751e8b465ee728b)  -> (artifact id: 'a1b80e835c99b61dcf6eb41bf4289b5d') in 0.094916 seconds 
========================================================================
Received Import Request.
  Time since last request: 0.000041 seconds.
  path: Assets/RoboSpacer Graphics/RoboSpacer Graphics/RoboSpacer Graphics/Interface/Buttons/Green/SAVE/SAVE_N1.png
  artifactKey: Guid(6dceced6c91281646966f03476156c55) Importer(815301076,1909f56bfc062723c751e8b465ee728b)
Start importing Assets/RoboSpacer Graphics/RoboSpacer Graphics/RoboSpacer Graphics/Interface/Buttons/Green/SAVE/SAVE_N1.png using Guid(6dceced6c91281646966f03476156c55) Importer(815301076,1909f56bfc062723c751e8b465ee728b)  -> (artifact id: 'b8adffbd99c43e64ca37a4f2dd1001ee') in 0.078738 seconds 
========================================================================
Received Import Request.
  Time since last request: 0.000052 seconds.
  path: Assets/RoboSpacer Graphics/RoboSpacer Graphics/RoboSpacer Graphics/Interface/Buttons/Blue/SAVE/SAVE_N2.png
  artifactKey: Guid(47a0ab21ac580a54895153f75c8da578) Importer(815301076,1909f56bfc062723c751e8b465ee728b)
Start importing Assets/RoboSpacer Graphics/RoboSpacer Graphics/RoboSpacer Graphics/Interface/Buttons/Blue/SAVE/SAVE_N2.png using Guid(47a0ab21ac580a54895153f75c8da578) Importer(815301076,1909f56bfc062723c751e8b465ee728b)  -> (artifact id: '12ea0afb5a41098508d65e8abc9f0a2e') in 0.111719 seconds 
========================================================================
Received Import Request.
  Time since last request: 0.000051 seconds.
  path: Assets/RoboSpacer Graphics/RoboSpacer Graphics/RoboSpacer Graphics/Interface/Buttons/Green/SAVE/SAVE_N2.png
  artifactKey: Guid(f8fba1101540cca42a1f87e47bfe261a) Importer(815301076,1909f56bfc062723c751e8b465ee728b)
Start importing Assets/RoboSpacer Graphics/RoboSpacer Graphics/RoboSpacer Graphics/Interface/Buttons/Green/SAVE/SAVE_N2.png using Guid(f8fba1101540cca42a1f87e47bfe261a) Importer(815301076,1909f56bfc062723c751e8b465ee728b)  -> (artifact id: '4f5b65e85678e07f2da7b2af7a4917a2') in 0.086607 seconds 
========================================================================
Received Import Request.
  Time since last request: 8.228811 seconds.
  path: Assets/Prefabs/Turrets/TurretEnemy.prefab
  artifactKey: Guid(9ae510bd3406a1944a6d8b670f819d10) Importer(815301076,1909f56bfc062723c751e8b465ee728b)
Start importing Assets/Prefabs/Turrets/TurretEnemy.prefab using Guid(9ae510bd3406a1944a6d8b670f819d10) Importer(815301076,1909f56bfc062723c751e8b465ee728b)  -> (artifact id: '84d155976748064e2367d3b7b7e3d86f') in 0.035377 seconds 
========================================================================
Received Import Request.
  Time since last request: 97.784499 seconds.
  path: ProjectSettings/TagManager.asset
  artifactKey: Guid(00000000000000003000000000000000) Importer(815301076,1909f56bfc062723c751e8b465ee728b)
Start importing ProjectSettings/TagManager.asset using Guid(00000000000000003000000000000000) Importer(815301076,1909f56bfc062723c751e8b465ee728b)  -> (artifact id: 'e8a6d0fc65191141afe6ea9344ef6a27') in 0.017520 seconds 
========================================================================
Received Import Request.
  Time since last request: 29.544346 seconds.
  path: Assets/Prefabs/Turrets/TurretEnemy.prefab
  artifactKey: Guid(9ae510bd3406a1944a6d8b670f819d10) Importer(815301076,1909f56bfc062723c751e8b465ee728b)
Start importing Assets/Prefabs/Turrets/TurretEnemy.prefab using Guid(9ae510bd3406a1944a6d8b670f819d10) Importer(815301076,1909f56bfc062723c751e8b465ee728b)  -> (artifact id: '5a3067e879db7bf4bc5fe2bf83c9f1a2') in 0.040925 seconds 
========================================================================
Received Import Request.
  Time since last request: 83.476999 seconds.
  path: Assets/Prefabs/Turrets/TurretEnemy.prefab
  artifactKey: Guid(9ae510bd3406a1944a6d8b670f819d10) Importer(815301076,1909f56bfc062723c751e8b465ee728b)
Start importing Assets/Prefabs/Turrets/TurretEnemy.prefab using Guid(9ae510bd3406a1944a6d8b670f819d10) Importer(815301076,1909f56bfc062723c751e8b465ee728b)  -> (artifact id: 'b97f5ce51d953bfb2fd7e554cd8da388') in 0.039875 seconds 
========================================================================
Received Import Request.
  Time since last request: 54.251989 seconds.
  path: Assets/Scripts/BulletScript.asset
  artifactKey: Guid(fb830a39d61869348af36f77f8ee5cd2) Importer(815301076,1909f56bfc062723c751e8b465ee728b)
Start importing Assets/Scripts/BulletScript.asset using Guid(fb830a39d61869348af36f77f8ee5cd2) Importer(815301076,1909f56bfc062723c751e8b465ee728b)  -> (artifact id: '440752a4a01902ba078170803ac1a28f') in 0.012374 seconds 
========================================================================
Received Import Request.
  Time since last request: 41.959138 seconds.
  path: Assets/Enemy/EnemyShip.prefab
  artifactKey: Guid(3048995887820e64aa123f689507a207) Importer(815301076,1909f56bfc062723c751e8b465ee728b)
Start importing Assets/Enemy/EnemyShip.prefab using Guid(3048995887820e64aa123f689507a207) Importer(815301076,1909f56bfc062723c751e8b465ee728b)  -> (artifact id: '9920e5fc44ba65cca968183f18be32fd') in 0.081222 seconds 
========================================================================
Received Import Request.
  Time since last request: 226.832592 seconds.
  path: Assets/Prefabs/Turrets/TurretA.prefab
  artifactKey: Guid(a83a3f611ea68e845abbcac7b704af25) Importer(815301076,1909f56bfc062723c751e8b465ee728b)
Start importing Assets/Prefabs/Turrets/TurretA.prefab using Guid(a83a3f611ea68e845abbcac7b704af25) Importer(815301076,1909f56bfc062723c751e8b465ee728b)  -> (artifact id: '5826bd5368a0a780b14bbc197f301055') in 0.040412 seconds 
========================================================================
Received Prepare
Registering precompiled user dll's ...
Registered in 0.071598 seconds.
Begin MonoManager ReloadAssembly
Symbol file LoadedFromMemory doesn't match image C:\Users\Home\OneDrive\ドキュメント\GitHub\project2\project2\Spaceshooter\Library\PackageCache\com.unity.visualscripting@1.8.0\Editor\VisualScripting.Core\Dependencies\YamlDotNet\Unity.VisualScripting.YamlDotNet.dll
Symbol file LoadedFromMemory doesn't match image C:\Users\Home\OneDrive\ドキュメント\GitHub\project2\project2\Spaceshooter\Library\PackageCache\com.unity.visualscripting@1.8.0\Editor\VisualScripting.Core\Dependencies\DotNetZip\Unity.VisualScripting.IonicZip.dll
Native extension for WindowsStandalone target not found
Native extension for Android target not found
Refreshing native plugins compatible for Editor in 5.09 ms, found 4 plugins.
Preloading 0 native plugins for Editor in 0.00 ms.
System.Exception: Error! Visual Scripting: couldn't find visual scripting package
  at Unity.VisualScripting.PackageVersionUtility.get_version () [0x00043] in C:\Users\Home\OneDrive\ドキュメント\GitHub\project2\project2\Spaceshooter\Library\PackageCache\com.unity.visualscripting@1.8.0\Editor\VisualScripting.Core\Utilities\PackageVersionUtility.cs:31 
  at Unity.VisualScripting.BoltCoreManifest.get_version () [0x00000] in C:\Users\Home\OneDrive\ドキュメント\GitHub\project2\project2\Spaceshooter\Library\PackageCache\com.unity.visualscripting@1.8.0\Editor\VisualScripting.Core\Plugin\BoltCoreManifest.cs:11 
  at Unity.VisualScripting.PluginManifest.get_currentVersion () [0x00000] in C:\Users\Home\OneDrive\ドキュメント\GitHub\project2\project2\Spaceshooter\Library\PackageCache\com.unity.visualscripting@1.8.0\Editor\VisualScripting.Core\Plugins\PluginManifest.cs:33 
  at Unity.VisualScripting.PluginManifest.get_versionMismatch () [0x00000] in C:\Users\Home\OneDrive\ドキュメント\GitHub\project2\project2\Spaceshooter\Library\PackageCache\com.unity.visualscripting@1.8.0\Editor\VisualScripting.Core\Plugins\PluginManifest.cs:48 
  at Unity.VisualScripting.PluginContainer.Initialize () [0x00525] in C:\Users\Home\OneDrive\ドキュメント\GitHub\project2\project2\Spaceshooter\Library\PackageCache\com.unity.visualscripting@1.8.0\Editor\VisualScripting.Core\Plugins\PluginContainer.cs:208 
  at Unity.VisualScripting.PluginContainer.InitializeOnLoad () [0x00009] in C:\Users\Home\OneDrive\ドキュメント\GitHub\project2\project2\Spaceshooter\Library\PackageCache\com.unity.visualscripting@1.8.0\Editor\VisualScripting.Core\Plugins\PluginContainer.cs:32 
  at Unity.VisualScripting.VSUsageUtility.DoInitializeOnLoadCalls () [0x00034] in C:\Users\Home\OneDrive\ドキュメント\GitHub\project2\project2\Spaceshooter\Library\PackageCache\com.unity.visualscripting@1.8.0\Editor\VisualScripting.Core\Utilities\VSUsageUtility.cs:76 
  at Unity.VisualScripting.VSUsageUtility.set_isVisualScriptingUsed (System.Boolean value) [0x0002c] in C:\Users\Home\OneDrive\ドキュメント\GitHub\project2\project2\Spaceshooter\Library\PackageCache\com.unity.visualscripting@1.8.0\Editor\VisualScripting.Core\Utilities\VSUsageUtility.cs:114 
  at Unity.VisualScripting.VSUsageUtility.CheckAndSetIsVisualScriptingUsed () [0x0000d] in C:\Users\Home\OneDrive\ドキュメント\GitHub\project2\project2\Spaceshooter\Library\PackageCache\com.unity.visualscripting@1.8.0\Editor\VisualScripting.Core\Utilities\VSUsageUtility.cs:33 
  at Unity.VisualScripting.VSUsageUtility..cctor () [0x00000] in C:\Users\Home\OneDrive\ドキュメント\GitHub\project2\project2\Spaceshooter\Library\PackageCache\com.unity.visualscripting@1.8.0\Editor\VisualScripting.Core\Utilities\VSUsageUtility.cs:22 
UnityEngine.StackTraceUtility:ExtractStackTrace ()
UnityEngine.DebugLogHandler:LogFormat (UnityEngine.LogType,UnityEngine.Object,string,object[])
UnityEngine.Logger:Log (UnityEngine.LogType,object)
UnityEngine.Debug:LogError (object)
UnityEditor.EditorAssemblies:ProcessInitializeOnLoadAttributes (System.Type[])

Mono: successfully reloaded assembly
- Completed reload, in  6.510 seconds
Domain Reload Profiling:
	ReloadAssembly (6512ms)
		BeginReloadAssembly (906ms)
			ExecutionOrderSort (0ms)
			DisableScriptedObjects (43ms)
			BackupInstance (0ms)
			ReleaseScriptingObjects (0ms)
			CreateAndSetChildDomain (348ms)
		EndReloadAssembly (5156ms)
			LoadAssemblies (545ms)
			RebuildTransferFunctionScriptingTraits (0ms)
			SetupTypeCache (1216ms)
			ReleaseScriptCaches (4ms)
			RebuildScriptCaches (227ms)
			SetupLoadedEditorAssemblies (2168ms)
				LogAssemblyErrors (0ms)
				InitializePlatformSupportModulesInManaged (106ms)
				SetLoadedEditorAssemblies (2ms)
				RefreshPlugins (5ms)
				BeforeProcessingInitializeOnLoad (366ms)
				ProcessInitializeOnLoadAttributes (1455ms)
				ProcessInitializeOnLoadMethodAttributes (186ms)
				AfterProcessingInitializeOnLoad (47ms)
				EditorAssembliesLoaded (0ms)
			ExecutionOrderSort2 (0ms)
			AwakeInstancesAfterBackupRestoration (57ms)
Platform modules already initialized, skipping
Refreshing native plugins compatible for Editor in 11.50 ms, found 4 plugins.
Preloading 0 native plugins for Editor in 0.00 ms.
Unloading 3832 Unused Serialized files (Serialized files now loaded: 0)
Unloading 23 unused Assets / (21.9 KB). Loaded Objects now: 4324.
Memory consumption went from 150.4 MB to 150.4 MB.
Total: 44.655900 ms (FindLiveObjects: 0.861000 ms CreateObjectMapping: 0.752900 ms MarkObjects: 42.968700 ms  DeleteObjects: 0.070700 ms)

AssetImportParameters requested are different than current active one (requested -> active):
  custom:video-decoder-ogg-theora: a1e56fd34408186e4bbccfd4996cb3dc -> 
  custom:container-muxer-webm: aa71ff27fc2769a1b78a27578f13a17b -> 
  custom:container-demuxer-webm: 4f35f7cbe854078d1ac9338744f61a02 -> 
  custom:video-encoder-webm-vp8: eb34c28f22e8b96e1ab97ce403110664 -> 
  custom:CustomObjectIndexerAttribute: bc11b3a6c3213fcdd17b65e7da85e133 -> 
  custom:audio-encoder-webm-vorbis: bf7c407c2cedff20999df2af8eb42d56 -> 
  custom:framework-win-MediaFoundation: 216162199b28c13a410421893ffa2e32 -> 
  custom:container-demuxer-ogg: 62fdf1f143b41e24485cea50d1cbac27 -> 
  custom:video-decoder-webm-vp8: 9c59270c3fd7afecdb556c50c9e8de78 -> 
  custom:audio-decoder-ogg-vorbis: bf7c407c2cedff20999df2af8eb42d56 -> 
========================================================================
Received Import Request.
  Time since last request: 1561.357564 seconds.
  path: Assets/Prefabs/Turrets/TurretEnemy.prefab
  artifactKey: Guid(9ae510bd3406a1944a6d8b670f819d10) Importer(815301076,1909f56bfc062723c751e8b465ee728b)
Start importing Assets/Prefabs/Turrets/TurretEnemy.prefab using Guid(9ae510bd3406a1944a6d8b670f819d10) Importer(815301076,1909f56bfc062723c751e8b465ee728b)  -> (artifact id: '5f9c076a48a8def2449359b277f86dcc') in 1.269573 seconds 
========================================================================
Received Import Request.
  Time since last request: 2755.337094 seconds.
  path: Assets/Scripts/Asteroid.asset
  artifactKey: Guid(0daeddadcdd95d44481ec870b50c3d9a) Importer(815301076,1909f56bfc062723c751e8b465ee728b)
Start importing Assets/Scripts/Asteroid.asset using Guid(0daeddadcdd95d44481ec870b50c3d9a) Importer(815301076,1909f56bfc062723c751e8b465ee728b)  -> (artifact id: '9ca2a059e1a948069e08c2446fe71c15') in 0.363796 seconds 
