Using pre-set license
Built from '2021.3/staging' branch; Version is '2021.3.29f1 (204d6dc9ae1c) revision 2116973'; Using compiler version '192829333'; Build Type 'Release'
OS: 'Windows 10  (10.0.19044) 64bit EnterpriseS' Language: 'ru' Physical Memory: 12171 MB
BatchMode: 1, IsHumanControllingUs: 0, StartBugReporterOnCrash: 0, Is64bit: 1, IsPro: 1

COMMAND LINE ARGUMENTS:
C:\Program Files\Unity\Hub\Editor\2021.3.29f1\Editor\Unity.exe
-adb2
-batchMode
-noUpm
-name
AssetImportWorker1
-projectPath
C:/Users/Home/OneDrive/ドキュメント/My project (4)
-logFile
Logs/AssetImportWorker1.log
-srvPort
52878
Successfully changed project path to: C:/Users/Home/OneDrive/ドキュメント/My project (4)
C:/Users/Home/OneDrive/ドキュメント/My project (4)
[UnityMemory] Configuration Parameters - Can be set up in boot.config
    "memorysetup-bucket-allocator-granularity=16"
    "memorysetup-bucket-allocator-bucket-count=8"
    "memorysetup-bucket-allocator-block-size=33554432"
    "memorysetup-bucket-allocator-block-count=8"
    "memorysetup-main-allocator-block-size=16777216"
    "memorysetup-thread-allocator-block-size=16777216"
    "memorysetup-gfx-main-allocator-block-size=16777216"
    "memorysetup-gfx-thread-allocator-block-size=16777216"
    "memorysetup-cache-allocator-block-size=4194304"
    "memorysetup-typetree-allocator-block-size=2097152"
    "memorysetup-profiler-bucket-allocator-granularity=16"
    "memorysetup-profiler-bucket-allocator-bucket-count=8"
    "memorysetup-profiler-bucket-allocator-block-size=33554432"
    "memorysetup-profiler-bucket-allocator-block-count=8"
    "memorysetup-profiler-allocator-block-size=16777216"
    "memorysetup-profiler-editor-allocator-block-size=1048576"
    "memorysetup-temp-allocator-size-main=16777216"
    "memorysetup-job-temp-allocator-block-size=2097152"
    "memorysetup-job-temp-allocator-block-size-background=1048576"
    "memorysetup-job-temp-allocator-reduction-small-platforms=262144"
    "memorysetup-temp-allocator-size-background-worker=32768"
    "memorysetup-temp-allocator-size-job-worker=262144"
    "memorysetup-temp-allocator-size-preload-manager=33554432"
    "memorysetup-temp-allocator-size-nav-mesh-worker=65536"
    "memorysetup-temp-allocator-size-audio-worker=65536"
    "memorysetup-temp-allocator-size-cloud-worker=32768"
    "memorysetup-temp-allocator-size-gi-baking-worker=262144"
    "memorysetup-temp-allocator-size-gfx=262144"
Player connection [14340] Host "[IP] 192.168.100.7 [Port] 0 [Flags] 2 [Guid] 2054869716 [EditorId] 2054869716 [Version] 1048832 [Id] WindowsEditor(7,DESKTOP-JD61II4) [Debug] 1 [PackageName] WindowsEditor [ProjectName] Editor" joined multi-casting on [225.0.0.222:54997]...

Player connection [14340] Host "[IP] 192.168.100.7 [Port] 0 [Flags] 2 [Guid] 2054869716 [EditorId] 2054869716 [Version] 1048832 [Id] WindowsEditor(7,DESKTOP-JD61II4) [Debug] 1 [PackageName] WindowsEditor [ProjectName] Editor" joined alternative multi-casting on [225.0.0.222:34997]...

Refreshing native plugins compatible for Editor in 206.39 ms, found 4 plugins.
Preloading 0 native plugins for Editor in 0.00 ms.
Initialize engine version: 2021.3.29f1 (204d6dc9ae1c)
[Subsystems] Discovering subsystems at path C:/Program Files/Unity/Hub/Editor/2021.3.29f1/Editor/Data/Resources/UnitySubsystems
[Subsystems] Discovering subsystems at path C:/Users/Home/OneDrive/ドキュメント/My project (4)/Assets
GfxDevice: creating device client; threaded=0; jobified=0
Direct3D:
    Version:  Direct3D 11.0 [level 11.0]
    Renderer: NVIDIA GeForce GT 750M (ID=0xfe4)
    Vendor:   NVIDIA
    VRAM:     4054 MB
    Driver:   25.21.14.2531
Initialize mono
Mono path[0] = 'C:/Program Files/Unity/Hub/Editor/2021.3.29f1/Editor/Data/Managed'
Mono path[1] = 'C:/Program Files/Unity/Hub/Editor/2021.3.29f1/Editor/Data/MonoBleedingEdge/lib/mono/unityjit-win32'
Mono config path = 'C:/Program Files/Unity/Hub/Editor/2021.3.29f1/Editor/Data/MonoBleedingEdge/etc'
Using monoOptions --debugger-agent=transport=dt_socket,embedding=1,server=y,suspend=n,address=127.0.0.1:56364
Begin MonoManager ReloadAssembly
Registering precompiled unity dll's ...
Register platform support module: C:/Program Files/Unity/Hub/Editor/2021.3.29f1/Editor/Data/PlaybackEngines/AndroidPlayer/UnityEditor.Android.Extensions.dll
Register platform support module: C:/Program Files/Unity/Hub/Editor/2021.3.29f1/Editor/Data/PlaybackEngines/WindowsStandaloneSupport/UnityEditor.WindowsStandalone.Extensions.dll
Registered in 0.026147 seconds.
Native extension for WindowsStandalone target not found
Native extension for Android target not found
Android Extension - Scanning For ADB Devices 636 ms
Refreshing native plugins compatible for Editor in 193.48 ms, found 4 plugins.
Preloading 0 native plugins for Editor in 0.00 ms.
Mono: successfully reloaded assembly
- Completed reload, in  2.288 seconds
Domain Reload Profiling:
	ReloadAssembly (2290ms)
		BeginReloadAssembly (203ms)
			ExecutionOrderSort (0ms)
			DisableScriptedObjects (0ms)
			BackupInstance (0ms)
			ReleaseScriptingObjects (0ms)
			CreateAndSetChildDomain (1ms)
		EndReloadAssembly (1837ms)
			LoadAssemblies (198ms)
			RebuildTransferFunctionScriptingTraits (0ms)
			SetupTypeCache (279ms)
			ReleaseScriptCaches (0ms)
			RebuildScriptCaches (61ms)
			SetupLoadedEditorAssemblies (1364ms)
				LogAssemblyErrors (0ms)
				InitializePlatformSupportModulesInManaged (833ms)
				SetLoadedEditorAssemblies (0ms)
				RefreshPlugins (194ms)
				BeforeProcessingInitializeOnLoad (3ms)
				ProcessInitializeOnLoadAttributes (193ms)
				ProcessInitializeOnLoadMethodAttributes (140ms)
				AfterProcessingInitializeOnLoad (0ms)
				EditorAssembliesLoaded (0ms)
			ExecutionOrderSort2 (0ms)
			AwakeInstancesAfterBackupRestoration (0ms)
Platform modules already initialized, skipping
Registering precompiled user dll's ...
Registered in 0.032253 seconds.
Begin MonoManager ReloadAssembly
Symbol file LoadedFromMemory doesn't match image C:\Users\Home\OneDrive\ドキュメント\My project (4)\Library\PackageCache\com.unity.visualscripting@1.8.0\Editor\VisualScripting.Core\Dependencies\YamlDotNet\Unity.VisualScripting.YamlDotNet.dll
Symbol file LoadedFromMemory doesn't match image C:\Users\Home\OneDrive\ドキュメント\My project (4)\Library\PackageCache\com.unity.visualscripting@1.8.0\Editor\VisualScripting.Core\Dependencies\DotNetZip\Unity.VisualScripting.IonicZip.dll
Native extension for WindowsStandalone target not found
Native extension for Android target not found
Refreshing native plugins compatible for Editor in 196.73 ms, found 4 plugins.
Preloading 0 native plugins for Editor in 0.00 ms.
System.Exception: Error! Visual Scripting: couldn't find visual scripting package
  at Unity.VisualScripting.PackageVersionUtility.get_version () [0x00043] in C:\Users\Home\OneDrive\ドキュメント\My project (4)\Library\PackageCache\com.unity.visualscripting@1.8.0\Editor\VisualScripting.Core\Utilities\PackageVersionUtility.cs:31 
  at Unity.VisualScripting.BoltCoreManifest.get_version () [0x00000] in C:\Users\Home\OneDrive\ドキュメント\My project (4)\Library\PackageCache\com.unity.visualscripting@1.8.0\Editor\VisualScripting.Core\Plugin\BoltCoreManifest.cs:11 
  at Unity.VisualScripting.PluginManifest.get_currentVersion () [0x00000] in C:\Users\Home\OneDrive\ドキュメント\My project (4)\Library\PackageCache\com.unity.visualscripting@1.8.0\Editor\VisualScripting.Core\Plugins\PluginManifest.cs:33 
  at Unity.VisualScripting.PluginManifest.get_versionMismatch () [0x00000] in C:\Users\Home\OneDrive\ドキュメント\My project (4)\Library\PackageCache\com.unity.visualscripting@1.8.0\Editor\VisualScripting.Core\Plugins\PluginManifest.cs:48 
  at Unity.VisualScripting.PluginContainer.Initialize () [0x00525] in C:\Users\Home\OneDrive\ドキュメント\My project (4)\Library\PackageCache\com.unity.visualscripting@1.8.0\Editor\VisualScripting.Core\Plugins\PluginContainer.cs:208 
  at Unity.VisualScripting.PluginContainer.InitializeOnLoad () [0x00009] in C:\Users\Home\OneDrive\ドキュメント\My project (4)\Library\PackageCache\com.unity.visualscripting@1.8.0\Editor\VisualScripting.Core\Plugins\PluginContainer.cs:32 
  at Unity.VisualScripting.VSUsageUtility.DoInitializeOnLoadCalls () [0x00034] in C:\Users\Home\OneDrive\ドキュメント\My project (4)\Library\PackageCache\com.unity.visualscripting@1.8.0\Editor\VisualScripting.Core\Utilities\VSUsageUtility.cs:76 
  at Unity.VisualScripting.VSUsageUtility.set_isVisualScriptingUsed (System.Boolean value) [0x0002c] in C:\Users\Home\OneDrive\ドキュメント\My project (4)\Library\PackageCache\com.unity.visualscripting@1.8.0\Editor\VisualScripting.Core\Utilities\VSUsageUtility.cs:114 
  at Unity.VisualScripting.VSUsageUtility.CheckAndSetIsVisualScriptingUsed () [0x00032] in C:\Users\Home\OneDrive\ドキュメント\My project (4)\Library\PackageCache\com.unity.visualscripting@1.8.0\Editor\VisualScripting.Core\Utilities\VSUsageUtility.cs:48 
  at Unity.VisualScripting.VSUsageUtility..cctor () [0x00000] in C:\Users\Home\OneDrive\ドキュメント\My project (4)\Library\PackageCache\com.unity.visualscripting@1.8.0\Editor\VisualScripting.Core\Utilities\VSUsageUtility.cs:22 
UnityEngine.StackTraceUtility:ExtractStackTrace ()
UnityEngine.DebugLogHandler:LogFormat (UnityEngine.LogType,UnityEngine.Object,string,object[])
UnityEngine.Logger:Log (UnityEngine.LogType,object)
UnityEngine.Debug:LogError (object)
UnityEditor.EditorAssemblies:ProcessInitializeOnLoadAttributes (System.Type[])

Mono: successfully reloaded assembly
- Completed reload, in  3.483 seconds
Domain Reload Profiling:
	ReloadAssembly (3485ms)
		BeginReloadAssembly (286ms)
			ExecutionOrderSort (0ms)
			DisableScriptedObjects (11ms)
			BackupInstance (0ms)
			ReleaseScriptingObjects (0ms)
			CreateAndSetChildDomain (39ms)
		EndReloadAssembly (2913ms)
			LoadAssemblies (248ms)
			RebuildTransferFunctionScriptingTraits (0ms)
			SetupTypeCache (520ms)
			ReleaseScriptCaches (1ms)
			RebuildScriptCaches (126ms)
			SetupLoadedEditorAssemblies (1908ms)
				LogAssemblyErrors (0ms)
				InitializePlatformSupportModulesInManaged (47ms)
				SetLoadedEditorAssemblies (0ms)
				RefreshPlugins (197ms)
				BeforeProcessingInitializeOnLoad (188ms)
				ProcessInitializeOnLoadAttributes (1356ms)
				ProcessInitializeOnLoadMethodAttributes (92ms)
				AfterProcessingInitializeOnLoad (28ms)
				EditorAssembliesLoaded (0ms)
			ExecutionOrderSort2 (0ms)
			AwakeInstancesAfterBackupRestoration (19ms)
Platform modules already initialized, skipping
========================================================================
Worker process is ready to serve import requests
Launched and connected shader compiler UnityShaderCompiler.exe after 0.08 seconds
Refreshing native plugins compatible for Editor in 1.76 ms, found 4 plugins.
Preloading 0 native plugins for Editor in 0.00 ms.
Unloading 3844 Unused Serialized files (Serialized files now loaded: 0)
Unloading 35 unused Assets / (46.3 KB). Loaded Objects now: 4307.
Memory consumption went from 150.2 MB to 150.1 MB.
Total: 27.389200 ms (FindLiveObjects: 0.522800 ms CreateObjectMapping: 0.589000 ms MarkObjects: 26.143000 ms  DeleteObjects: 0.132900 ms)

AssetImportParameters requested are different than current active one (requested -> active):
  custom:video-decoder-ogg-theora: a1e56fd34408186e4bbccfd4996cb3dc -> 
  custom:container-muxer-webm: aa71ff27fc2769a1b78a27578f13a17b -> 
  custom:container-demuxer-webm: 4f35f7cbe854078d1ac9338744f61a02 -> 
  custom:video-encoder-webm-vp8: eb34c28f22e8b96e1ab97ce403110664 -> 
  custom:CustomObjectIndexerAttribute: bc11b3a6c3213fcdd17b65e7da85e133 -> 
  custom:audio-encoder-webm-vorbis: bf7c407c2cedff20999df2af8eb42d56 -> 
  custom:framework-win-MediaFoundation: 216162199b28c13a410421893ffa2e32 -> 
  custom:container-demuxer-ogg: 62fdf1f143b41e24485cea50d1cbac27 -> 
  custom:video-decoder-webm-vp8: 9c59270c3fd7afecdb556c50c9e8de78 -> 
  custom:audio-decoder-ogg-vorbis: bf7c407c2cedff20999df2af8eb42d56 -> 
========================================================================
Received Import Request.
  Time since last request: 227613.866684 seconds.
  path: Assets/RoboSpacer Graphics/RoboSpacer Graphics/RoboSpacer Graphics/Bullets/BulletA_1.png
  artifactKey: Guid(6097c86bed4816a4ebb9094f23b07e4d) Importer(815301076,1909f56bfc062723c751e8b465ee728b)
Start importing Assets/RoboSpacer Graphics/RoboSpacer Graphics/RoboSpacer Graphics/Bullets/BulletA_1.png using Guid(6097c86bed4816a4ebb9094f23b07e4d) Importer(815301076,1909f56bfc062723c751e8b465ee728b)  -> (artifact id: 'f92a99055477342f2c31400e8b491f3d') in 0.208255 seconds 
========================================================================
Received Import Request.
  Time since last request: 0.000127 seconds.
  path: Assets/RoboSpacer Graphics/RoboSpacer Graphics/RoboSpacer Graphics/Bullets/BulletC_0.png
  artifactKey: Guid(34a254aedbb70054ca2aee0adb11549a) Importer(815301076,1909f56bfc062723c751e8b465ee728b)
Start importing Assets/RoboSpacer Graphics/RoboSpacer Graphics/RoboSpacer Graphics/Bullets/BulletC_0.png using Guid(34a254aedbb70054ca2aee0adb11549a) Importer(815301076,1909f56bfc062723c751e8b465ee728b)  -> (artifact id: '0cca4389ec37c8995f96388db462d624') in 0.057158 seconds 
========================================================================
Received Import Request.
  Time since last request: 0.000062 seconds.
  path: Assets/RoboSpacer Graphics/RoboSpacer Graphics/RoboSpacer Graphics/Bullets/BulletD_3.png
  artifactKey: Guid(52fc19cb788600040a459da6a97f4964) Importer(815301076,1909f56bfc062723c751e8b465ee728b)
Start importing Assets/RoboSpacer Graphics/RoboSpacer Graphics/RoboSpacer Graphics/Bullets/BulletD_3.png using Guid(52fc19cb788600040a459da6a97f4964) Importer(815301076,1909f56bfc062723c751e8b465ee728b)  -> (artifact id: 'c41f782c9d1cacb0fd38664e2c031d22') in 0.062285 seconds 
========================================================================
Received Import Request.
  Time since last request: 0.000040 seconds.
  path: Assets/RoboSpacer Graphics/RoboSpacer Graphics/RoboSpacer Graphics/Bullets/EnemyBulletA_0.png
  artifactKey: Guid(2da7c15973b124e408c41b5ad3a4ca4d) Importer(815301076,1909f56bfc062723c751e8b465ee728b)
Start importing Assets/RoboSpacer Graphics/RoboSpacer Graphics/RoboSpacer Graphics/Bullets/EnemyBulletA_0.png using Guid(2da7c15973b124e408c41b5ad3a4ca4d) Importer(815301076,1909f56bfc062723c751e8b465ee728b)  -> (artifact id: '07dc2de3bfe5f48a1a73dedf910daf26') in 0.050476 seconds 
========================================================================
Received Import Request.
  Time since last request: 0.000029 seconds.
  path: Assets/RoboSpacer Graphics/RoboSpacer Graphics/RoboSpacer Graphics/Bullets/BulletF_1.png
  artifactKey: Guid(e9f004a06e0bea74780bbb27f473cfe9) Importer(815301076,1909f56bfc062723c751e8b465ee728b)
Start importing Assets/RoboSpacer Graphics/RoboSpacer Graphics/RoboSpacer Graphics/Bullets/BulletF_1.png using Guid(e9f004a06e0bea74780bbb27f473cfe9) Importer(815301076,1909f56bfc062723c751e8b465ee728b)  -> (artifact id: '45845bf44208f4597f4a33d08635c6ca') in 0.073050 seconds 
========================================================================
Received Import Request.
  Time since last request: 0.000033 seconds.
  path: Assets/RoboSpacer Graphics/RoboSpacer Graphics/RoboSpacer Graphics/Bullets/BulletB_3.png
  artifactKey: Guid(a5034995a2f904e48b889d55b2817a37) Importer(815301076,1909f56bfc062723c751e8b465ee728b)
Start importing Assets/RoboSpacer Graphics/RoboSpacer Graphics/RoboSpacer Graphics/Bullets/BulletB_3.png using Guid(a5034995a2f904e48b889d55b2817a37) Importer(815301076,1909f56bfc062723c751e8b465ee728b)  -> (artifact id: '76737d5e681f66d39dacb158b74ef94d') in 0.066556 seconds 
========================================================================
Received Import Request.
  Time since last request: 0.000054 seconds.
  path: Assets/RoboSpacer Graphics/RoboSpacer Graphics/RoboSpacer Graphics/Bullets/BulletD_2.png
  artifactKey: Guid(707f819e51c40ee499476a08b7b198ea) Importer(815301076,1909f56bfc062723c751e8b465ee728b)
Start importing Assets/RoboSpacer Graphics/RoboSpacer Graphics/RoboSpacer Graphics/Bullets/BulletD_2.png using Guid(707f819e51c40ee499476a08b7b198ea) Importer(815301076,1909f56bfc062723c751e8b465ee728b)  -> (artifact id: 'e0a441ab9cf415662fcf6d6e1b566975') in 0.064736 seconds 
========================================================================
Received Import Request.
  Time since last request: 0.000036 seconds.
  path: Assets/RoboSpacer Graphics/RoboSpacer Graphics/RoboSpacer Graphics/Bullets/BulletD_0.png
  artifactKey: Guid(89f69f1bfc156b74f8d01a068b40b24e) Importer(815301076,1909f56bfc062723c751e8b465ee728b)
Start importing Assets/RoboSpacer Graphics/RoboSpacer Graphics/RoboSpacer Graphics/Bullets/BulletD_0.png using Guid(89f69f1bfc156b74f8d01a068b40b24e) Importer(815301076,1909f56bfc062723c751e8b465ee728b)  -> (artifact id: '69f362463f345750b2db95f04f8d623b') in 0.074319 seconds 
========================================================================
Received Import Request.
  Time since last request: 0.000038 seconds.
  path: Assets/RoboSpacer Graphics/RoboSpacer Graphics/RoboSpacer Graphics/Bullets/EnemyBulletA_1.png
  artifactKey: Guid(dabe04ec80a1f624f92e987ed57efef3) Importer(815301076,1909f56bfc062723c751e8b465ee728b)
Start importing Assets/RoboSpacer Graphics/RoboSpacer Graphics/RoboSpacer Graphics/Bullets/EnemyBulletA_1.png using Guid(dabe04ec80a1f624f92e987ed57efef3) Importer(815301076,1909f56bfc062723c751e8b465ee728b)  -> (artifact id: '619bd70cb7a2d966d6b393b6876c1e1d') in 0.066379 seconds 
========================================================================
Received Import Request.
  Time since last request: 0.025571 seconds.
  path: Assets/RoboSpacer Graphics/RoboSpacer Graphics/RoboSpacer Graphics/Effects/FlameA2.png
  artifactKey: Guid(6851889e77cc9f44890c17209dea0665) Importer(815301076,1909f56bfc062723c751e8b465ee728b)
Start importing Assets/RoboSpacer Graphics/RoboSpacer Graphics/RoboSpacer Graphics/Effects/FlameA2.png using Guid(6851889e77cc9f44890c17209dea0665) Importer(815301076,1909f56bfc062723c751e8b465ee728b)  -> (artifact id: 'c1dafbf214933462f5e7188f1e370a35') in 0.057180 seconds 
========================================================================
Received Import Request.
  Time since last request: 0.000030 seconds.
  path: Assets/RoboSpacer Graphics/RoboSpacer Graphics/RoboSpacer Graphics/Effects/ImpactA_0.png
  artifactKey: Guid(1673666fd17345a43ac7ee6223891c9c) Importer(815301076,1909f56bfc062723c751e8b465ee728b)
Start importing Assets/RoboSpacer Graphics/RoboSpacer Graphics/RoboSpacer Graphics/Effects/ImpactA_0.png using Guid(1673666fd17345a43ac7ee6223891c9c) Importer(815301076,1909f56bfc062723c751e8b465ee728b)  -> (artifact id: 'b2e60d106530ec368508b0cb306fe704') in 0.068823 seconds 
========================================================================
Received Import Request.
  Time since last request: 0.000040 seconds.
  path: Assets/RoboSpacer Graphics/RoboSpacer Graphics/RoboSpacer Graphics/Effects/MuzzleF_1.png
  artifactKey: Guid(86b630ccfb835724788b69515c8a39ac) Importer(815301076,1909f56bfc062723c751e8b465ee728b)
Start importing Assets/RoboSpacer Graphics/RoboSpacer Graphics/RoboSpacer Graphics/Effects/MuzzleF_1.png using Guid(86b630ccfb835724788b69515c8a39ac) Importer(815301076,1909f56bfc062723c751e8b465ee728b)  -> (artifact id: 'aea792c776dfd4298a8078e8f61a87d1') in 0.054515 seconds 
========================================================================
Received Import Request.
  Time since last request: 0.000040 seconds.
  path: Assets/RoboSpacer Graphics/RoboSpacer Graphics/RoboSpacer Graphics/Effects/MuzzleC_0.png
  artifactKey: Guid(3d8ab078e1f195647ab4cc19fed6b3fe) Importer(815301076,1909f56bfc062723c751e8b465ee728b)
Start importing Assets/RoboSpacer Graphics/RoboSpacer Graphics/RoboSpacer Graphics/Effects/MuzzleC_0.png using Guid(3d8ab078e1f195647ab4cc19fed6b3fe) Importer(815301076,1909f56bfc062723c751e8b465ee728b)  -> (artifact id: 'befa703842679a3b2387ecf049825210') in 0.062260 seconds 
========================================================================
Received Import Request.
  Time since last request: 0.000041 seconds.
  path: Assets/RoboSpacer Graphics/RoboSpacer Graphics/RoboSpacer Graphics/Effects/MuzzleF_0.png
  artifactKey: Guid(e128abd7a778d76498feee485c469c4a) Importer(815301076,1909f56bfc062723c751e8b465ee728b)
Start importing Assets/RoboSpacer Graphics/RoboSpacer Graphics/RoboSpacer Graphics/Effects/MuzzleF_0.png using Guid(e128abd7a778d76498feee485c469c4a) Importer(815301076,1909f56bfc062723c751e8b465ee728b)  -> (artifact id: '5834ce3e1455463048ec3aec0689a1d7') in 0.057456 seconds 
========================================================================
Received Import Request.
  Time since last request: 0.000028 seconds.
  path: Assets/RoboSpacer Graphics/RoboSpacer Graphics/RoboSpacer Graphics/Effects/MuzzleA_1.png
  artifactKey: Guid(bea7fcaf6e4a30d4f8644a93b401a547) Importer(815301076,1909f56bfc062723c751e8b465ee728b)
Start importing Assets/RoboSpacer Graphics/RoboSpacer Graphics/RoboSpacer Graphics/Effects/MuzzleA_1.png using Guid(bea7fcaf6e4a30d4f8644a93b401a547) Importer(815301076,1909f56bfc062723c751e8b465ee728b)  -> (artifact id: 'bff4df0a0365b6c51b727fcb34e53e94') in 0.053697 seconds 
========================================================================
Received Import Request.
  Time since last request: 0.000027 seconds.
  path: Assets/RoboSpacer Graphics/RoboSpacer Graphics/RoboSpacer Graphics/Effects/MuzzleC_1.png
  artifactKey: Guid(f521bf9fcccfd8243881e90f0894f372) Importer(815301076,1909f56bfc062723c751e8b465ee728b)
Start importing Assets/RoboSpacer Graphics/RoboSpacer Graphics/RoboSpacer Graphics/Effects/MuzzleC_1.png using Guid(f521bf9fcccfd8243881e90f0894f372) Importer(815301076,1909f56bfc062723c751e8b465ee728b)  -> (artifact id: 'f0fcad363012602735da40f268e87487') in 0.060327 seconds 
========================================================================
Received Import Request.
  Time since last request: 0.000046 seconds.
  path: Assets/RoboSpacer Graphics/RoboSpacer Graphics/RoboSpacer Graphics/Effects/ImpactA_5.png
  artifactKey: Guid(8e4a3482b5ae499428f7e3afc3aa1a6f) Importer(815301076,1909f56bfc062723c751e8b465ee728b)
Start importing Assets/RoboSpacer Graphics/RoboSpacer Graphics/RoboSpacer Graphics/Effects/ImpactA_5.png using Guid(8e4a3482b5ae499428f7e3afc3aa1a6f) Importer(815301076,1909f56bfc062723c751e8b465ee728b)  -> (artifact id: '7b1cfd63993bcf082420227a1fe5c85a') in 0.069404 seconds 
========================================================================
Received Import Request.
  Time since last request: 0.085531 seconds.
  path: Assets/RoboSpacer Graphics/RoboSpacer Graphics/RoboSpacer Graphics/Interface/Crosshair.png
  artifactKey: Guid(d2ee2c7006837ed4abf4685096f49342) Importer(815301076,1909f56bfc062723c751e8b465ee728b)
Start importing Assets/RoboSpacer Graphics/RoboSpacer Graphics/RoboSpacer Graphics/Interface/Crosshair.png using Guid(d2ee2c7006837ed4abf4685096f49342) Importer(815301076,1909f56bfc062723c751e8b465ee728b)  -> (artifact id: 'a05d16e336ec1bdcfea4a888b16f3c91') in 0.046773 seconds 
========================================================================
Received Import Request.
  Time since last request: 0.733308 seconds.
  path: Assets/RoboSpacer Graphics/RoboSpacer Graphics/RoboSpacer Graphics/Sounds/Checkpoint.wav
  artifactKey: Guid(2f6c1c2727ae3c74992556d4df34c9bb) Importer(815301076,1909f56bfc062723c751e8b465ee728b)
Start importing Assets/RoboSpacer Graphics/RoboSpacer Graphics/RoboSpacer Graphics/Sounds/Checkpoint.wav using Guid(2f6c1c2727ae3c74992556d4df34c9bb) Importer(815301076,1909f56bfc062723c751e8b465ee728b)  -> (artifact id: '1d599e205b4554309f4ee0212241a9f1') in 0.075776 seconds 
========================================================================
Received Import Request.
  Time since last request: 0.000060 seconds.
  path: Assets/RoboSpacer Graphics/RoboSpacer Graphics/RoboSpacer Graphics/Sounds/RoboGun3.wav
  artifactKey: Guid(b1acd0514439f5c498ae870aedc8e7b7) Importer(815301076,1909f56bfc062723c751e8b465ee728b)
Start importing Assets/RoboSpacer Graphics/RoboSpacer Graphics/RoboSpacer Graphics/Sounds/RoboGun3.wav using Guid(b1acd0514439f5c498ae870aedc8e7b7) Importer(815301076,1909f56bfc062723c751e8b465ee728b)  -> (artifact id: '39877744cf476af9e098f68a5bf5b7c9') in 0.038742 seconds 
========================================================================
Received Import Request.
  Time since last request: 0.000028 seconds.
  path: Assets/RoboSpacer Graphics/RoboSpacer Graphics/RoboSpacer Graphics/Sounds/ImpactA.wav
  artifactKey: Guid(ce6a7cbc516e02143aaaf26ab16b1e25) Importer(815301076,1909f56bfc062723c751e8b465ee728b)
Start importing Assets/RoboSpacer Graphics/RoboSpacer Graphics/RoboSpacer Graphics/Sounds/ImpactA.wav using Guid(ce6a7cbc516e02143aaaf26ab16b1e25) Importer(815301076,1909f56bfc062723c751e8b465ee728b)  -> (artifact id: '8fcc059f12e2416e1467b8beefa0a8e4') in 0.030405 seconds 
========================================================================
Received Import Request.
  Time since last request: 0.000029 seconds.
  path: Assets/RoboSpacer Graphics/RoboSpacer Graphics/RoboSpacer Graphics/Sounds/RoboGun5.wav
  artifactKey: Guid(4d74c05fe00621f47bb1b4125c9da284) Importer(815301076,1909f56bfc062723c751e8b465ee728b)
Start importing Assets/RoboSpacer Graphics/RoboSpacer Graphics/RoboSpacer Graphics/Sounds/RoboGun5.wav using Guid(4d74c05fe00621f47bb1b4125c9da284) Importer(815301076,1909f56bfc062723c751e8b465ee728b)  -> (artifact id: 'c28213317952e24ed0769623ad7af8d9') in 0.033952 seconds 
========================================================================
Received Import Request.
  Time since last request: 0.000040 seconds.
  path: Assets/RoboSpacer Graphics/RoboSpacer Graphics/RoboSpacer Graphics/Sounds/RoboGun0.wav
  artifactKey: Guid(8efad72865be75c4893f38f1bb79e3fd) Importer(815301076,1909f56bfc062723c751e8b465ee728b)
Start importing Assets/RoboSpacer Graphics/RoboSpacer Graphics/RoboSpacer Graphics/Sounds/RoboGun0.wav using Guid(8efad72865be75c4893f38f1bb79e3fd) Importer(815301076,1909f56bfc062723c751e8b465ee728b)  -> (artifact id: '03da8dbc964e4674686f2eb0f5002e53') in 0.031705 seconds 
========================================================================
Received Import Request.
  Time since last request: 0.000028 seconds.
  path: Assets/RoboSpacer Graphics/RoboSpacer Graphics/RoboSpacer Graphics/Sounds/sfx_weapon_singleshot3.wav
  artifactKey: Guid(ebbc8f3efef47b640bccec546a01c1b0) Importer(815301076,1909f56bfc062723c751e8b465ee728b)
Start importing Assets/RoboSpacer Graphics/RoboSpacer Graphics/RoboSpacer Graphics/Sounds/sfx_weapon_singleshot3.wav using Guid(ebbc8f3efef47b640bccec546a01c1b0) Importer(815301076,1909f56bfc062723c751e8b465ee728b)  -> (artifact id: '04939833df737176f3ef8b50a4dd97c4') in 0.030863 seconds 
========================================================================
Received Import Request.
  Time since last request: 0.000029 seconds.
  path: Assets/RoboSpacer Graphics/RoboSpacer Graphics/RoboSpacer Graphics/Sounds/Explosion3.wav
  artifactKey: Guid(d251effc04b3f3241bd70f17f04dd433) Importer(815301076,1909f56bfc062723c751e8b465ee728b)
Start importing Assets/RoboSpacer Graphics/RoboSpacer Graphics/RoboSpacer Graphics/Sounds/Explosion3.wav using Guid(d251effc04b3f3241bd70f17f04dd433) Importer(815301076,1909f56bfc062723c751e8b465ee728b)  -> (artifact id: '3d5d9ddf44f69ae4f9fd1e7fe9ac198c') in 0.033112 seconds 
========================================================================
Received Import Request.
  Time since last request: 0.000036 seconds.
  path: Assets/RoboSpacer Graphics/RoboSpacer Graphics/RoboSpacer Graphics/Sounds/Smoke3.wav
  artifactKey: Guid(2688f5cdc0854a34d938d2dee1ba639d) Importer(815301076,1909f56bfc062723c751e8b465ee728b)
Start importing Assets/RoboSpacer Graphics/RoboSpacer Graphics/RoboSpacer Graphics/Sounds/Smoke3.wav using Guid(2688f5cdc0854a34d938d2dee1ba639d) Importer(815301076,1909f56bfc062723c751e8b465ee728b)  -> (artifact id: '5137f549710c2d04ce0c47269a3a2c1f') in 0.026710 seconds 
========================================================================
Received Import Request.
  Time since last request: 0.430494 seconds.
  path: Assets/RoboSpacer Graphics/RoboSpacer Graphics/RoboSpacer Graphics/Tilemaps/AREA_WALL.png
  artifactKey: Guid(74f391389ce128e4e9c27d0ba8975f15) Importer(815301076,1909f56bfc062723c751e8b465ee728b)
Start importing Assets/RoboSpacer Graphics/RoboSpacer Graphics/RoboSpacer Graphics/Tilemaps/AREA_WALL.png using Guid(74f391389ce128e4e9c27d0ba8975f15) Importer(815301076,1909f56bfc062723c751e8b465ee728b)  -> (artifact id: 'f25cd83c5697deaf741f7f54a956598e') in 0.062825 seconds 
========================================================================
Received Import Request.
  Time since last request: 0.000065 seconds.
  path: Assets/RoboSpacer Graphics/RoboSpacer Graphics/RoboSpacer Graphics/Tilemaps/DUNGEON_BACK.png
  artifactKey: Guid(6abceb44a695d9a4193c36c54f4484ff) Importer(815301076,1909f56bfc062723c751e8b465ee728b)
Start importing Assets/RoboSpacer Graphics/RoboSpacer Graphics/RoboSpacer Graphics/Tilemaps/DUNGEON_BACK.png using Guid(6abceb44a695d9a4193c36c54f4484ff) Importer(815301076,1909f56bfc062723c751e8b465ee728b)  -> (artifact id: '31e6ac235dcf13173cf0d5f9eef3cb28') in 0.055559 seconds 
========================================================================
Received Import Request.
  Time since last request: 0.000039 seconds.
  path: Assets/RoboSpacer Graphics/RoboSpacer Graphics/RoboSpacer Graphics/Tilemaps/TEMPLE_WALL.png
  artifactKey: Guid(68927cc3cfb54014eb27b78413b1d8a1) Importer(815301076,1909f56bfc062723c751e8b465ee728b)
Start importing Assets/RoboSpacer Graphics/RoboSpacer Graphics/RoboSpacer Graphics/Tilemaps/TEMPLE_WALL.png using Guid(68927cc3cfb54014eb27b78413b1d8a1) Importer(815301076,1909f56bfc062723c751e8b465ee728b)  -> (artifact id: '7e7789ae19f0542ca03e26d671e63e88') in 0.063043 seconds 
========================================================================
Received Import Request.
  Time since last request: 0.000039 seconds.
  path: Assets/RoboSpacer Graphics/RoboSpacer Graphics/RoboSpacer Graphics/Tilemaps/CASTLE_WALL.png
  artifactKey: Guid(8afdaf086a79ce34bb61ed64dceed35c) Importer(815301076,1909f56bfc062723c751e8b465ee728b)
Start importing Assets/RoboSpacer Graphics/RoboSpacer Graphics/RoboSpacer Graphics/Tilemaps/CASTLE_WALL.png using Guid(8afdaf086a79ce34bb61ed64dceed35c) Importer(815301076,1909f56bfc062723c751e8b465ee728b)  -> (artifact id: 'dcfa18b6c5b90b67f51433c193eb7165') in 0.065487 seconds 
========================================================================
Received Import Request.
  Time since last request: 0.000029 seconds.
  path: Assets/RoboSpacer Graphics/RoboSpacer Graphics/RoboSpacer Graphics/Tilemaps/GENERIC_WALL.png
  artifactKey: Guid(cd5b8dc445e8bc947a692a13dd185fd5) Importer(815301076,1909f56bfc062723c751e8b465ee728b)
Start importing Assets/RoboSpacer Graphics/RoboSpacer Graphics/RoboSpacer Graphics/Tilemaps/GENERIC_WALL.png using Guid(cd5b8dc445e8bc947a692a13dd185fd5) Importer(815301076,1909f56bfc062723c751e8b465ee728b)  -> (artifact id: 'c7cfafd7cfa5ee0c2b1baadf5ad27c33') in 0.059901 seconds 
========================================================================
Received Import Request.
  Time since last request: 0.000048 seconds.
  path: Assets/RoboSpacer Graphics/RoboSpacer Graphics/RoboSpacer Graphics/Tilemaps/CASTLE_BACK.png
  artifactKey: Guid(f20993a6b99ef2d4992d40e1af1d174a) Importer(815301076,1909f56bfc062723c751e8b465ee728b)
Start importing Assets/RoboSpacer Graphics/RoboSpacer Graphics/RoboSpacer Graphics/Tilemaps/CASTLE_BACK.png using Guid(f20993a6b99ef2d4992d40e1af1d174a) Importer(815301076,1909f56bfc062723c751e8b465ee728b)  -> (artifact id: 'aadbc2369305313c00a4245bf681da93') in 0.053187 seconds 
========================================================================
Received Import Request.
  Time since last request: 0.000051 seconds.
  path: Assets/RoboSpacer Graphics/RoboSpacer Graphics/RoboSpacer Graphics/Tilemaps/CITY_WALL.png
  artifactKey: Guid(a0615d3988405dd4abd679578b0fc2fb) Importer(815301076,1909f56bfc062723c751e8b465ee728b)
Start importing Assets/RoboSpacer Graphics/RoboSpacer Graphics/RoboSpacer Graphics/Tilemaps/CITY_WALL.png using Guid(a0615d3988405dd4abd679578b0fc2fb) Importer(815301076,1909f56bfc062723c751e8b465ee728b)  -> (artifact id: 'e6616500029bbeb101b08640e17015f6') in 0.051952 seconds 
========================================================================
Received Import Request.
  Time since last request: 0.000036 seconds.
  path: Assets/RoboSpacer Graphics/RoboSpacer Graphics/RoboSpacer Graphics/Tilemaps/CITY_BACK.png
  artifactKey: Guid(a2a55e3b10bf5614b8f0f9e20f49c133) Importer(815301076,1909f56bfc062723c751e8b465ee728b)
Start importing Assets/RoboSpacer Graphics/RoboSpacer Graphics/RoboSpacer Graphics/Tilemaps/CITY_BACK.png using Guid(a2a55e3b10bf5614b8f0f9e20f49c133) Importer(815301076,1909f56bfc062723c751e8b465ee728b)  -> (artifact id: '20a401bdf2d666ae73324e993db83537') in 0.053280 seconds 
========================================================================
Received Import Request.
  Time since last request: 0.491176 seconds.
  path: Assets/RoboSpacer Graphics/RoboSpacer Graphics/RoboSpacer Graphics/Turrets/TurretB.png
  artifactKey: Guid(ca1939617de161147837f9ce25ac4261) Importer(815301076,1909f56bfc062723c751e8b465ee728b)
Start importing Assets/RoboSpacer Graphics/RoboSpacer Graphics/RoboSpacer Graphics/Turrets/TurretB.png using Guid(ca1939617de161147837f9ce25ac4261) Importer(815301076,1909f56bfc062723c751e8b465ee728b)  -> (artifact id: 'b0214560a54faf883973f1b3282d78ea') in 0.051055 seconds 
========================================================================
Received Import Request.
  Time since last request: 0.000029 seconds.
  path: Assets/RoboSpacer Graphics/RoboSpacer Graphics/RoboSpacer Graphics/Turrets/TurretF.png
  artifactKey: Guid(4b0594692a0dae847a1a73cd64789cad) Importer(815301076,1909f56bfc062723c751e8b465ee728b)
Start importing Assets/RoboSpacer Graphics/RoboSpacer Graphics/RoboSpacer Graphics/Turrets/TurretF.png using Guid(4b0594692a0dae847a1a73cd64789cad) Importer(815301076,1909f56bfc062723c751e8b465ee728b)  -> (artifact id: '76ea923fea6e7b105d17962475303a77') in 0.054792 seconds 
========================================================================
Received Import Request.
  Time since last request: 0.000035 seconds.
  path: Assets/RoboSpacer Graphics/RoboSpacer Graphics/RoboSpacer Graphics/Turrets/TurretE.png
  artifactKey: Guid(372cb6c12665a784d9dfa1834f6ca3ab) Importer(815301076,1909f56bfc062723c751e8b465ee728b)
Start importing Assets/RoboSpacer Graphics/RoboSpacer Graphics/RoboSpacer Graphics/Turrets/TurretE.png using Guid(372cb6c12665a784d9dfa1834f6ca3ab) Importer(815301076,1909f56bfc062723c751e8b465ee728b)  -> (artifact id: '575c6d18fcd9a270677a3aa741005d7c') in 0.056551 seconds 
========================================================================
Received Prepare
Registering precompiled user dll's ...
Registered in 0.035188 seconds.
Begin MonoManager ReloadAssembly
Symbol file LoadedFromMemory doesn't match image C:\Users\Home\OneDrive\ドキュメント\My project (4)\Library\PackageCache\com.unity.visualscripting@1.8.0\Editor\VisualScripting.Core\Dependencies\YamlDotNet\Unity.VisualScripting.YamlDotNet.dll
Symbol file LoadedFromMemory doesn't match image C:\Users\Home\OneDrive\ドキュメント\My project (4)\Library\PackageCache\com.unity.visualscripting@1.8.0\Editor\VisualScripting.Core\Dependencies\DotNetZip\Unity.VisualScripting.IonicZip.dll
Native extension for WindowsStandalone target not found
Native extension for Android target not found
Refreshing native plugins compatible for Editor in 1.22 ms, found 4 plugins.
Preloading 0 native plugins for Editor in 0.00 ms.
System.Exception: Error! Visual Scripting: couldn't find visual scripting package
  at Unity.VisualScripting.PackageVersionUtility.get_version () [0x00043] in C:\Users\Home\OneDrive\ドキュメント\My project (4)\Library\PackageCache\com.unity.visualscripting@1.8.0\Editor\VisualScripting.Core\Utilities\PackageVersionUtility.cs:31 
  at Unity.VisualScripting.BoltCoreManifest.get_version () [0x00000] in C:\Users\Home\OneDrive\ドキュメント\My project (4)\Library\PackageCache\com.unity.visualscripting@1.8.0\Editor\VisualScripting.Core\Plugin\BoltCoreManifest.cs:11 
  at Unity.VisualScripting.PluginManifest.get_currentVersion () [0x00000] in C:\Users\Home\OneDrive\ドキュメント\My project (4)\Library\PackageCache\com.unity.visualscripting@1.8.0\Editor\VisualScripting.Core\Plugins\PluginManifest.cs:33 
  at Unity.VisualScripting.PluginManifest.get_versionMismatch () [0x00000] in C:\Users\Home\OneDrive\ドキュメント\My project (4)\Library\PackageCache\com.unity.visualscripting@1.8.0\Editor\VisualScripting.Core\Plugins\PluginManifest.cs:48 
  at Unity.VisualScripting.PluginContainer.Initialize () [0x00525] in C:\Users\Home\OneDrive\ドキュメント\My project (4)\Library\PackageCache\com.unity.visualscripting@1.8.0\Editor\VisualScripting.Core\Plugins\PluginContainer.cs:208 
  at Unity.VisualScripting.PluginContainer.InitializeOnLoad () [0x00009] in C:\Users\Home\OneDrive\ドキュメント\My project (4)\Library\PackageCache\com.unity.visualscripting@1.8.0\Editor\VisualScripting.Core\Plugins\PluginContainer.cs:32 
  at Unity.VisualScripting.VSUsageUtility.DoInitializeOnLoadCalls () [0x00034] in C:\Users\Home\OneDrive\ドキュメント\My project (4)\Library\PackageCache\com.unity.visualscripting@1.8.0\Editor\VisualScripting.Core\Utilities\VSUsageUtility.cs:76 
  at Unity.VisualScripting.VSUsageUtility.set_isVisualScriptingUsed (System.Boolean value) [0x0002c] in C:\Users\Home\OneDrive\ドキュメント\My project (4)\Library\PackageCache\com.unity.visualscripting@1.8.0\Editor\VisualScripting.Core\Utilities\VSUsageUtility.cs:114 
  at Unity.VisualScripting.VSUsageUtility.CheckAndSetIsVisualScriptingUsed () [0x0000d] in C:\Users\Home\OneDrive\ドキュメント\My project (4)\Library\PackageCache\com.unity.visualscripting@1.8.0\Editor\VisualScripting.Core\Utilities\VSUsageUtility.cs:33 
  at Unity.VisualScripting.VSUsageUtility..cctor () [0x00000] in C:\Users\Home\OneDrive\ドキュメント\My project (4)\Library\PackageCache\com.unity.visualscripting@1.8.0\Editor\VisualScripting.Core\Utilities\VSUsageUtility.cs:22 
UnityEngine.StackTraceUtility:ExtractStackTrace ()
UnityEngine.DebugLogHandler:LogFormat (UnityEngine.LogType,UnityEngine.Object,string,object[])
UnityEngine.Logger:Log (UnityEngine.LogType,object)
UnityEngine.Debug:LogError (object)
UnityEditor.EditorAssemblies:ProcessInitializeOnLoadAttributes (System.Type[])

Mono: successfully reloaded assembly
- Completed reload, in  3.873 seconds
Domain Reload Profiling:
	ReloadAssembly (3874ms)
		BeginReloadAssembly (470ms)
			ExecutionOrderSort (0ms)
			DisableScriptedObjects (18ms)
			BackupInstance (0ms)
			ReleaseScriptingObjects (0ms)
			CreateAndSetChildDomain (103ms)
		EndReloadAssembly (3054ms)
			LoadAssemblies (319ms)
			RebuildTransferFunctionScriptingTraits (0ms)
			SetupTypeCache (692ms)
			ReleaseScriptCaches (3ms)
			RebuildScriptCaches (103ms)
			SetupLoadedEditorAssemblies (1385ms)
				LogAssemblyErrors (0ms)
				InitializePlatformSupportModulesInManaged (86ms)
				SetLoadedEditorAssemblies (1ms)
				RefreshPlugins (1ms)
				BeforeProcessingInitializeOnLoad (233ms)
				ProcessInitializeOnLoadAttributes (937ms)
				ProcessInitializeOnLoadMethodAttributes (94ms)
				AfterProcessingInitializeOnLoad (32ms)
				EditorAssembliesLoaded (0ms)
			ExecutionOrderSort2 (0ms)
			AwakeInstancesAfterBackupRestoration (22ms)
Platform modules already initialized, skipping
Refreshing native plugins compatible for Editor in 8.60 ms, found 4 plugins.
Preloading 0 native plugins for Editor in 0.00 ms.
Unloading 3832 Unused Serialized files (Serialized files now loaded: 0)
Unloading 22 unused Assets / (22.0 KB). Loaded Objects now: 4345.
Memory consumption went from 149.0 MB to 149.0 MB.
Total: 26.965600 ms (FindLiveObjects: 0.638300 ms CreateObjectMapping: 0.459600 ms MarkObjects: 25.813800 ms  DeleteObjects: 0.051700 ms)

AssetImportParameters requested are different than current active one (requested -> active):
  custom:video-decoder-ogg-theora: a1e56fd34408186e4bbccfd4996cb3dc -> 
  custom:container-muxer-webm: aa71ff27fc2769a1b78a27578f13a17b -> 
  custom:container-demuxer-webm: 4f35f7cbe854078d1ac9338744f61a02 -> 
  custom:video-encoder-webm-vp8: eb34c28f22e8b96e1ab97ce403110664 -> 
  custom:CustomObjectIndexerAttribute: bc11b3a6c3213fcdd17b65e7da85e133 -> 
  custom:audio-encoder-webm-vorbis: bf7c407c2cedff20999df2af8eb42d56 -> 
  custom:framework-win-MediaFoundation: 216162199b28c13a410421893ffa2e32 -> 
  custom:container-demuxer-ogg: 62fdf1f143b41e24485cea50d1cbac27 -> 
  custom:video-decoder-webm-vp8: 9c59270c3fd7afecdb556c50c9e8de78 -> 
  custom:audio-decoder-ogg-vorbis: bf7c407c2cedff20999df2af8eb42d56 -> 
========================================================================
Received Prepare
Registering precompiled user dll's ...
Registered in 0.020152 seconds.
Begin MonoManager ReloadAssembly
Symbol file LoadedFromMemory doesn't match image C:\Users\Home\OneDrive\ドキュメント\My project (4)\Library\PackageCache\com.unity.visualscripting@1.8.0\Editor\VisualScripting.Core\Dependencies\YamlDotNet\Unity.VisualScripting.YamlDotNet.dll
Symbol file LoadedFromMemory doesn't match image C:\Users\Home\OneDrive\ドキュメント\My project (4)\Library\PackageCache\com.unity.visualscripting@1.8.0\Editor\VisualScripting.Core\Dependencies\DotNetZip\Unity.VisualScripting.IonicZip.dll
Native extension for WindowsStandalone target not found
Native extension for Android target not found
Refreshing native plugins compatible for Editor in 1.18 ms, found 4 plugins.
Preloading 0 native plugins for Editor in 0.00 ms.
System.Exception: Error! Visual Scripting: couldn't find visual scripting package
  at Unity.VisualScripting.PackageVersionUtility.get_version () [0x00043] in C:\Users\Home\OneDrive\ドキュメント\My project (4)\Library\PackageCache\com.unity.visualscripting@1.8.0\Editor\VisualScripting.Core\Utilities\PackageVersionUtility.cs:31 
  at Unity.VisualScripting.BoltCoreManifest.get_version () [0x00000] in C:\Users\Home\OneDrive\ドキュメント\My project (4)\Library\PackageCache\com.unity.visualscripting@1.8.0\Editor\VisualScripting.Core\Plugin\BoltCoreManifest.cs:11 
  at Unity.VisualScripting.PluginManifest.get_currentVersion () [0x00000] in C:\Users\Home\OneDrive\ドキュメント\My project (4)\Library\PackageCache\com.unity.visualscripting@1.8.0\Editor\VisualScripting.Core\Plugins\PluginManifest.cs:33 
  at Unity.VisualScripting.PluginManifest.get_versionMismatch () [0x00000] in C:\Users\Home\OneDrive\ドキュメント\My project (4)\Library\PackageCache\com.unity.visualscripting@1.8.0\Editor\VisualScripting.Core\Plugins\PluginManifest.cs:48 
  at Unity.VisualScripting.PluginContainer.Initialize () [0x00525] in C:\Users\Home\OneDrive\ドキュメント\My project (4)\Library\PackageCache\com.unity.visualscripting@1.8.0\Editor\VisualScripting.Core\Plugins\PluginContainer.cs:208 
  at Unity.VisualScripting.PluginContainer.InitializeOnLoad () [0x00009] in C:\Users\Home\OneDrive\ドキュメント\My project (4)\Library\PackageCache\com.unity.visualscripting@1.8.0\Editor\VisualScripting.Core\Plugins\PluginContainer.cs:32 
  at Unity.VisualScripting.VSUsageUtility.DoInitializeOnLoadCalls () [0x00034] in C:\Users\Home\OneDrive\ドキュメント\My project (4)\Library\PackageCache\com.unity.visualscripting@1.8.0\Editor\VisualScripting.Core\Utilities\VSUsageUtility.cs:76 
  at Unity.VisualScripting.VSUsageUtility.set_isVisualScriptingUsed (System.Boolean value) [0x0002c] in C:\Users\Home\OneDrive\ドキュメント\My project (4)\Library\PackageCache\com.unity.visualscripting@1.8.0\Editor\VisualScripting.Core\Utilities\VSUsageUtility.cs:114 
  at Unity.VisualScripting.VSUsageUtility.CheckAndSetIsVisualScriptingUsed () [0x0000d] in C:\Users\Home\OneDrive\ドキュメント\My project (4)\Library\PackageCache\com.unity.visualscripting@1.8.0\Editor\VisualScripting.Core\Utilities\VSUsageUtility.cs:33 
  at Unity.VisualScripting.VSUsageUtility..cctor () [0x00000] in C:\Users\Home\OneDrive\ドキュメント\My project (4)\Library\PackageCache\com.unity.visualscripting@1.8.0\Editor\VisualScripting.Core\Utilities\VSUsageUtility.cs:22 
UnityEngine.StackTraceUtility:ExtractStackTrace ()
UnityEngine.DebugLogHandler:LogFormat (UnityEngine.LogType,UnityEngine.Object,string,object[])
UnityEngine.Logger:Log (UnityEngine.LogType,object)
UnityEngine.Debug:LogError (object)
UnityEditor.EditorAssemblies:ProcessInitializeOnLoadAttributes (System.Type[])

Mono: successfully reloaded assembly
- Completed reload, in  3.711 seconds
Domain Reload Profiling:
	ReloadAssembly (3712ms)
		BeginReloadAssembly (438ms)
			ExecutionOrderSort (0ms)
			DisableScriptedObjects (20ms)
			BackupInstance (0ms)
			ReleaseScriptingObjects (0ms)
			CreateAndSetChildDomain (100ms)
		EndReloadAssembly (3013ms)
			LoadAssemblies (292ms)
			RebuildTransferFunctionScriptingTraits (0ms)
			SetupTypeCache (634ms)
			ReleaseScriptCaches (3ms)
			RebuildScriptCaches (115ms)
			SetupLoadedEditorAssemblies (1313ms)
				LogAssemblyErrors (0ms)
				InitializePlatformSupportModulesInManaged (52ms)
				SetLoadedEditorAssemblies (1ms)
				RefreshPlugins (1ms)
				BeforeProcessingInitializeOnLoad (238ms)
				ProcessInitializeOnLoadAttributes (900ms)
				ProcessInitializeOnLoadMethodAttributes (94ms)
				AfterProcessingInitializeOnLoad (27ms)
				EditorAssembliesLoaded (0ms)
			ExecutionOrderSort2 (0ms)
			AwakeInstancesAfterBackupRestoration (21ms)
Platform modules already initialized, skipping
Refreshing native plugins compatible for Editor in 8.68 ms, found 4 plugins.
Preloading 0 native plugins for Editor in 0.00 ms.
Unloading 3832 Unused Serialized files (Serialized files now loaded: 0)
Unloading 22 unused Assets / (22.0 KB). Loaded Objects now: 4349.
Memory consumption went from 149.0 MB to 149.0 MB.
Total: 27.204300 ms (FindLiveObjects: 0.458100 ms CreateObjectMapping: 0.443900 ms MarkObjects: 26.255400 ms  DeleteObjects: 0.045300 ms)

AssetImportParameters requested are different than current active one (requested -> active):
  custom:video-decoder-ogg-theora: a1e56fd34408186e4bbccfd4996cb3dc -> 
  custom:container-muxer-webm: aa71ff27fc2769a1b78a27578f13a17b -> 
  custom:container-demuxer-webm: 4f35f7cbe854078d1ac9338744f61a02 -> 
  custom:video-encoder-webm-vp8: eb34c28f22e8b96e1ab97ce403110664 -> 
  custom:CustomObjectIndexerAttribute: bc11b3a6c3213fcdd17b65e7da85e133 -> 
  custom:audio-encoder-webm-vorbis: bf7c407c2cedff20999df2af8eb42d56 -> 
  custom:framework-win-MediaFoundation: 216162199b28c13a410421893ffa2e32 -> 
  custom:container-demuxer-ogg: 62fdf1f143b41e24485cea50d1cbac27 -> 
  custom:video-decoder-webm-vp8: 9c59270c3fd7afecdb556c50c9e8de78 -> 
  custom:audio-decoder-ogg-vorbis: bf7c407c2cedff20999df2af8eb42d56 -> 
========================================================================
Received Prepare
Registering precompiled user dll's ...
Registered in 0.026751 seconds.
Begin MonoManager ReloadAssembly
Symbol file LoadedFromMemory doesn't match image C:\Users\Home\OneDrive\ドキュメント\My project (4)\Library\PackageCache\com.unity.visualscripting@1.8.0\Editor\VisualScripting.Core\Dependencies\YamlDotNet\Unity.VisualScripting.YamlDotNet.dll
Symbol file LoadedFromMemory doesn't match image C:\Users\Home\OneDrive\ドキュメント\My project (4)\Library\PackageCache\com.unity.visualscripting@1.8.0\Editor\VisualScripting.Core\Dependencies\DotNetZip\Unity.VisualScripting.IonicZip.dll
Native extension for WindowsStandalone target not found
Native extension for Android target not found
Refreshing native plugins compatible for Editor in 1.28 ms, found 4 plugins.
Preloading 0 native plugins for Editor in 0.00 ms.
System.Exception: Error! Visual Scripting: couldn't find visual scripting package
  at Unity.VisualScripting.PackageVersionUtility.get_version () [0x00043] in C:\Users\Home\OneDrive\ドキュメント\My project (4)\Library\PackageCache\com.unity.visualscripting@1.8.0\Editor\VisualScripting.Core\Utilities\PackageVersionUtility.cs:31 
  at Unity.VisualScripting.BoltCoreManifest.get_version () [0x00000] in C:\Users\Home\OneDrive\ドキュメント\My project (4)\Library\PackageCache\com.unity.visualscripting@1.8.0\Editor\VisualScripting.Core\Plugin\BoltCoreManifest.cs:11 
  at Unity.VisualScripting.PluginManifest.get_currentVersion () [0x00000] in C:\Users\Home\OneDrive\ドキュメント\My project (4)\Library\PackageCache\com.unity.visualscripting@1.8.0\Editor\VisualScripting.Core\Plugins\PluginManifest.cs:33 
  at Unity.VisualScripting.PluginManifest.get_versionMismatch () [0x00000] in C:\Users\Home\OneDrive\ドキュメント\My project (4)\Library\PackageCache\com.unity.visualscripting@1.8.0\Editor\VisualScripting.Core\Plugins\PluginManifest.cs:48 
  at Unity.VisualScripting.PluginContainer.Initialize () [0x00525] in C:\Users\Home\OneDrive\ドキュメント\My project (4)\Library\PackageCache\com.unity.visualscripting@1.8.0\Editor\VisualScripting.Core\Plugins\PluginContainer.cs:208 
  at Unity.VisualScripting.PluginContainer.InitializeOnLoad () [0x00009] in C:\Users\Home\OneDrive\ドキュメント\My project (4)\Library\PackageCache\com.unity.visualscripting@1.8.0\Editor\VisualScripting.Core\Plugins\PluginContainer.cs:32 
  at Unity.VisualScripting.VSUsageUtility.DoInitializeOnLoadCalls () [0x00034] in C:\Users\Home\OneDrive\ドキュメント\My project (4)\Library\PackageCache\com.unity.visualscripting@1.8.0\Editor\VisualScripting.Core\Utilities\VSUsageUtility.cs:76 
  at Unity.VisualScripting.VSUsageUtility.set_isVisualScriptingUsed (System.Boolean value) [0x0002c] in C:\Users\Home\OneDrive\ドキュメント\My project (4)\Library\PackageCache\com.unity.visualscripting@1.8.0\Editor\VisualScripting.Core\Utilities\VSUsageUtility.cs:114 
  at Unity.VisualScripting.VSUsageUtility.CheckAndSetIsVisualScriptingUsed () [0x0000d] in C:\Users\Home\OneDrive\ドキュメント\My project (4)\Library\PackageCache\com.unity.visualscripting@1.8.0\Editor\VisualScripting.Core\Utilities\VSUsageUtility.cs:33 
  at Unity.VisualScripting.VSUsageUtility..cctor () [0x00000] in C:\Users\Home\OneDrive\ドキュメント\My project (4)\Library\PackageCache\com.unity.visualscripting@1.8.0\Editor\VisualScripting.Core\Utilities\VSUsageUtility.cs:22 
UnityEngine.StackTraceUtility:ExtractStackTrace ()
UnityEngine.DebugLogHandler:LogFormat (UnityEngine.LogType,UnityEngine.Object,string,object[])
UnityEngine.Logger:Log (UnityEngine.LogType,object)
UnityEngine.Debug:LogError (object)
UnityEditor.EditorAssemblies:ProcessInitializeOnLoadAttributes (System.Type[])

Mono: successfully reloaded assembly
- Completed reload, in  3.999 seconds
Domain Reload Profiling:
	ReloadAssembly (4000ms)
		BeginReloadAssembly (449ms)
			ExecutionOrderSort (0ms)
			DisableScriptedObjects (18ms)
			BackupInstance (0ms)
			ReleaseScriptingObjects (0ms)
			CreateAndSetChildDomain (94ms)
		EndReloadAssembly (3230ms)
			LoadAssemblies (324ms)
			RebuildTransferFunctionScriptingTraits (0ms)
			SetupTypeCache (733ms)
			ReleaseScriptCaches (3ms)
			RebuildScriptCaches (93ms)
			SetupLoadedEditorAssemblies (1437ms)
				LogAssemblyErrors (0ms)
				InitializePlatformSupportModulesInManaged (65ms)
				SetLoadedEditorAssemblies (1ms)
				RefreshPlugins (1ms)
				BeforeProcessingInitializeOnLoad (258ms)
				ProcessInitializeOnLoadAttributes (971ms)
				ProcessInitializeOnLoadMethodAttributes (108ms)
				AfterProcessingInitializeOnLoad (33ms)
				EditorAssembliesLoaded (0ms)
			ExecutionOrderSort2 (0ms)
			AwakeInstancesAfterBackupRestoration (23ms)
Platform modules already initialized, skipping
Refreshing native plugins compatible for Editor in 7.00 ms, found 4 plugins.
Preloading 0 native plugins for Editor in 0.00 ms.
Unloading 3832 Unused Serialized files (Serialized files now loaded: 0)
Unloading 22 unused Assets / (22.0 KB). Loaded Objects now: 4353.
Memory consumption went from 149.0 MB to 149.0 MB.
Total: 27.940200 ms (FindLiveObjects: 0.463900 ms CreateObjectMapping: 0.537300 ms MarkObjects: 26.890500 ms  DeleteObjects: 0.046800 ms)

AssetImportParameters requested are different than current active one (requested -> active):
  custom:video-decoder-ogg-theora: a1e56fd34408186e4bbccfd4996cb3dc -> 
  custom:container-muxer-webm: aa71ff27fc2769a1b78a27578f13a17b -> 
  custom:container-demuxer-webm: 4f35f7cbe854078d1ac9338744f61a02 -> 
  custom:video-encoder-webm-vp8: eb34c28f22e8b96e1ab97ce403110664 -> 
  custom:CustomObjectIndexerAttribute: bc11b3a6c3213fcdd17b65e7da85e133 -> 
  custom:audio-encoder-webm-vorbis: bf7c407c2cedff20999df2af8eb42d56 -> 
  custom:framework-win-MediaFoundation: 216162199b28c13a410421893ffa2e32 -> 
  custom:container-demuxer-ogg: 62fdf1f143b41e24485cea50d1cbac27 -> 
  custom:video-decoder-webm-vp8: 9c59270c3fd7afecdb556c50c9e8de78 -> 
  custom:audio-decoder-ogg-vorbis: bf7c407c2cedff20999df2af8eb42d56 -> 
========================================================================
Received Prepare
Registering precompiled user dll's ...
Registered in 0.021814 seconds.
Begin MonoManager ReloadAssembly
Symbol file LoadedFromMemory doesn't match image C:\Users\Home\OneDrive\ドキュメント\My project (4)\Library\PackageCache\com.unity.visualscripting@1.8.0\Editor\VisualScripting.Core\Dependencies\YamlDotNet\Unity.VisualScripting.YamlDotNet.dll
Symbol file LoadedFromMemory doesn't match image C:\Users\Home\OneDrive\ドキュメント\My project (4)\Library\PackageCache\com.unity.visualscripting@1.8.0\Editor\VisualScripting.Core\Dependencies\DotNetZip\Unity.VisualScripting.IonicZip.dll
Native extension for WindowsStandalone target not found
Native extension for Android target not found
Refreshing native plugins compatible for Editor in 1.41 ms, found 4 plugins.
Preloading 0 native plugins for Editor in 0.00 ms.
System.Exception: Error! Visual Scripting: couldn't find visual scripting package
  at Unity.VisualScripting.PackageVersionUtility.get_version () [0x00043] in C:\Users\Home\OneDrive\ドキュメント\My project (4)\Library\PackageCache\com.unity.visualscripting@1.8.0\Editor\VisualScripting.Core\Utilities\PackageVersionUtility.cs:31 
  at Unity.VisualScripting.BoltCoreManifest.get_version () [0x00000] in C:\Users\Home\OneDrive\ドキュメント\My project (4)\Library\PackageCache\com.unity.visualscripting@1.8.0\Editor\VisualScripting.Core\Plugin\BoltCoreManifest.cs:11 
  at Unity.VisualScripting.PluginManifest.get_currentVersion () [0x00000] in C:\Users\Home\OneDrive\ドキュメント\My project (4)\Library\PackageCache\com.unity.visualscripting@1.8.0\Editor\VisualScripting.Core\Plugins\PluginManifest.cs:33 
  at Unity.VisualScripting.PluginManifest.get_versionMismatch () [0x00000] in C:\Users\Home\OneDrive\ドキュメント\My project (4)\Library\PackageCache\com.unity.visualscripting@1.8.0\Editor\VisualScripting.Core\Plugins\PluginManifest.cs:48 
  at Unity.VisualScripting.PluginContainer.Initialize () [0x00525] in C:\Users\Home\OneDrive\ドキュメント\My project (4)\Library\PackageCache\com.unity.visualscripting@1.8.0\Editor\VisualScripting.Core\Plugins\PluginContainer.cs:208 
  at Unity.VisualScripting.PluginContainer.InitializeOnLoad () [0x00009] in C:\Users\Home\OneDrive\ドキュメント\My project (4)\Library\PackageCache\com.unity.visualscripting@1.8.0\Editor\VisualScripting.Core\Plugins\PluginContainer.cs:32 
  at Unity.VisualScripting.VSUsageUtility.DoInitializeOnLoadCalls () [0x00034] in C:\Users\Home\OneDrive\ドキュメント\My project (4)\Library\PackageCache\com.unity.visualscripting@1.8.0\Editor\VisualScripting.Core\Utilities\VSUsageUtility.cs:76 
  at Unity.VisualScripting.VSUsageUtility.set_isVisualScriptingUsed (System.Boolean value) [0x0002c] in C:\Users\Home\OneDrive\ドキュメント\My project (4)\Library\PackageCache\com.unity.visualscripting@1.8.0\Editor\VisualScripting.Core\Utilities\VSUsageUtility.cs:114 
  at Unity.VisualScripting.VSUsageUtility.CheckAndSetIsVisualScriptingUsed () [0x0000d] in C:\Users\Home\OneDrive\ドキュメント\My project (4)\Library\PackageCache\com.unity.visualscripting@1.8.0\Editor\VisualScripting.Core\Utilities\VSUsageUtility.cs:33 
  at Unity.VisualScripting.VSUsageUtility..cctor () [0x00000] in C:\Users\Home\OneDrive\ドキュメント\My project (4)\Library\PackageCache\com.unity.visualscripting@1.8.0\Editor\VisualScripting.Core\Utilities\VSUsageUtility.cs:22 
UnityEngine.StackTraceUtility:ExtractStackTrace ()
UnityEngine.DebugLogHandler:LogFormat (UnityEngine.LogType,UnityEngine.Object,string,object[])
UnityEngine.Logger:Log (UnityEngine.LogType,object)
UnityEngine.Debug:LogError (object)
UnityEditor.EditorAssemblies:ProcessInitializeOnLoadAttributes (System.Type[])

Mono: successfully reloaded assembly
- Completed reload, in  3.853 seconds
Domain Reload Profiling:
	ReloadAssembly (3855ms)
		BeginReloadAssembly (483ms)
			ExecutionOrderSort (0ms)
			DisableScriptedObjects (27ms)
			BackupInstance (0ms)
			ReleaseScriptingObjects (0ms)
			CreateAndSetChildDomain (106ms)
		EndReloadAssembly (3052ms)
			LoadAssemblies (316ms)
			RebuildTransferFunctionScriptingTraits (0ms)
			SetupTypeCache (677ms)
			ReleaseScriptCaches (3ms)
			RebuildScriptCaches (121ms)
			SetupLoadedEditorAssemblies (1351ms)
				LogAssemblyErrors (0ms)
				InitializePlatformSupportModulesInManaged (76ms)
				SetLoadedEditorAssemblies (2ms)
				RefreshPlugins (2ms)
				BeforeProcessingInitializeOnLoad (254ms)
				ProcessInitializeOnLoadAttributes (880ms)
				ProcessInitializeOnLoadMethodAttributes (105ms)
				AfterProcessingInitializeOnLoad (32ms)
				EditorAssembliesLoaded (0ms)
			ExecutionOrderSort2 (0ms)
			AwakeInstancesAfterBackupRestoration (35ms)
Platform modules already initialized, skipping
Refreshing native plugins compatible for Editor in 6.66 ms, found 4 plugins.
Preloading 0 native plugins for Editor in 0.00 ms.
Unloading 3832 Unused Serialized files (Serialized files now loaded: 0)
Unloading 22 unused Assets / (22.0 KB). Loaded Objects now: 4357.
Memory consumption went from 149.0 MB to 149.0 MB.
Total: 32.031000 ms (FindLiveObjects: 0.767900 ms CreateObjectMapping: 0.281900 ms MarkObjects: 30.920800 ms  DeleteObjects: 0.058200 ms)

AssetImportParameters requested are different than current active one (requested -> active):
  custom:video-decoder-ogg-theora: a1e56fd34408186e4bbccfd4996cb3dc -> 
  custom:container-muxer-webm: aa71ff27fc2769a1b78a27578f13a17b -> 
  custom:container-demuxer-webm: 4f35f7cbe854078d1ac9338744f61a02 -> 
  custom:video-encoder-webm-vp8: eb34c28f22e8b96e1ab97ce403110664 -> 
  custom:CustomObjectIndexerAttribute: bc11b3a6c3213fcdd17b65e7da85e133 -> 
  custom:audio-encoder-webm-vorbis: bf7c407c2cedff20999df2af8eb42d56 -> 
  custom:framework-win-MediaFoundation: 216162199b28c13a410421893ffa2e32 -> 
  custom:container-demuxer-ogg: 62fdf1f143b41e24485cea50d1cbac27 -> 
  custom:video-decoder-webm-vp8: 9c59270c3fd7afecdb556c50c9e8de78 -> 
  custom:audio-decoder-ogg-vorbis: bf7c407c2cedff20999df2af8eb42d56 -> 
