Using pre-set license
Built from '2021.3/staging' branch; Version is '2021.3.29f1 (204d6dc9ae1c) revision 2116973'; Using compiler version '192829333'; Build Type 'Release'
OS: 'Windows 10  (10.0.19044) 64bit EnterpriseS' Language: 'ru' Physical Memory: 12171 MB
BatchMode: 1, IsHumanControllingUs: 0, StartBugReporterOnCrash: 0, Is64bit: 1, IsPro: 1

COMMAND LINE ARGUMENTS:
C:\Program Files\Unity\Hub\Editor\2021.3.29f1\Editor\Unity.exe
-adb2
-batchMode
-noUpm
-name
AssetImportWorker0
-projectPath
C:/Users/Home/OneDrive/ドキュメント/GitHub/project2/project2/Spaceshooter
-logFile
Logs/AssetImportWorker0.log
-srvPort
50305
Successfully changed project path to: C:/Users/Home/OneDrive/ドキュメント/GitHub/project2/project2/Spaceshooter
C:/Users/Home/OneDrive/ドキュメント/GitHub/project2/project2/Spaceshooter
[UnityMemory] Configuration Parameters - Can be set up in boot.config
    "memorysetup-bucket-allocator-granularity=16"
    "memorysetup-bucket-allocator-bucket-count=8"
    "memorysetup-bucket-allocator-block-size=33554432"
    "memorysetup-bucket-allocator-block-count=8"
    "memorysetup-main-allocator-block-size=16777216"
    "memorysetup-thread-allocator-block-size=16777216"
    "memorysetup-gfx-main-allocator-block-size=16777216"
    "memorysetup-gfx-thread-allocator-block-size=16777216"
    "memorysetup-cache-allocator-block-size=4194304"
    "memorysetup-typetree-allocator-block-size=2097152"
    "memorysetup-profiler-bucket-allocator-granularity=16"
    "memorysetup-profiler-bucket-allocator-bucket-count=8"
    "memorysetup-profiler-bucket-allocator-block-size=33554432"
    "memorysetup-profiler-bucket-allocator-block-count=8"
    "memorysetup-profiler-allocator-block-size=16777216"
    "memorysetup-profiler-editor-allocator-block-size=1048576"
    "memorysetup-temp-allocator-size-main=16777216"
    "memorysetup-job-temp-allocator-block-size=2097152"
    "memorysetup-job-temp-allocator-block-size-background=1048576"
    "memorysetup-job-temp-allocator-reduction-small-platforms=262144"
    "memorysetup-temp-allocator-size-background-worker=32768"
    "memorysetup-temp-allocator-size-job-worker=262144"
    "memorysetup-temp-allocator-size-preload-manager=33554432"
    "memorysetup-temp-allocator-size-nav-mesh-worker=65536"
    "memorysetup-temp-allocator-size-audio-worker=65536"
    "memorysetup-temp-allocator-size-cloud-worker=32768"
    "memorysetup-temp-allocator-size-gi-baking-worker=262144"
    "memorysetup-temp-allocator-size-gfx=262144"
Player connection [13024] Host "[IP] 192.168.100.7 [Port] 0 [Flags] 2 [Guid] 1119778520 [EditorId] 1119778520 [Version] 1048832 [Id] WindowsEditor(7,DESKTOP-JD61II4) [Debug] 1 [PackageName] WindowsEditor [ProjectName] Editor" joined multi-casting on [225.0.0.222:54997]...

Player connection [13024] Host "[IP] 192.168.100.7 [Port] 0 [Flags] 2 [Guid] 1119778520 [EditorId] 1119778520 [Version] 1048832 [Id] WindowsEditor(7,DESKTOP-JD61II4) [Debug] 1 [PackageName] WindowsEditor [ProjectName] Editor" joined alternative multi-casting on [225.0.0.222:34997]...

Refreshing native plugins compatible for Editor in 553.42 ms, found 4 plugins.
Preloading 0 native plugins for Editor in 0.00 ms.
Initialize engine version: 2021.3.29f1 (204d6dc9ae1c)
[Subsystems] Discovering subsystems at path C:/Program Files/Unity/Hub/Editor/2021.3.29f1/Editor/Data/Resources/UnitySubsystems
[Subsystems] Discovering subsystems at path C:/Users/Home/OneDrive/ドキュメント/GitHub/project2/project2/Spaceshooter/Assets
GfxDevice: creating device client; threaded=0; jobified=0
Direct3D:
    Version:  Direct3D 11.0 [level 11.0]
    Renderer: NVIDIA GeForce GT 750M (ID=0xfe4)
    Vendor:   NVIDIA
    VRAM:     4054 MB
    Driver:   25.21.14.2531
Initialize mono
Mono path[0] = 'C:/Program Files/Unity/Hub/Editor/2021.3.29f1/Editor/Data/Managed'
Mono path[1] = 'C:/Program Files/Unity/Hub/Editor/2021.3.29f1/Editor/Data/MonoBleedingEdge/lib/mono/unityjit-win32'
Mono config path = 'C:/Program Files/Unity/Hub/Editor/2021.3.29f1/Editor/Data/MonoBleedingEdge/etc'
Using monoOptions --debugger-agent=transport=dt_socket,embedding=1,server=y,suspend=n,address=127.0.0.1:56880
Begin MonoManager ReloadAssembly
Registering precompiled unity dll's ...
Register platform support module: C:/Program Files/Unity/Hub/Editor/2021.3.29f1/Editor/Data/PlaybackEngines/AndroidPlayer/UnityEditor.Android.Extensions.dll
Register platform support module: C:/Program Files/Unity/Hub/Editor/2021.3.29f1/Editor/Data/PlaybackEngines/WindowsStandaloneSupport/UnityEditor.WindowsStandalone.Extensions.dll
Registered in 0.044484 seconds.
Native extension for WindowsStandalone target not found
Native extension for Android target not found
Android Extension - Scanning For ADB Devices 881 ms
Refreshing native plugins compatible for Editor in 323.17 ms, found 4 plugins.
Preloading 0 native plugins for Editor in 0.00 ms.
Mono: successfully reloaded assembly
- Completed reload, in  3.508 seconds
Domain Reload Profiling:
	ReloadAssembly (3509ms)
		BeginReloadAssembly (414ms)
			ExecutionOrderSort (0ms)
			DisableScriptedObjects (0ms)
			BackupInstance (0ms)
			ReleaseScriptingObjects (0ms)
			CreateAndSetChildDomain (3ms)
		EndReloadAssembly (2722ms)
			LoadAssemblies (398ms)
			RebuildTransferFunctionScriptingTraits (0ms)
			SetupTypeCache (489ms)
			ReleaseScriptCaches (0ms)
			RebuildScriptCaches (98ms)
			SetupLoadedEditorAssemblies (1954ms)
				LogAssemblyErrors (0ms)
				InitializePlatformSupportModulesInManaged (1240ms)
				SetLoadedEditorAssemblies (1ms)
				RefreshPlugins (323ms)
				BeforeProcessingInitializeOnLoad (3ms)
				ProcessInitializeOnLoadAttributes (240ms)
				ProcessInitializeOnLoadMethodAttributes (145ms)
				AfterProcessingInitializeOnLoad (0ms)
				EditorAssembliesLoaded (0ms)
			ExecutionOrderSort2 (0ms)
			AwakeInstancesAfterBackupRestoration (0ms)
Platform modules already initialized, skipping
Registering precompiled user dll's ...
Registered in 0.033920 seconds.
Begin MonoManager ReloadAssembly
Symbol file LoadedFromMemory doesn't match image C:\Users\Home\OneDrive\ドキュメント\GitHub\project2\project2\Spaceshooter\Library\PackageCache\com.unity.visualscripting@1.8.0\Editor\VisualScripting.Core\Dependencies\YamlDotNet\Unity.VisualScripting.YamlDotNet.dll
Symbol file LoadedFromMemory doesn't match image C:\Users\Home\OneDrive\ドキュメント\GitHub\project2\project2\Spaceshooter\Library\PackageCache\com.unity.visualscripting@1.8.0\Editor\VisualScripting.Core\Dependencies\DotNetZip\Unity.VisualScripting.IonicZip.dll
Native extension for WindowsStandalone target not found
Native extension for Android target not found
Refreshing native plugins compatible for Editor in 285.52 ms, found 4 plugins.
Preloading 0 native plugins for Editor in 0.00 ms.
System.Exception: Error! Visual Scripting: couldn't find visual scripting package
  at Unity.VisualScripting.PackageVersionUtility.get_version () [0x00043] in C:\Users\Home\OneDrive\ドキュメント\GitHub\project2\project2\Spaceshooter\Library\PackageCache\com.unity.visualscripting@1.8.0\Editor\VisualScripting.Core\Utilities\PackageVersionUtility.cs:31 
  at Unity.VisualScripting.BoltCoreManifest.get_version () [0x00000] in C:\Users\Home\OneDrive\ドキュメント\GitHub\project2\project2\Spaceshooter\Library\PackageCache\com.unity.visualscripting@1.8.0\Editor\VisualScripting.Core\Plugin\BoltCoreManifest.cs:11 
  at Unity.VisualScripting.PluginManifest.get_currentVersion () [0x00000] in C:\Users\Home\OneDrive\ドキュメント\GitHub\project2\project2\Spaceshooter\Library\PackageCache\com.unity.visualscripting@1.8.0\Editor\VisualScripting.Core\Plugins\PluginManifest.cs:33 
  at Unity.VisualScripting.PluginManifest.get_versionMismatch () [0x00000] in C:\Users\Home\OneDrive\ドキュメント\GitHub\project2\project2\Spaceshooter\Library\PackageCache\com.unity.visualscripting@1.8.0\Editor\VisualScripting.Core\Plugins\PluginManifest.cs:48 
  at Unity.VisualScripting.PluginContainer.Initialize () [0x00525] in C:\Users\Home\OneDrive\ドキュメント\GitHub\project2\project2\Spaceshooter\Library\PackageCache\com.unity.visualscripting@1.8.0\Editor\VisualScripting.Core\Plugins\PluginContainer.cs:208 
  at Unity.VisualScripting.PluginContainer.InitializeOnLoad () [0x00009] in C:\Users\Home\OneDrive\ドキュメント\GitHub\project2\project2\Spaceshooter\Library\PackageCache\com.unity.visualscripting@1.8.0\Editor\VisualScripting.Core\Plugins\PluginContainer.cs:32 
  at Unity.VisualScripting.VSUsageUtility.DoInitializeOnLoadCalls () [0x00034] in C:\Users\Home\OneDrive\ドキュメント\GitHub\project2\project2\Spaceshooter\Library\PackageCache\com.unity.visualscripting@1.8.0\Editor\VisualScripting.Core\Utilities\VSUsageUtility.cs:76 
  at Unity.VisualScripting.VSUsageUtility.set_isVisualScriptingUsed (System.Boolean value) [0x0002c] in C:\Users\Home\OneDrive\ドキュメント\GitHub\project2\project2\Spaceshooter\Library\PackageCache\com.unity.visualscripting@1.8.0\Editor\VisualScripting.Core\Utilities\VSUsageUtility.cs:114 
  at Unity.VisualScripting.VSUsageUtility.CheckAndSetIsVisualScriptingUsed () [0x00032] in C:\Users\Home\OneDrive\ドキュメント\GitHub\project2\project2\Spaceshooter\Library\PackageCache\com.unity.visualscripting@1.8.0\Editor\VisualScripting.Core\Utilities\VSUsageUtility.cs:48 
  at Unity.VisualScripting.VSUsageUtility..cctor () [0x00000] in C:\Users\Home\OneDrive\ドキュメント\GitHub\project2\project2\Spaceshooter\Library\PackageCache\com.unity.visualscripting@1.8.0\Editor\VisualScripting.Core\Utilities\VSUsageUtility.cs:22 
UnityEngine.StackTraceUtility:ExtractStackTrace ()
UnityEngine.DebugLogHandler:LogFormat (UnityEngine.LogType,UnityEngine.Object,string,object[])
UnityEngine.Logger:Log (UnityEngine.LogType,object)
UnityEngine.Debug:LogError (object)
UnityEditor.EditorAssemblies:ProcessInitializeOnLoadAttributes (System.Type[])

Mono: successfully reloaded assembly
- Completed reload, in  4.309 seconds
Domain Reload Profiling:
	ReloadAssembly (4311ms)
		BeginReloadAssembly (368ms)
			ExecutionOrderSort (0ms)
			DisableScriptedObjects (14ms)
			BackupInstance (0ms)
			ReleaseScriptingObjects (0ms)
			CreateAndSetChildDomain (51ms)
		EndReloadAssembly (3596ms)
			LoadAssemblies (320ms)
			RebuildTransferFunctionScriptingTraits (0ms)
			SetupTypeCache (677ms)
			ReleaseScriptCaches (1ms)
			RebuildScriptCaches (169ms)
			SetupLoadedEditorAssemblies (2297ms)
				LogAssemblyErrors (0ms)
				InitializePlatformSupportModulesInManaged (56ms)
				SetLoadedEditorAssemblies (0ms)
				RefreshPlugins (286ms)
				BeforeProcessingInitializeOnLoad (278ms)
				ProcessInitializeOnLoadAttributes (1541ms)
				ProcessInitializeOnLoadMethodAttributes (104ms)
				AfterProcessingInitializeOnLoad (32ms)
				EditorAssembliesLoaded (0ms)
			ExecutionOrderSort2 (0ms)
			AwakeInstancesAfterBackupRestoration (35ms)
Platform modules already initialized, skipping
========================================================================
Worker process is ready to serve import requests
Launched and connected shader compiler UnityShaderCompiler.exe after 0.11 seconds
Refreshing native plugins compatible for Editor in 2.88 ms, found 4 plugins.
Preloading 0 native plugins for Editor in 0.00 ms.
Unloading 3844 Unused Serialized files (Serialized files now loaded: 0)
Unloading 35 unused Assets / (46.4 KB). Loaded Objects now: 4310.
Memory consumption went from 151.6 MB to 151.6 MB.
Total: 37.477000 ms (FindLiveObjects: 1.126000 ms CreateObjectMapping: 0.358600 ms MarkObjects: 35.805200 ms  DeleteObjects: 0.183200 ms)

AssetImportParameters requested are different than current active one (requested -> active):
  custom:video-decoder-ogg-theora: a1e56fd34408186e4bbccfd4996cb3dc -> 
  custom:container-muxer-webm: aa71ff27fc2769a1b78a27578f13a17b -> 
  custom:container-demuxer-webm: 4f35f7cbe854078d1ac9338744f61a02 -> 
  custom:video-encoder-webm-vp8: eb34c28f22e8b96e1ab97ce403110664 -> 
  custom:audio-encoder-webm-vorbis: bf7c407c2cedff20999df2af8eb42d56 -> 
  custom:framework-win-MediaFoundation: 216162199b28c13a410421893ffa2e32 -> 
  custom:container-demuxer-ogg: 62fdf1f143b41e24485cea50d1cbac27 -> 
  custom:video-decoder-webm-vp8: 9c59270c3fd7afecdb556c50c9e8de78 -> 
  custom:audio-decoder-ogg-vorbis: bf7c407c2cedff20999df2af8eb42d56 -> 
========================================================================
Received Import Request.
  Time since last request: 35197.886175 seconds.
  path: Assets/Scripts/EnemyShip.asset
  artifactKey: Guid(29769f70f5ca8d848bc3f451ea9d930d) Importer(815301076,1909f56bfc062723c751e8b465ee728b)
Start importing Assets/Scripts/EnemyShip.asset using Guid(29769f70f5ca8d848bc3f451ea9d930d) Importer(815301076,1909f56bfc062723c751e8b465ee728b)  -> (artifact id: 'e10c957003f84bd62bf374840dbcb5f1') in 1.159300 seconds 
========================================================================
Received Prepare
Refreshing native plugins compatible for Editor in 20.99 ms, found 4 plugins.
Preloading 0 native plugins for Editor in 0.00 ms.
Unloading 22 Unused Serialized files (Serialized files now loaded: 0)
Unloading 22 unused Assets / (21.9 KB). Loaded Objects now: 4311.
Memory consumption went from 72.3 MB to 72.3 MB.
Total: 69.580600 ms (FindLiveObjects: 0.783200 ms CreateObjectMapping: 1.199900 ms MarkObjects: 67.549700 ms  DeleteObjects: 0.046400 ms)

AssetImportParameters requested are different than current active one (requested -> active):
  custom:video-decoder-ogg-theora: a1e56fd34408186e4bbccfd4996cb3dc -> 
  custom:container-muxer-webm: aa71ff27fc2769a1b78a27578f13a17b -> 
  custom:container-demuxer-webm: 4f35f7cbe854078d1ac9338744f61a02 -> 
  custom:video-encoder-webm-vp8: eb34c28f22e8b96e1ab97ce403110664 -> 
  custom:CustomObjectIndexerAttribute: bc11b3a6c3213fcdd17b65e7da85e133 -> 
  custom:audio-encoder-webm-vorbis: bf7c407c2cedff20999df2af8eb42d56 -> 
  custom:framework-win-MediaFoundation: 216162199b28c13a410421893ffa2e32 -> 
  custom:container-demuxer-ogg: 62fdf1f143b41e24485cea50d1cbac27 -> 
  custom:video-decoder-webm-vp8: 9c59270c3fd7afecdb556c50c9e8de78 -> 
  custom:audio-decoder-ogg-vorbis: bf7c407c2cedff20999df2af8eb42d56 -> 
========================================================================
Received Import Request.
  Time since last request: 508.313099 seconds.
  path: Assets/Prefabs/Turrets/TurretA.prefab
  artifactKey: Guid(a83a3f611ea68e845abbcac7b704af25) Importer(815301076,1909f56bfc062723c751e8b465ee728b)
Start importing Assets/Prefabs/Turrets/TurretA.prefab using Guid(a83a3f611ea68e845abbcac7b704af25) Importer(815301076,1909f56bfc062723c751e8b465ee728b) [Deserialization] Object reference at index #0 does not match target type (UnityEngine.Object != Unity.VisualScripting.ScriptGraphAsset). Defaulting to null.
UnityEngine.StackTraceUtility:ExtractStackTrace ()
UnityEngine.DebugLogHandler:LogFormat (UnityEngine.LogType,UnityEngine.Object,string,object[])
UnityEngine.Logger:Log (UnityEngine.LogType,object,UnityEngine.Object)
UnityEngine.Debug:LogWarning (object,UnityEngine.Object)
Unity.VisualScripting.Serialization:HandleResult (string,Unity.VisualScripting.FullSerializer.fsResult,UnityEngine.Object) (at Library/PackageCache/com.unity.visualscripting@1.8.0/Runtime/VisualScripting.Core/Serialization/Serialization.cs:210)
Unity.VisualScripting.Serialization:DeserializeJson (Unity.VisualScripting.FullSerializer.fsSerializer,string,object&,bool) (at Library/PackageCache/com.unity.visualscripting@1.8.0/Runtime/VisualScripting.Core/Serialization/Serialization.cs:198)
Unity.VisualScripting.Serialization:DeserializeInto (Unity.VisualScripting.SerializationData,object&,bool) (at Library/PackageCache/com.unity.visualscripting@1.8.0/Runtime/VisualScripting.Core/Serialization/Serialization.cs:122)
Unity.VisualScripting.LudiqBehaviour:UnityEngine.ISerializationCallbackReceiver.OnAfterDeserialize () (at Library/PackageCache/com.unity.visualscripting@1.8.0/Runtime/VisualScripting.Core/Unity/LudiqBehaviour.cs:48)

(Filename: Library/PackageCache/com.unity.visualscripting@1.8.0/Runtime/VisualScripting.Core/Serialization/Serialization.cs Line: 210)

 -> (artifact id: 'fc17a1624a46009853244734e7523372') in 0.323329 seconds 
========================================================================
Received Import Request.
  Time since last request: 0.000050 seconds.
  path: Assets/Prefabs/Turrets/TurretC.prefab
  artifactKey: Guid(fea3d3b6244bacb4db466e816a1bbc0f) Importer(815301076,1909f56bfc062723c751e8b465ee728b)
Start importing Assets/Prefabs/Turrets/TurretC.prefab using Guid(fea3d3b6244bacb4db466e816a1bbc0f) Importer(815301076,1909f56bfc062723c751e8b465ee728b) [Deserialization] Object reference at index #0 does not match target type (UnityEngine.Object != Unity.VisualScripting.ScriptGraphAsset). Defaulting to null.
UnityEngine.StackTraceUtility:ExtractStackTrace ()
UnityEngine.DebugLogHandler:LogFormat (UnityEngine.LogType,UnityEngine.Object,string,object[])
UnityEngine.Logger:Log (UnityEngine.LogType,object,UnityEngine.Object)
UnityEngine.Debug:LogWarning (object,UnityEngine.Object)
Unity.VisualScripting.Serialization:HandleResult (string,Unity.VisualScripting.FullSerializer.fsResult,UnityEngine.Object) (at Library/PackageCache/com.unity.visualscripting@1.8.0/Runtime/VisualScripting.Core/Serialization/Serialization.cs:210)
Unity.VisualScripting.Serialization:DeserializeJson (Unity.VisualScripting.FullSerializer.fsSerializer,string,object&,bool) (at Library/PackageCache/com.unity.visualscripting@1.8.0/Runtime/VisualScripting.Core/Serialization/Serialization.cs:198)
Unity.VisualScripting.Serialization:DeserializeInto (Unity.VisualScripting.SerializationData,object&,bool) (at Library/PackageCache/com.unity.visualscripting@1.8.0/Runtime/VisualScripting.Core/Serialization/Serialization.cs:122)
Unity.VisualScripting.LudiqBehaviour:UnityEngine.ISerializationCallbackReceiver.OnAfterDeserialize () (at Library/PackageCache/com.unity.visualscripting@1.8.0/Runtime/VisualScripting.Core/Unity/LudiqBehaviour.cs:48)

(Filename: Library/PackageCache/com.unity.visualscripting@1.8.0/Runtime/VisualScripting.Core/Serialization/Serialization.cs Line: 210)

 -> (artifact id: 'b1f7dff6bfd67a6f11062f5c0c9be0c9') in 0.068690 seconds 
========================================================================
Received Import Request.
  Time since last request: 0.000052 seconds.
  path: Assets/Prefabs/Turrets/TurretD.prefab
  artifactKey: Guid(4aef4da504030df46a4d61bdf1b7cdeb) Importer(815301076,1909f56bfc062723c751e8b465ee728b)
Start importing Assets/Prefabs/Turrets/TurretD.prefab using Guid(4aef4da504030df46a4d61bdf1b7cdeb) Importer(815301076,1909f56bfc062723c751e8b465ee728b) [Deserialization] Object reference at index #0 does not match target type (UnityEngine.Object != Unity.VisualScripting.ScriptGraphAsset). Defaulting to null.
UnityEngine.StackTraceUtility:ExtractStackTrace ()
UnityEngine.DebugLogHandler:LogFormat (UnityEngine.LogType,UnityEngine.Object,string,object[])
UnityEngine.Logger:Log (UnityEngine.LogType,object,UnityEngine.Object)
UnityEngine.Debug:LogWarning (object,UnityEngine.Object)
Unity.VisualScripting.Serialization:HandleResult (string,Unity.VisualScripting.FullSerializer.fsResult,UnityEngine.Object) (at Library/PackageCache/com.unity.visualscripting@1.8.0/Runtime/VisualScripting.Core/Serialization/Serialization.cs:210)
Unity.VisualScripting.Serialization:DeserializeJson (Unity.VisualScripting.FullSerializer.fsSerializer,string,object&,bool) (at Library/PackageCache/com.unity.visualscripting@1.8.0/Runtime/VisualScripting.Core/Serialization/Serialization.cs:198)
Unity.VisualScripting.Serialization:DeserializeInto (Unity.VisualScripting.SerializationData,object&,bool) (at Library/PackageCache/com.unity.visualscripting@1.8.0/Runtime/VisualScripting.Core/Serialization/Serialization.cs:122)
Unity.VisualScripting.LudiqBehaviour:UnityEngine.ISerializationCallbackReceiver.OnAfterDeserialize () (at Library/PackageCache/com.unity.visualscripting@1.8.0/Runtime/VisualScripting.Core/Unity/LudiqBehaviour.cs:48)

(Filename: Library/PackageCache/com.unity.visualscripting@1.8.0/Runtime/VisualScripting.Core/Serialization/Serialization.cs Line: 210)

 -> (artifact id: '6200d51ef4c60cc7834cd0a340373ac4') in 0.073124 seconds 
========================================================================
Received Import Request.
  Time since last request: 0.000031 seconds.
  path: Assets/Prefabs/Turrets/TurretF.prefab
  artifactKey: Guid(8daeaccc8829f8d4ca8e970c05ac89ea) Importer(815301076,1909f56bfc062723c751e8b465ee728b)
Start importing Assets/Prefabs/Turrets/TurretF.prefab using Guid(8daeaccc8829f8d4ca8e970c05ac89ea) Importer(815301076,1909f56bfc062723c751e8b465ee728b) [Deserialization] Object reference at index #0 does not match target type (UnityEngine.Object != Unity.VisualScripting.ScriptGraphAsset). Defaulting to null.
UnityEngine.StackTraceUtility:ExtractStackTrace ()
UnityEngine.DebugLogHandler:LogFormat (UnityEngine.LogType,UnityEngine.Object,string,object[])
UnityEngine.Logger:Log (UnityEngine.LogType,object,UnityEngine.Object)
UnityEngine.Debug:LogWarning (object,UnityEngine.Object)
Unity.VisualScripting.Serialization:HandleResult (string,Unity.VisualScripting.FullSerializer.fsResult,UnityEngine.Object) (at Library/PackageCache/com.unity.visualscripting@1.8.0/Runtime/VisualScripting.Core/Serialization/Serialization.cs:210)
Unity.VisualScripting.Serialization:DeserializeJson (Unity.VisualScripting.FullSerializer.fsSerializer,string,object&,bool) (at Library/PackageCache/com.unity.visualscripting@1.8.0/Runtime/VisualScripting.Core/Serialization/Serialization.cs:198)
Unity.VisualScripting.Serialization:DeserializeInto (Unity.VisualScripting.SerializationData,object&,bool) (at Library/PackageCache/com.unity.visualscripting@1.8.0/Runtime/VisualScripting.Core/Serialization/Serialization.cs:122)
Unity.VisualScripting.LudiqBehaviour:UnityEngine.ISerializationCallbackReceiver.OnAfterDeserialize () (at Library/PackageCache/com.unity.visualscripting@1.8.0/Runtime/VisualScripting.Core/Unity/LudiqBehaviour.cs:48)

(Filename: Library/PackageCache/com.unity.visualscripting@1.8.0/Runtime/VisualScripting.Core/Serialization/Serialization.cs Line: 210)

 -> (artifact id: 'a3a1b77469a9c62fc10f2d65c237b3f0') in 0.064864 seconds 
========================================================================
Received Import Request.
  Time since last request: 0.000041 seconds.
  path: Assets/Prefabs/Turrets/TurretE.prefab
  artifactKey: Guid(ca5b68c459ac3bf4cb9df7bc34dbd071) Importer(815301076,1909f56bfc062723c751e8b465ee728b)
Start importing Assets/Prefabs/Turrets/TurretE.prefab using Guid(ca5b68c459ac3bf4cb9df7bc34dbd071) Importer(815301076,1909f56bfc062723c751e8b465ee728b) [Deserialization] Object reference at index #0 does not match target type (UnityEngine.Object != Unity.VisualScripting.ScriptGraphAsset). Defaulting to null.
UnityEngine.StackTraceUtility:ExtractStackTrace ()
UnityEngine.DebugLogHandler:LogFormat (UnityEngine.LogType,UnityEngine.Object,string,object[])
UnityEngine.Logger:Log (UnityEngine.LogType,object,UnityEngine.Object)
UnityEngine.Debug:LogWarning (object,UnityEngine.Object)
Unity.VisualScripting.Serialization:HandleResult (string,Unity.VisualScripting.FullSerializer.fsResult,UnityEngine.Object) (at Library/PackageCache/com.unity.visualscripting@1.8.0/Runtime/VisualScripting.Core/Serialization/Serialization.cs:210)
Unity.VisualScripting.Serialization:DeserializeJson (Unity.VisualScripting.FullSerializer.fsSerializer,string,object&,bool) (at Library/PackageCache/com.unity.visualscripting@1.8.0/Runtime/VisualScripting.Core/Serialization/Serialization.cs:198)
Unity.VisualScripting.Serialization:DeserializeInto (Unity.VisualScripting.SerializationData,object&,bool) (at Library/PackageCache/com.unity.visualscripting@1.8.0/Runtime/VisualScripting.Core/Serialization/Serialization.cs:122)
Unity.VisualScripting.LudiqBehaviour:UnityEngine.ISerializationCallbackReceiver.OnAfterDeserialize () (at Library/PackageCache/com.unity.visualscripting@1.8.0/Runtime/VisualScripting.Core/Unity/LudiqBehaviour.cs:48)

(Filename: Library/PackageCache/com.unity.visualscripting@1.8.0/Runtime/VisualScripting.Core/Serialization/Serialization.cs Line: 210)

 -> (artifact id: '8a5100e806bbd3ced6fe335c45dd00df') in 0.062795 seconds 
========================================================================
Received Import Request.
  Time since last request: 58.224556 seconds.
  path: Assets/Prefabs/Turrets/TurretA.prefab
  artifactKey: Guid(a83a3f611ea68e845abbcac7b704af25) Importer(815301076,1909f56bfc062723c751e8b465ee728b)
Start importing Assets/Prefabs/Turrets/TurretA.prefab using Guid(a83a3f611ea68e845abbcac7b704af25) Importer(815301076,1909f56bfc062723c751e8b465ee728b) [Deserialization] Object reference at index #0 does not match target type (UnityEngine.Object != Unity.VisualScripting.ScriptGraphAsset). Defaulting to null.
UnityEngine.StackTraceUtility:ExtractStackTrace ()
UnityEngine.DebugLogHandler:LogFormat (UnityEngine.LogType,UnityEngine.Object,string,object[])
UnityEngine.Logger:Log (UnityEngine.LogType,object,UnityEngine.Object)
UnityEngine.Debug:LogWarning (object,UnityEngine.Object)
Unity.VisualScripting.Serialization:HandleResult (string,Unity.VisualScripting.FullSerializer.fsResult,UnityEngine.Object) (at Library/PackageCache/com.unity.visualscripting@1.8.0/Runtime/VisualScripting.Core/Serialization/Serialization.cs:210)
Unity.VisualScripting.Serialization:DeserializeJson (Unity.VisualScripting.FullSerializer.fsSerializer,string,object&,bool) (at Library/PackageCache/com.unity.visualscripting@1.8.0/Runtime/VisualScripting.Core/Serialization/Serialization.cs:198)
Unity.VisualScripting.Serialization:DeserializeInto (Unity.VisualScripting.SerializationData,object&,bool) (at Library/PackageCache/com.unity.visualscripting@1.8.0/Runtime/VisualScripting.Core/Serialization/Serialization.cs:122)
Unity.VisualScripting.LudiqBehaviour:UnityEngine.ISerializationCallbackReceiver.OnAfterDeserialize () (at Library/PackageCache/com.unity.visualscripting@1.8.0/Runtime/VisualScripting.Core/Unity/LudiqBehaviour.cs:48)

(Filename: Library/PackageCache/com.unity.visualscripting@1.8.0/Runtime/VisualScripting.Core/Serialization/Serialization.cs Line: 210)

 -> (artifact id: '956b65468dade5460cdd72ea7f1ca826') in 0.042145 seconds 
========================================================================
Received Import Request.
  Time since last request: 14.907858 seconds.
  path: Assets/Enemy/EnemyShip.prefab
  artifactKey: Guid(3048995887820e64aa123f689507a207) Importer(815301076,1909f56bfc062723c751e8b465ee728b)
Start importing Assets/Enemy/EnemyShip.prefab using Guid(3048995887820e64aa123f689507a207) Importer(815301076,1909f56bfc062723c751e8b465ee728b)  -> (artifact id: '6db28fe15cef8167b6a0ed5090ae7223') in 0.036898 seconds 
========================================================================
Received Import Request.
  Time since last request: 3.614574 seconds.
  path: Assets/Prefabs/Turrets/TurretB.prefab
  artifactKey: Guid(13cddf68e594f844daab2246b127f125) Importer(815301076,1909f56bfc062723c751e8b465ee728b)
Start importing Assets/Prefabs/Turrets/TurretB.prefab using Guid(13cddf68e594f844daab2246b127f125) Importer(815301076,1909f56bfc062723c751e8b465ee728b) [Deserialization] Object reference at index #0 does not match target type (UnityEngine.Object != Unity.VisualScripting.ScriptGraphAsset). Defaulting to null.
UnityEngine.StackTraceUtility:ExtractStackTrace ()
UnityEngine.DebugLogHandler:LogFormat (UnityEngine.LogType,UnityEngine.Object,string,object[])
UnityEngine.Logger:Log (UnityEngine.LogType,object,UnityEngine.Object)
UnityEngine.Debug:LogWarning (object,UnityEngine.Object)
Unity.VisualScripting.Serialization:HandleResult (string,Unity.VisualScripting.FullSerializer.fsResult,UnityEngine.Object) (at Library/PackageCache/com.unity.visualscripting@1.8.0/Runtime/VisualScripting.Core/Serialization/Serialization.cs:210)
Unity.VisualScripting.Serialization:DeserializeJson (Unity.VisualScripting.FullSerializer.fsSerializer,string,object&,bool) (at Library/PackageCache/com.unity.visualscripting@1.8.0/Runtime/VisualScripting.Core/Serialization/Serialization.cs:198)
Unity.VisualScripting.Serialization:DeserializeInto (Unity.VisualScripting.SerializationData,object&,bool) (at Library/PackageCache/com.unity.visualscripting@1.8.0/Runtime/VisualScripting.Core/Serialization/Serialization.cs:122)
Unity.VisualScripting.LudiqBehaviour:UnityEngine.ISerializationCallbackReceiver.OnAfterDeserialize () (at Library/PackageCache/com.unity.visualscripting@1.8.0/Runtime/VisualScripting.Core/Unity/LudiqBehaviour.cs:48)

(Filename: Library/PackageCache/com.unity.visualscripting@1.8.0/Runtime/VisualScripting.Core/Serialization/Serialization.cs Line: 210)

 -> (artifact id: 'a63d054fdb2779eade77446d1fb870a5') in 0.041523 seconds 
========================================================================
Received Import Request.
  Time since last request: 0.000037 seconds.
  path: Assets/Prefabs/Turrets/TurretD.prefab
  artifactKey: Guid(4aef4da504030df46a4d61bdf1b7cdeb) Importer(815301076,1909f56bfc062723c751e8b465ee728b)
Start importing Assets/Prefabs/Turrets/TurretD.prefab using Guid(4aef4da504030df46a4d61bdf1b7cdeb) Importer(815301076,1909f56bfc062723c751e8b465ee728b) [Deserialization] Object reference at index #0 does not match target type (UnityEngine.Object != Unity.VisualScripting.ScriptGraphAsset). Defaulting to null.
UnityEngine.StackTraceUtility:ExtractStackTrace ()
UnityEngine.DebugLogHandler:LogFormat (UnityEngine.LogType,UnityEngine.Object,string,object[])
UnityEngine.Logger:Log (UnityEngine.LogType,object,UnityEngine.Object)
UnityEngine.Debug:LogWarning (object,UnityEngine.Object)
Unity.VisualScripting.Serialization:HandleResult (string,Unity.VisualScripting.FullSerializer.fsResult,UnityEngine.Object) (at Library/PackageCache/com.unity.visualscripting@1.8.0/Runtime/VisualScripting.Core/Serialization/Serialization.cs:210)
Unity.VisualScripting.Serialization:DeserializeJson (Unity.VisualScripting.FullSerializer.fsSerializer,string,object&,bool) (at Library/PackageCache/com.unity.visualscripting@1.8.0/Runtime/VisualScripting.Core/Serialization/Serialization.cs:198)
Unity.VisualScripting.Serialization:DeserializeInto (Unity.VisualScripting.SerializationData,object&,bool) (at Library/PackageCache/com.unity.visualscripting@1.8.0/Runtime/VisualScripting.Core/Serialization/Serialization.cs:122)
Unity.VisualScripting.LudiqBehaviour:UnityEngine.ISerializationCallbackReceiver.OnAfterDeserialize () (at Library/PackageCache/com.unity.visualscripting@1.8.0/Runtime/VisualScripting.Core/Unity/LudiqBehaviour.cs:48)

(Filename: Library/PackageCache/com.unity.visualscripting@1.8.0/Runtime/VisualScripting.Core/Serialization/Serialization.cs Line: 210)

 -> (artifact id: '5a1388a172901e054170e3ffe83deb78') in 0.065154 seconds 
========================================================================
Received Import Request.
  Time since last request: 0.000033 seconds.
  path: Assets/Prefabs/Turrets/TurretE.prefab
  artifactKey: Guid(ca5b68c459ac3bf4cb9df7bc34dbd071) Importer(815301076,1909f56bfc062723c751e8b465ee728b)
Start importing Assets/Prefabs/Turrets/TurretE.prefab using Guid(ca5b68c459ac3bf4cb9df7bc34dbd071) Importer(815301076,1909f56bfc062723c751e8b465ee728b) [Deserialization] Object reference at index #0 does not match target type (UnityEngine.Object != Unity.VisualScripting.ScriptGraphAsset). Defaulting to null.
UnityEngine.StackTraceUtility:ExtractStackTrace ()
UnityEngine.DebugLogHandler:LogFormat (UnityEngine.LogType,UnityEngine.Object,string,object[])
UnityEngine.Logger:Log (UnityEngine.LogType,object,UnityEngine.Object)
UnityEngine.Debug:LogWarning (object,UnityEngine.Object)
Unity.VisualScripting.Serialization:HandleResult (string,Unity.VisualScripting.FullSerializer.fsResult,UnityEngine.Object) (at Library/PackageCache/com.unity.visualscripting@1.8.0/Runtime/VisualScripting.Core/Serialization/Serialization.cs:210)
Unity.VisualScripting.Serialization:DeserializeJson (Unity.VisualScripting.FullSerializer.fsSerializer,string,object&,bool) (at Library/PackageCache/com.unity.visualscripting@1.8.0/Runtime/VisualScripting.Core/Serialization/Serialization.cs:198)
Unity.VisualScripting.Serialization:DeserializeInto (Unity.VisualScripting.SerializationData,object&,bool) (at Library/PackageCache/com.unity.visualscripting@1.8.0/Runtime/VisualScripting.Core/Serialization/Serialization.cs:122)
Unity.VisualScripting.LudiqBehaviour:UnityEngine.ISerializationCallbackReceiver.OnAfterDeserialize () (at Library/PackageCache/com.unity.visualscripting@1.8.0/Runtime/VisualScripting.Core/Unity/LudiqBehaviour.cs:48)

(Filename: Library/PackageCache/com.unity.visualscripting@1.8.0/Runtime/VisualScripting.Core/Serialization/Serialization.cs Line: 210)

 -> (artifact id: 'f1dced28e348d4a42d0c7c8ff90ffee8') in 0.057620 seconds 
========================================================================
Received Import Request.
  Time since last request: 11.480930 seconds.
  path: Assets/Prefabs/Turrets/Turret.asset
  artifactKey: Guid(aa1682d43b074574c8a3e95a511c8370) Importer(815301076,1909f56bfc062723c751e8b465ee728b)
Start importing Assets/Prefabs/Turrets/Turret.asset using Guid(aa1682d43b074574c8a3e95a511c8370) Importer(815301076,1909f56bfc062723c751e8b465ee728b)  -> (artifact id: 'd3f2ee15782ce62bbf35baecee083bbb') in 0.024589 seconds 
========================================================================
Received Import Request.
  Time since last request: 8.449376 seconds.
  path: Assets/Prefabs/Turrets/TurretA.prefab
  artifactKey: Guid(a83a3f611ea68e845abbcac7b704af25) Importer(815301076,1909f56bfc062723c751e8b465ee728b)
Start importing Assets/Prefabs/Turrets/TurretA.prefab using Guid(a83a3f611ea68e845abbcac7b704af25) Importer(815301076,1909f56bfc062723c751e8b465ee728b) [Deserialization] Object reference at index #0 does not match target type (UnityEngine.Object != Unity.VisualScripting.ScriptGraphAsset). Defaulting to null.
UnityEngine.StackTraceUtility:ExtractStackTrace ()
UnityEngine.DebugLogHandler:LogFormat (UnityEngine.LogType,UnityEngine.Object,string,object[])
UnityEngine.Logger:Log (UnityEngine.LogType,object,UnityEngine.Object)
UnityEngine.Debug:LogWarning (object,UnityEngine.Object)
Unity.VisualScripting.Serialization:HandleResult (string,Unity.VisualScripting.FullSerializer.fsResult,UnityEngine.Object) (at Library/PackageCache/com.unity.visualscripting@1.8.0/Runtime/VisualScripting.Core/Serialization/Serialization.cs:210)
Unity.VisualScripting.Serialization:DeserializeJson (Unity.VisualScripting.FullSerializer.fsSerializer,string,object&,bool) (at Library/PackageCache/com.unity.visualscripting@1.8.0/Runtime/VisualScripting.Core/Serialization/Serialization.cs:198)
Unity.VisualScripting.Serialization:DeserializeInto (Unity.VisualScripting.SerializationData,object&,bool) (at Library/PackageCache/com.unity.visualscripting@1.8.0/Runtime/VisualScripting.Core/Serialization/Serialization.cs:122)
Unity.VisualScripting.LudiqBehaviour:UnityEngine.ISerializationCallbackReceiver.OnAfterDeserialize () (at Library/PackageCache/com.unity.visualscripting@1.8.0/Runtime/VisualScripting.Core/Unity/LudiqBehaviour.cs:48)

(Filename: Library/PackageCache/com.unity.visualscripting@1.8.0/Runtime/VisualScripting.Core/Serialization/Serialization.cs Line: 210)

 -> (artifact id: 'a222abd8b755c31c5935c4cb1415fd97') in 0.138346 seconds 
========================================================================
Received Import Request.
  Time since last request: 0.000033 seconds.
  path: Assets/Prefabs/Turrets/TurretC.prefab
  artifactKey: Guid(fea3d3b6244bacb4db466e816a1bbc0f) Importer(815301076,1909f56bfc062723c751e8b465ee728b)
Start importing Assets/Prefabs/Turrets/TurretC.prefab using Guid(fea3d3b6244bacb4db466e816a1bbc0f) Importer(815301076,1909f56bfc062723c751e8b465ee728b) [Deserialization] Object reference at index #0 does not match target type (UnityEngine.Object != Unity.VisualScripting.ScriptGraphAsset). Defaulting to null.
UnityEngine.StackTraceUtility:ExtractStackTrace ()
UnityEngine.DebugLogHandler:LogFormat (UnityEngine.LogType,UnityEngine.Object,string,object[])
UnityEngine.Logger:Log (UnityEngine.LogType,object,UnityEngine.Object)
UnityEngine.Debug:LogWarning (object,UnityEngine.Object)
Unity.VisualScripting.Serialization:HandleResult (string,Unity.VisualScripting.FullSerializer.fsResult,UnityEngine.Object) (at Library/PackageCache/com.unity.visualscripting@1.8.0/Runtime/VisualScripting.Core/Serialization/Serialization.cs:210)
Unity.VisualScripting.Serialization:DeserializeJson (Unity.VisualScripting.FullSerializer.fsSerializer,string,object&,bool) (at Library/PackageCache/com.unity.visualscripting@1.8.0/Runtime/VisualScripting.Core/Serialization/Serialization.cs:198)
Unity.VisualScripting.Serialization:DeserializeInto (Unity.VisualScripting.SerializationData,object&,bool) (at Library/PackageCache/com.unity.visualscripting@1.8.0/Runtime/VisualScripting.Core/Serialization/Serialization.cs:122)
Unity.VisualScripting.LudiqBehaviour:UnityEngine.ISerializationCallbackReceiver.OnAfterDeserialize () (at Library/PackageCache/com.unity.visualscripting@1.8.0/Runtime/VisualScripting.Core/Unity/LudiqBehaviour.cs:48)

(Filename: Library/PackageCache/com.unity.visualscripting@1.8.0/Runtime/VisualScripting.Core/Serialization/Serialization.cs Line: 210)

 -> (artifact id: '37e6e38392076e77e6f5724b55764b97') in 0.059707 seconds 
========================================================================
Received Import Request.
  Time since last request: 0.000038 seconds.
  path: Assets/Prefabs/Turrets/TurretD.prefab
  artifactKey: Guid(4aef4da504030df46a4d61bdf1b7cdeb) Importer(815301076,1909f56bfc062723c751e8b465ee728b)
Start importing Assets/Prefabs/Turrets/TurretD.prefab using Guid(4aef4da504030df46a4d61bdf1b7cdeb) Importer(815301076,1909f56bfc062723c751e8b465ee728b) [Deserialization] Object reference at index #0 does not match target type (UnityEngine.Object != Unity.VisualScripting.ScriptGraphAsset). Defaulting to null.
UnityEngine.StackTraceUtility:ExtractStackTrace ()
UnityEngine.DebugLogHandler:LogFormat (UnityEngine.LogType,UnityEngine.Object,string,object[])
UnityEngine.Logger:Log (UnityEngine.LogType,object,UnityEngine.Object)
UnityEngine.Debug:LogWarning (object,UnityEngine.Object)
Unity.VisualScripting.Serialization:HandleResult (string,Unity.VisualScripting.FullSerializer.fsResult,UnityEngine.Object) (at Library/PackageCache/com.unity.visualscripting@1.8.0/Runtime/VisualScripting.Core/Serialization/Serialization.cs:210)
Unity.VisualScripting.Serialization:DeserializeJson (Unity.VisualScripting.FullSerializer.fsSerializer,string,object&,bool) (at Library/PackageCache/com.unity.visualscripting@1.8.0/Runtime/VisualScripting.Core/Serialization/Serialization.cs:198)
Unity.VisualScripting.Serialization:DeserializeInto (Unity.VisualScripting.SerializationData,object&,bool) (at Library/PackageCache/com.unity.visualscripting@1.8.0/Runtime/VisualScripting.Core/Serialization/Serialization.cs:122)
Unity.VisualScripting.LudiqBehaviour:UnityEngine.ISerializationCallbackReceiver.OnAfterDeserialize () (at Library/PackageCache/com.unity.visualscripting@1.8.0/Runtime/VisualScripting.Core/Unity/LudiqBehaviour.cs:48)

(Filename: Library/PackageCache/com.unity.visualscripting@1.8.0/Runtime/VisualScripting.Core/Serialization/Serialization.cs Line: 210)

 -> (artifact id: '572bc07e630545deae3f3986aef3908b') in 0.053056 seconds 
========================================================================
Received Import Request.
  Time since last request: 0.000051 seconds.
  path: Assets/Prefabs/Turrets/TurretE.prefab
  artifactKey: Guid(ca5b68c459ac3bf4cb9df7bc34dbd071) Importer(815301076,1909f56bfc062723c751e8b465ee728b)
Start importing Assets/Prefabs/Turrets/TurretE.prefab using Guid(ca5b68c459ac3bf4cb9df7bc34dbd071) Importer(815301076,1909f56bfc062723c751e8b465ee728b) [Deserialization] Object reference at index #0 does not match target type (UnityEngine.Object != Unity.VisualScripting.ScriptGraphAsset). Defaulting to null.
UnityEngine.StackTraceUtility:ExtractStackTrace ()
UnityEngine.DebugLogHandler:LogFormat (UnityEngine.LogType,UnityEngine.Object,string,object[])
UnityEngine.Logger:Log (UnityEngine.LogType,object,UnityEngine.Object)
UnityEngine.Debug:LogWarning (object,UnityEngine.Object)
Unity.VisualScripting.Serialization:HandleResult (string,Unity.VisualScripting.FullSerializer.fsResult,UnityEngine.Object) (at Library/PackageCache/com.unity.visualscripting@1.8.0/Runtime/VisualScripting.Core/Serialization/Serialization.cs:210)
Unity.VisualScripting.Serialization:DeserializeJson (Unity.VisualScripting.FullSerializer.fsSerializer,string,object&,bool) (at Library/PackageCache/com.unity.visualscripting@1.8.0/Runtime/VisualScripting.Core/Serialization/Serialization.cs:198)
Unity.VisualScripting.Serialization:DeserializeInto (Unity.VisualScripting.SerializationData,object&,bool) (at Library/PackageCache/com.unity.visualscripting@1.8.0/Runtime/VisualScripting.Core/Serialization/Serialization.cs:122)
Unity.VisualScripting.LudiqBehaviour:UnityEngine.ISerializationCallbackReceiver.OnAfterDeserialize () (at Library/PackageCache/com.unity.visualscripting@1.8.0/Runtime/VisualScripting.Core/Unity/LudiqBehaviour.cs:48)

(Filename: Library/PackageCache/com.unity.visualscripting@1.8.0/Runtime/VisualScripting.Core/Serialization/Serialization.cs Line: 210)

 -> (artifact id: 'c6fb19b449aff53857ddb6b008fc9794') in 0.045934 seconds 
========================================================================
Received Import Request.
  Time since last request: 10.390647 seconds.
  path: Assets/Prefabs/Turrets/TurretB.prefab
  artifactKey: Guid(13cddf68e594f844daab2246b127f125) Importer(815301076,1909f56bfc062723c751e8b465ee728b)
Start importing Assets/Prefabs/Turrets/TurretB.prefab using Guid(13cddf68e594f844daab2246b127f125) Importer(815301076,1909f56bfc062723c751e8b465ee728b)  -> (artifact id: '481114c1fef42384ef6972bd5f7db6c9') in 0.018797 seconds 
========================================================================
Received Import Request.
  Time since last request: 0.064472 seconds.
  path: Assets/Prefabs/Turrets/TurretC.prefab
  artifactKey: Guid(fea3d3b6244bacb4db466e816a1bbc0f) Importer(815301076,1909f56bfc062723c751e8b465ee728b)
Start importing Assets/Prefabs/Turrets/TurretC.prefab using Guid(fea3d3b6244bacb4db466e816a1bbc0f) Importer(815301076,1909f56bfc062723c751e8b465ee728b) [Deserialization] Object reference at index #0 does not match target type (UnityEngine.Object != Unity.VisualScripting.ScriptGraphAsset). Defaulting to null.
UnityEngine.StackTraceUtility:ExtractStackTrace ()
UnityEngine.DebugLogHandler:LogFormat (UnityEngine.LogType,UnityEngine.Object,string,object[])
UnityEngine.Logger:Log (UnityEngine.LogType,object,UnityEngine.Object)
UnityEngine.Debug:LogWarning (object,UnityEngine.Object)
Unity.VisualScripting.Serialization:HandleResult (string,Unity.VisualScripting.FullSerializer.fsResult,UnityEngine.Object) (at Library/PackageCache/com.unity.visualscripting@1.8.0/Runtime/VisualScripting.Core/Serialization/Serialization.cs:210)
Unity.VisualScripting.Serialization:DeserializeJson (Unity.VisualScripting.FullSerializer.fsSerializer,string,object&,bool) (at Library/PackageCache/com.unity.visualscripting@1.8.0/Runtime/VisualScripting.Core/Serialization/Serialization.cs:198)
Unity.VisualScripting.Serialization:DeserializeInto (Unity.VisualScripting.SerializationData,object&,bool) (at Library/PackageCache/com.unity.visualscripting@1.8.0/Runtime/VisualScripting.Core/Serialization/Serialization.cs:122)
Unity.VisualScripting.LudiqBehaviour:UnityEngine.ISerializationCallbackReceiver.OnAfterDeserialize () (at Library/PackageCache/com.unity.visualscripting@1.8.0/Runtime/VisualScripting.Core/Unity/LudiqBehaviour.cs:48)

(Filename: Library/PackageCache/com.unity.visualscripting@1.8.0/Runtime/VisualScripting.Core/Serialization/Serialization.cs Line: 210)

 -> (artifact id: '08917a0433edb3b237a41675e1c586d0') in 0.048857 seconds 
========================================================================
Received Import Request.
  Time since last request: 0.000032 seconds.
  path: Assets/Prefabs/Turrets/TurretF.prefab
  artifactKey: Guid(8daeaccc8829f8d4ca8e970c05ac89ea) Importer(815301076,1909f56bfc062723c751e8b465ee728b)
Start importing Assets/Prefabs/Turrets/TurretF.prefab using Guid(8daeaccc8829f8d4ca8e970c05ac89ea) Importer(815301076,1909f56bfc062723c751e8b465ee728b) [Deserialization] Object reference at index #0 does not match target type (UnityEngine.Object != Unity.VisualScripting.ScriptGraphAsset). Defaulting to null.
UnityEngine.StackTraceUtility:ExtractStackTrace ()
UnityEngine.DebugLogHandler:LogFormat (UnityEngine.LogType,UnityEngine.Object,string,object[])
UnityEngine.Logger:Log (UnityEngine.LogType,object,UnityEngine.Object)
UnityEngine.Debug:LogWarning (object,UnityEngine.Object)
Unity.VisualScripting.Serialization:HandleResult (string,Unity.VisualScripting.FullSerializer.fsResult,UnityEngine.Object) (at Library/PackageCache/com.unity.visualscripting@1.8.0/Runtime/VisualScripting.Core/Serialization/Serialization.cs:210)
Unity.VisualScripting.Serialization:DeserializeJson (Unity.VisualScripting.FullSerializer.fsSerializer,string,object&,bool) (at Library/PackageCache/com.unity.visualscripting@1.8.0/Runtime/VisualScripting.Core/Serialization/Serialization.cs:198)
Unity.VisualScripting.Serialization:DeserializeInto (Unity.VisualScripting.SerializationData,object&,bool) (at Library/PackageCache/com.unity.visualscripting@1.8.0/Runtime/VisualScripting.Core/Serialization/Serialization.cs:122)
Unity.VisualScripting.LudiqBehaviour:UnityEngine.ISerializationCallbackReceiver.OnAfterDeserialize () (at Library/PackageCache/com.unity.visualscripting@1.8.0/Runtime/VisualScripting.Core/Unity/LudiqBehaviour.cs:48)

(Filename: Library/PackageCache/com.unity.visualscripting@1.8.0/Runtime/VisualScripting.Core/Serialization/Serialization.cs Line: 210)

 -> (artifact id: '43df9039fa481cb59831364f89ee12f9') in 0.064491 seconds 
========================================================================
Received Import Request.
  Time since last request: 7.591635 seconds.
  path: Assets/Prefabs/Turrets/TurretC.prefab
  artifactKey: Guid(fea3d3b6244bacb4db466e816a1bbc0f) Importer(815301076,1909f56bfc062723c751e8b465ee728b)
Start importing Assets/Prefabs/Turrets/TurretC.prefab using Guid(fea3d3b6244bacb4db466e816a1bbc0f) Importer(815301076,1909f56bfc062723c751e8b465ee728b)  -> (artifact id: '15f9976e49dbc1c2d7fbe71e1cafd4c3') in 0.027013 seconds 
========================================================================
Received Import Request.
  Time since last request: 0.021830 seconds.
  path: Assets/Prefabs/Turrets/TurretD.prefab
  artifactKey: Guid(4aef4da504030df46a4d61bdf1b7cdeb) Importer(815301076,1909f56bfc062723c751e8b465ee728b)
Start importing Assets/Prefabs/Turrets/TurretD.prefab using Guid(4aef4da504030df46a4d61bdf1b7cdeb) Importer(815301076,1909f56bfc062723c751e8b465ee728b) [Deserialization] Object reference at index #0 does not match target type (UnityEngine.Object != Unity.VisualScripting.ScriptGraphAsset). Defaulting to null.
UnityEngine.StackTraceUtility:ExtractStackTrace ()
UnityEngine.DebugLogHandler:LogFormat (UnityEngine.LogType,UnityEngine.Object,string,object[])
UnityEngine.Logger:Log (UnityEngine.LogType,object,UnityEngine.Object)
UnityEngine.Debug:LogWarning (object,UnityEngine.Object)
Unity.VisualScripting.Serialization:HandleResult (string,Unity.VisualScripting.FullSerializer.fsResult,UnityEngine.Object) (at Library/PackageCache/com.unity.visualscripting@1.8.0/Runtime/VisualScripting.Core/Serialization/Serialization.cs:210)
Unity.VisualScripting.Serialization:DeserializeJson (Unity.VisualScripting.FullSerializer.fsSerializer,string,object&,bool) (at Library/PackageCache/com.unity.visualscripting@1.8.0/Runtime/VisualScripting.Core/Serialization/Serialization.cs:198)
Unity.VisualScripting.Serialization:DeserializeInto (Unity.VisualScripting.SerializationData,object&,bool) (at Library/PackageCache/com.unity.visualscripting@1.8.0/Runtime/VisualScripting.Core/Serialization/Serialization.cs:122)
Unity.VisualScripting.LudiqBehaviour:UnityEngine.ISerializationCallbackReceiver.OnAfterDeserialize () (at Library/PackageCache/com.unity.visualscripting@1.8.0/Runtime/VisualScripting.Core/Unity/LudiqBehaviour.cs:48)

(Filename: Library/PackageCache/com.unity.visualscripting@1.8.0/Runtime/VisualScripting.Core/Serialization/Serialization.cs Line: 210)

 -> (artifact id: '5e3b963f48d8c4ddd7b5afe498dd5365') in 0.053785 seconds 
========================================================================
Received Import Request.
  Time since last request: 7.209115 seconds.
  path: Assets/Prefabs/Turrets/TurretD.prefab
  artifactKey: Guid(4aef4da504030df46a4d61bdf1b7cdeb) Importer(815301076,1909f56bfc062723c751e8b465ee728b)
Start importing Assets/Prefabs/Turrets/TurretD.prefab using Guid(4aef4da504030df46a4d61bdf1b7cdeb) Importer(815301076,1909f56bfc062723c751e8b465ee728b)  -> (artifact id: '1bae3bb87bdc57fb4badb3ed50b60f8a') in 0.019300 seconds 
========================================================================
Received Import Request.
  Time since last request: 0.010089 seconds.
  path: Assets/Prefabs/Turrets/TurretE.prefab
  artifactKey: Guid(ca5b68c459ac3bf4cb9df7bc34dbd071) Importer(815301076,1909f56bfc062723c751e8b465ee728b)
Start importing Assets/Prefabs/Turrets/TurretE.prefab using Guid(ca5b68c459ac3bf4cb9df7bc34dbd071) Importer(815301076,1909f56bfc062723c751e8b465ee728b) [Deserialization] Object reference at index #0 does not match target type (UnityEngine.Object != Unity.VisualScripting.ScriptGraphAsset). Defaulting to null.
UnityEngine.StackTraceUtility:ExtractStackTrace ()
UnityEngine.DebugLogHandler:LogFormat (UnityEngine.LogType,UnityEngine.Object,string,object[])
UnityEngine.Logger:Log (UnityEngine.LogType,object,UnityEngine.Object)
UnityEngine.Debug:LogWarning (object,UnityEngine.Object)
Unity.VisualScripting.Serialization:HandleResult (string,Unity.VisualScripting.FullSerializer.fsResult,UnityEngine.Object) (at Library/PackageCache/com.unity.visualscripting@1.8.0/Runtime/VisualScripting.Core/Serialization/Serialization.cs:210)
Unity.VisualScripting.Serialization:DeserializeJson (Unity.VisualScripting.FullSerializer.fsSerializer,string,object&,bool) (at Library/PackageCache/com.unity.visualscripting@1.8.0/Runtime/VisualScripting.Core/Serialization/Serialization.cs:198)
Unity.VisualScripting.Serialization:DeserializeInto (Unity.VisualScripting.SerializationData,object&,bool) (at Library/PackageCache/com.unity.visualscripting@1.8.0/Runtime/VisualScripting.Core/Serialization/Serialization.cs:122)
Unity.VisualScripting.LudiqBehaviour:UnityEngine.ISerializationCallbackReceiver.OnAfterDeserialize () (at Library/PackageCache/com.unity.visualscripting@1.8.0/Runtime/VisualScripting.Core/Unity/LudiqBehaviour.cs:48)

(Filename: Library/PackageCache/com.unity.visualscripting@1.8.0/Runtime/VisualScripting.Core/Serialization/Serialization.cs Line: 210)

 -> (artifact id: '6e5d0bfcfffe704ff582e18bb1d7fda8') in 0.046039 seconds 
========================================================================
Received Import Request.
  Time since last request: 6.325611 seconds.
  path: Assets/Prefabs/Turrets/TurretE.prefab
  artifactKey: Guid(ca5b68c459ac3bf4cb9df7bc34dbd071) Importer(815301076,1909f56bfc062723c751e8b465ee728b)
Start importing Assets/Prefabs/Turrets/TurretE.prefab using Guid(ca5b68c459ac3bf4cb9df7bc34dbd071) Importer(815301076,1909f56bfc062723c751e8b465ee728b)  -> (artifact id: '06d2cb6496e6be4db4bf907d71fa446c') in 0.024964 seconds 
========================================================================
Received Import Request.
  Time since last request: 0.029249 seconds.
  path: Assets/Prefabs/Turrets/TurretF.prefab
  artifactKey: Guid(8daeaccc8829f8d4ca8e970c05ac89ea) Importer(815301076,1909f56bfc062723c751e8b465ee728b)
Start importing Assets/Prefabs/Turrets/TurretF.prefab using Guid(8daeaccc8829f8d4ca8e970c05ac89ea) Importer(815301076,1909f56bfc062723c751e8b465ee728b) [Deserialization] Object reference at index #0 does not match target type (UnityEngine.Object != Unity.VisualScripting.ScriptGraphAsset). Defaulting to null.
UnityEngine.StackTraceUtility:ExtractStackTrace ()
UnityEngine.DebugLogHandler:LogFormat (UnityEngine.LogType,UnityEngine.Object,string,object[])
UnityEngine.Logger:Log (UnityEngine.LogType,object,UnityEngine.Object)
UnityEngine.Debug:LogWarning (object,UnityEngine.Object)
Unity.VisualScripting.Serialization:HandleResult (string,Unity.VisualScripting.FullSerializer.fsResult,UnityEngine.Object) (at Library/PackageCache/com.unity.visualscripting@1.8.0/Runtime/VisualScripting.Core/Serialization/Serialization.cs:210)
Unity.VisualScripting.Serialization:DeserializeJson (Unity.VisualScripting.FullSerializer.fsSerializer,string,object&,bool) (at Library/PackageCache/com.unity.visualscripting@1.8.0/Runtime/VisualScripting.Core/Serialization/Serialization.cs:198)
Unity.VisualScripting.Serialization:DeserializeInto (Unity.VisualScripting.SerializationData,object&,bool) (at Library/PackageCache/com.unity.visualscripting@1.8.0/Runtime/VisualScripting.Core/Serialization/Serialization.cs:122)
Unity.VisualScripting.LudiqBehaviour:UnityEngine.ISerializationCallbackReceiver.OnAfterDeserialize () (at Library/PackageCache/com.unity.visualscripting@1.8.0/Runtime/VisualScripting.Core/Unity/LudiqBehaviour.cs:48)

(Filename: Library/PackageCache/com.unity.visualscripting@1.8.0/Runtime/VisualScripting.Core/Serialization/Serialization.cs Line: 210)

 -> (artifact id: '3c930f72e806c0400a4919d1017fcc86') in 0.047837 seconds 
========================================================================
Received Import Request.
  Time since last request: 6.646898 seconds.
  path: Assets/Prefabs/Turrets/TurretF.prefab
  artifactKey: Guid(8daeaccc8829f8d4ca8e970c05ac89ea) Importer(815301076,1909f56bfc062723c751e8b465ee728b)
Start importing Assets/Prefabs/Turrets/TurretF.prefab using Guid(8daeaccc8829f8d4ca8e970c05ac89ea) Importer(815301076,1909f56bfc062723c751e8b465ee728b)  -> (artifact id: '0eb038fd3046aef9583926186b35e97f') in 0.027247 seconds 
========================================================================
Received Prepare
Registering precompiled user dll's ...
Registered in 0.024916 seconds.
Begin MonoManager ReloadAssembly
Symbol file LoadedFromMemory doesn't match image C:\Users\Home\OneDrive\ドキュメント\GitHub\project2\project2\Spaceshooter\Library\PackageCache\com.unity.visualscripting@1.8.0\Editor\VisualScripting.Core\Dependencies\YamlDotNet\Unity.VisualScripting.YamlDotNet.dll
Symbol file LoadedFromMemory doesn't match image C:\Users\Home\OneDrive\ドキュメント\GitHub\project2\project2\Spaceshooter\Library\PackageCache\com.unity.visualscripting@1.8.0\Editor\VisualScripting.Core\Dependencies\DotNetZip\Unity.VisualScripting.IonicZip.dll
Native extension for WindowsStandalone target not found
Native extension for Android target not found
Refreshing native plugins compatible for Editor in 1.15 ms, found 4 plugins.
Preloading 0 native plugins for Editor in 0.00 ms.
System.Exception: Error! Visual Scripting: couldn't find visual scripting package
  at Unity.VisualScripting.PackageVersionUtility.get_version () [0x00043] in C:\Users\Home\OneDrive\ドキュメント\GitHub\project2\project2\Spaceshooter\Library\PackageCache\com.unity.visualscripting@1.8.0\Editor\VisualScripting.Core\Utilities\PackageVersionUtility.cs:31 
  at Unity.VisualScripting.BoltCoreManifest.get_version () [0x00000] in C:\Users\Home\OneDrive\ドキュメント\GitHub\project2\project2\Spaceshooter\Library\PackageCache\com.unity.visualscripting@1.8.0\Editor\VisualScripting.Core\Plugin\BoltCoreManifest.cs:11 
  at Unity.VisualScripting.PluginManifest.get_currentVersion () [0x00000] in C:\Users\Home\OneDrive\ドキュメント\GitHub\project2\project2\Spaceshooter\Library\PackageCache\com.unity.visualscripting@1.8.0\Editor\VisualScripting.Core\Plugins\PluginManifest.cs:33 
  at Unity.VisualScripting.PluginManifest.get_versionMismatch () [0x00000] in C:\Users\Home\OneDrive\ドキュメント\GitHub\project2\project2\Spaceshooter\Library\PackageCache\com.unity.visualscripting@1.8.0\Editor\VisualScripting.Core\Plugins\PluginManifest.cs:48 
  at Unity.VisualScripting.PluginContainer.Initialize () [0x00525] in C:\Users\Home\OneDrive\ドキュメント\GitHub\project2\project2\Spaceshooter\Library\PackageCache\com.unity.visualscripting@1.8.0\Editor\VisualScripting.Core\Plugins\PluginContainer.cs:208 
  at Unity.VisualScripting.PluginContainer.InitializeOnLoad () [0x00009] in C:\Users\Home\OneDrive\ドキュメント\GitHub\project2\project2\Spaceshooter\Library\PackageCache\com.unity.visualscripting@1.8.0\Editor\VisualScripting.Core\Plugins\PluginContainer.cs:32 
  at Unity.VisualScripting.VSUsageUtility.DoInitializeOnLoadCalls () [0x00034] in C:\Users\Home\OneDrive\ドキュメント\GitHub\project2\project2\Spaceshooter\Library\PackageCache\com.unity.visualscripting@1.8.0\Editor\VisualScripting.Core\Utilities\VSUsageUtility.cs:76 
  at Unity.VisualScripting.VSUsageUtility.set_isVisualScriptingUsed (System.Boolean value) [0x0002c] in C:\Users\Home\OneDrive\ドキュメント\GitHub\project2\project2\Spaceshooter\Library\PackageCache\com.unity.visualscripting@1.8.0\Editor\VisualScripting.Core\Utilities\VSUsageUtility.cs:114 
  at Unity.VisualScripting.VSUsageUtility.CheckAndSetIsVisualScriptingUsed () [0x0000d] in C:\Users\Home\OneDrive\ドキュメント\GitHub\project2\project2\Spaceshooter\Library\PackageCache\com.unity.visualscripting@1.8.0\Editor\VisualScripting.Core\Utilities\VSUsageUtility.cs:33 
  at Unity.VisualScripting.VSUsageUtility..cctor () [0x00000] in C:\Users\Home\OneDrive\ドキュメント\GitHub\project2\project2\Spaceshooter\Library\PackageCache\com.unity.visualscripting@1.8.0\Editor\VisualScripting.Core\Utilities\VSUsageUtility.cs:22 
UnityEngine.StackTraceUtility:ExtractStackTrace ()
UnityEngine.DebugLogHandler:LogFormat (UnityEngine.LogType,UnityEngine.Object,string,object[])
UnityEngine.Logger:Log (UnityEngine.LogType,object)
UnityEngine.Debug:LogError (object)
UnityEditor.EditorAssemblies:ProcessInitializeOnLoadAttributes (System.Type[])

Mono: successfully reloaded assembly
- Completed reload, in  3.631 seconds
Domain Reload Profiling:
	ReloadAssembly (3632ms)
		BeginReloadAssembly (410ms)
			ExecutionOrderSort (0ms)
			DisableScriptedObjects (16ms)
			BackupInstance (0ms)
			ReleaseScriptingObjects (0ms)
			CreateAndSetChildDomain (121ms)
		EndReloadAssembly (2960ms)
			LoadAssemblies (293ms)
			RebuildTransferFunctionScriptingTraits (0ms)
			SetupTypeCache (625ms)
			ReleaseScriptCaches (2ms)
			RebuildScriptCaches (140ms)
			SetupLoadedEditorAssemblies (1369ms)
				LogAssemblyErrors (0ms)
				InitializePlatformSupportModulesInManaged (57ms)
				SetLoadedEditorAssemblies (1ms)
				RefreshPlugins (1ms)
				BeforeProcessingInitializeOnLoad (233ms)
				ProcessInitializeOnLoadAttributes (947ms)
				ProcessInitializeOnLoadMethodAttributes (99ms)
				AfterProcessingInitializeOnLoad (30ms)
				EditorAssembliesLoaded (0ms)
			ExecutionOrderSort2 (0ms)
			AwakeInstancesAfterBackupRestoration (31ms)
Platform modules already initialized, skipping
Refreshing native plugins compatible for Editor in 6.90 ms, found 4 plugins.
Preloading 0 native plugins for Editor in 0.00 ms.
Unloading 3832 Unused Serialized files (Serialized files now loaded: 0)
Unloading 22 unused Assets / (22.0 KB). Loaded Objects now: 4321.
Memory consumption went from 150.4 MB to 150.4 MB.
Total: 23.414500 ms (FindLiveObjects: 0.426300 ms CreateObjectMapping: 0.424100 ms MarkObjects: 22.515700 ms  DeleteObjects: 0.046800 ms)

AssetImportParameters requested are different than current active one (requested -> active):
  custom:video-decoder-ogg-theora: a1e56fd34408186e4bbccfd4996cb3dc -> 
  custom:container-muxer-webm: aa71ff27fc2769a1b78a27578f13a17b -> 
  custom:container-demuxer-webm: 4f35f7cbe854078d1ac9338744f61a02 -> 
  custom:video-encoder-webm-vp8: eb34c28f22e8b96e1ab97ce403110664 -> 
  custom:CustomObjectIndexerAttribute: bc11b3a6c3213fcdd17b65e7da85e133 -> 
  custom:audio-encoder-webm-vorbis: bf7c407c2cedff20999df2af8eb42d56 -> 
  custom:framework-win-MediaFoundation: 216162199b28c13a410421893ffa2e32 -> 
  custom:container-demuxer-ogg: 62fdf1f143b41e24485cea50d1cbac27 -> 
  custom:video-decoder-webm-vp8: 9c59270c3fd7afecdb556c50c9e8de78 -> 
  custom:audio-decoder-ogg-vorbis: bf7c407c2cedff20999df2af8eb42d56 -> 
========================================================================
Received Import Request.
  Time since last request: 527.018057 seconds.
  path: Assets/Enemy/MineExplosion 1.prefab
  artifactKey: Guid(c513da5c817d70f48a92823c85011fdd) Importer(815301076,1909f56bfc062723c751e8b465ee728b)
Start importing Assets/Enemy/MineExplosion 1.prefab using Guid(c513da5c817d70f48a92823c85011fdd) Importer(815301076,1909f56bfc062723c751e8b465ee728b)  -> (artifact id: '1d435b1e3b71ec1ce18dd67d7423a14e') in 0.233333 seconds 
========================================================================
Received Prepare
Registering precompiled user dll's ...
Registered in 0.024919 seconds.
Begin MonoManager ReloadAssembly
Symbol file LoadedFromMemory doesn't match image C:\Users\Home\OneDrive\ドキュメント\GitHub\project2\project2\Spaceshooter\Library\PackageCache\com.unity.visualscripting@1.8.0\Editor\VisualScripting.Core\Dependencies\YamlDotNet\Unity.VisualScripting.YamlDotNet.dll
Symbol file LoadedFromMemory doesn't match image C:\Users\Home\OneDrive\ドキュメント\GitHub\project2\project2\Spaceshooter\Library\PackageCache\com.unity.visualscripting@1.8.0\Editor\VisualScripting.Core\Dependencies\DotNetZip\Unity.VisualScripting.IonicZip.dll
Native extension for WindowsStandalone target not found
Native extension for Android target not found
Refreshing native plugins compatible for Editor in 1.93 ms, found 4 plugins.
Preloading 0 native plugins for Editor in 0.00 ms.
System.Exception: Error! Visual Scripting: couldn't find visual scripting package
  at Unity.VisualScripting.PackageVersionUtility.get_version () [0x00043] in C:\Users\Home\OneDrive\ドキュメント\GitHub\project2\project2\Spaceshooter\Library\PackageCache\com.unity.visualscripting@1.8.0\Editor\VisualScripting.Core\Utilities\PackageVersionUtility.cs:31 
  at Unity.VisualScripting.BoltCoreManifest.get_version () [0x00000] in C:\Users\Home\OneDrive\ドキュメント\GitHub\project2\project2\Spaceshooter\Library\PackageCache\com.unity.visualscripting@1.8.0\Editor\VisualScripting.Core\Plugin\BoltCoreManifest.cs:11 
  at Unity.VisualScripting.PluginManifest.get_currentVersion () [0x00000] in C:\Users\Home\OneDrive\ドキュメント\GitHub\project2\project2\Spaceshooter\Library\PackageCache\com.unity.visualscripting@1.8.0\Editor\VisualScripting.Core\Plugins\PluginManifest.cs:33 
  at Unity.VisualScripting.PluginManifest.get_versionMismatch () [0x00000] in C:\Users\Home\OneDrive\ドキュメント\GitHub\project2\project2\Spaceshooter\Library\PackageCache\com.unity.visualscripting@1.8.0\Editor\VisualScripting.Core\Plugins\PluginManifest.cs:48 
  at Unity.VisualScripting.PluginContainer.Initialize () [0x00525] in C:\Users\Home\OneDrive\ドキュメント\GitHub\project2\project2\Spaceshooter\Library\PackageCache\com.unity.visualscripting@1.8.0\Editor\VisualScripting.Core\Plugins\PluginContainer.cs:208 
  at Unity.VisualScripting.PluginContainer.InitializeOnLoad () [0x00009] in C:\Users\Home\OneDrive\ドキュメント\GitHub\project2\project2\Spaceshooter\Library\PackageCache\com.unity.visualscripting@1.8.0\Editor\VisualScripting.Core\Plugins\PluginContainer.cs:32 
  at Unity.VisualScripting.VSUsageUtility.DoInitializeOnLoadCalls () [0x00034] in C:\Users\Home\OneDrive\ドキュメント\GitHub\project2\project2\Spaceshooter\Library\PackageCache\com.unity.visualscripting@1.8.0\Editor\VisualScripting.Core\Utilities\VSUsageUtility.cs:76 
  at Unity.VisualScripting.VSUsageUtility.set_isVisualScriptingUsed (System.Boolean value) [0x0002c] in C:\Users\Home\OneDrive\ドキュメント\GitHub\project2\project2\Spaceshooter\Library\PackageCache\com.unity.visualscripting@1.8.0\Editor\VisualScripting.Core\Utilities\VSUsageUtility.cs:114 
  at Unity.VisualScripting.VSUsageUtility.CheckAndSetIsVisualScriptingUsed () [0x0000d] in C:\Users\Home\OneDrive\ドキュメント\GitHub\project2\project2\Spaceshooter\Library\PackageCache\com.unity.visualscripting@1.8.0\Editor\VisualScripting.Core\Utilities\VSUsageUtility.cs:33 
  at Unity.VisualScripting.VSUsageUtility..cctor () [0x00000] in C:\Users\Home\OneDrive\ドキュメント\GitHub\project2\project2\Spaceshooter\Library\PackageCache\com.unity.visualscripting@1.8.0\Editor\VisualScripting.Core\Utilities\VSUsageUtility.cs:22 
UnityEngine.StackTraceUtility:ExtractStackTrace ()
UnityEngine.DebugLogHandler:LogFormat (UnityEngine.LogType,UnityEngine.Object,string,object[])
UnityEngine.Logger:Log (UnityEngine.LogType,object)
UnityEngine.Debug:LogError (object)
UnityEditor.EditorAssemblies:ProcessInitializeOnLoadAttributes (System.Type[])

Mono: successfully reloaded assembly
- Completed reload, in  3.998 seconds
Domain Reload Profiling:
	ReloadAssembly (3999ms)
		BeginReloadAssembly (403ms)
			ExecutionOrderSort (0ms)
			DisableScriptedObjects (17ms)
			BackupInstance (0ms)
			ReleaseScriptingObjects (0ms)
			CreateAndSetChildDomain (81ms)
		EndReloadAssembly (3337ms)
			LoadAssemblies (337ms)
			RebuildTransferFunctionScriptingTraits (0ms)
			SetupTypeCache (668ms)
			ReleaseScriptCaches (3ms)
			RebuildScriptCaches (116ms)
			SetupLoadedEditorAssemblies (1625ms)
				LogAssemblyErrors (0ms)
				InitializePlatformSupportModulesInManaged (67ms)
				SetLoadedEditorAssemblies (1ms)
				RefreshPlugins (2ms)
				BeforeProcessingInitializeOnLoad (268ms)
				ProcessInitializeOnLoadAttributes (1098ms)
				ProcessInitializeOnLoadMethodAttributes (148ms)
				AfterProcessingInitializeOnLoad (40ms)
				EditorAssembliesLoaded (0ms)
			ExecutionOrderSort2 (0ms)
			AwakeInstancesAfterBackupRestoration (43ms)
Platform modules already initialized, skipping
Refreshing native plugins compatible for Editor in 9.26 ms, found 4 plugins.
Preloading 0 native plugins for Editor in 0.00 ms.
Unloading 3832 Unused Serialized files (Serialized files now loaded: 0)
Unloading 22 unused Assets / (22.0 KB). Loaded Objects now: 4326.
Memory consumption went from 150.5 MB to 150.5 MB.
Total: 43.892300 ms (FindLiveObjects: 0.567800 ms CreateObjectMapping: 0.520200 ms MarkObjects: 42.728800 ms  DeleteObjects: 0.073400 ms)

AssetImportParameters requested are different than current active one (requested -> active):
  custom:video-decoder-ogg-theora: a1e56fd34408186e4bbccfd4996cb3dc -> 
  custom:container-muxer-webm: aa71ff27fc2769a1b78a27578f13a17b -> 
  custom:container-demuxer-webm: 4f35f7cbe854078d1ac9338744f61a02 -> 
  custom:video-encoder-webm-vp8: eb34c28f22e8b96e1ab97ce403110664 -> 
  custom:CustomObjectIndexerAttribute: bc11b3a6c3213fcdd17b65e7da85e133 -> 
  custom:audio-encoder-webm-vorbis: bf7c407c2cedff20999df2af8eb42d56 -> 
  custom:framework-win-MediaFoundation: 216162199b28c13a410421893ffa2e32 -> 
  custom:container-demuxer-ogg: 62fdf1f143b41e24485cea50d1cbac27 -> 
  custom:video-decoder-webm-vp8: 9c59270c3fd7afecdb556c50c9e8de78 -> 
  custom:audio-decoder-ogg-vorbis: bf7c407c2cedff20999df2af8eb42d56 -> 
========================================================================
Received Import Request.
  Time since last request: 3362.524935 seconds.
  path: Assets/Prefabs/Turrets/TurretA.prefab
  artifactKey: Guid(a83a3f611ea68e845abbcac7b704af25) Importer(815301076,1909f56bfc062723c751e8b465ee728b)
Start importing Assets/Prefabs/Turrets/TurretA.prefab using Guid(a83a3f611ea68e845abbcac7b704af25) Importer(815301076,1909f56bfc062723c751e8b465ee728b) [Deserialization] Object reference at index #0 does not match target type (UnityEngine.Object != Unity.VisualScripting.ScriptGraphAsset). Defaulting to null.
UnityEngine.StackTraceUtility:ExtractStackTrace ()
UnityEngine.DebugLogHandler:LogFormat (UnityEngine.LogType,UnityEngine.Object,string,object[])
UnityEngine.Logger:Log (UnityEngine.LogType,object,UnityEngine.Object)
UnityEngine.Debug:LogWarning (object,UnityEngine.Object)
Unity.VisualScripting.Serialization:HandleResult (string,Unity.VisualScripting.FullSerializer.fsResult,UnityEngine.Object) (at Library/PackageCache/com.unity.visualscripting@1.8.0/Runtime/VisualScripting.Core/Serialization/Serialization.cs:210)
Unity.VisualScripting.Serialization:DeserializeJson (Unity.VisualScripting.FullSerializer.fsSerializer,string,object&,bool) (at Library/PackageCache/com.unity.visualscripting@1.8.0/Runtime/VisualScripting.Core/Serialization/Serialization.cs:198)
Unity.VisualScripting.Serialization:DeserializeInto (Unity.VisualScripting.SerializationData,object&,bool) (at Library/PackageCache/com.unity.visualscripting@1.8.0/Runtime/VisualScripting.Core/Serialization/Serialization.cs:122)
Unity.VisualScripting.LudiqBehaviour:UnityEngine.ISerializationCallbackReceiver.OnAfterDeserialize () (at Library/PackageCache/com.unity.visualscripting@1.8.0/Runtime/VisualScripting.Core/Unity/LudiqBehaviour.cs:48)

(Filename: Library/PackageCache/com.unity.visualscripting@1.8.0/Runtime/VisualScripting.Core/Serialization/Serialization.cs Line: 210)

 -> (artifact id: '43379c9847e6bd9f26cac2b183d30dac') in 1.199281 seconds 
========================================================================
Received Prepare
Registering precompiled user dll's ...
Registered in 0.022782 seconds.
Begin MonoManager ReloadAssembly
Symbol file LoadedFromMemory doesn't match image C:\Users\Home\OneDrive\ドキュメント\GitHub\project2\project2\Spaceshooter\Library\PackageCache\com.unity.visualscripting@1.8.0\Editor\VisualScripting.Core\Dependencies\YamlDotNet\Unity.VisualScripting.YamlDotNet.dll
Symbol file LoadedFromMemory doesn't match image C:\Users\Home\OneDrive\ドキュメント\GitHub\project2\project2\Spaceshooter\Library\PackageCache\com.unity.visualscripting@1.8.0\Editor\VisualScripting.Core\Dependencies\DotNetZip\Unity.VisualScripting.IonicZip.dll
Native extension for WindowsStandalone target not found
Native extension for Android target not found
Refreshing native plugins compatible for Editor in 1.03 ms, found 4 plugins.
Preloading 0 native plugins for Editor in 0.00 ms.
System.Exception: Error! Visual Scripting: couldn't find visual scripting package
  at Unity.VisualScripting.PackageVersionUtility.get_version () [0x00043] in C:\Users\Home\OneDrive\ドキュメント\GitHub\project2\project2\Spaceshooter\Library\PackageCache\com.unity.visualscripting@1.8.0\Editor\VisualScripting.Core\Utilities\PackageVersionUtility.cs:31 
  at Unity.VisualScripting.BoltCoreManifest.get_version () [0x00000] in C:\Users\Home\OneDrive\ドキュメント\GitHub\project2\project2\Spaceshooter\Library\PackageCache\com.unity.visualscripting@1.8.0\Editor\VisualScripting.Core\Plugin\BoltCoreManifest.cs:11 
  at Unity.VisualScripting.PluginManifest.get_currentVersion () [0x00000] in C:\Users\Home\OneDrive\ドキュメント\GitHub\project2\project2\Spaceshooter\Library\PackageCache\com.unity.visualscripting@1.8.0\Editor\VisualScripting.Core\Plugins\PluginManifest.cs:33 
  at Unity.VisualScripting.PluginManifest.get_versionMismatch () [0x00000] in C:\Users\Home\OneDrive\ドキュメント\GitHub\project2\project2\Spaceshooter\Library\PackageCache\com.unity.visualscripting@1.8.0\Editor\VisualScripting.Core\Plugins\PluginManifest.cs:48 
  at Unity.VisualScripting.PluginContainer.Initialize () [0x00525] in C:\Users\Home\OneDrive\ドキュメント\GitHub\project2\project2\Spaceshooter\Library\PackageCache\com.unity.visualscripting@1.8.0\Editor\VisualScripting.Core\Plugins\PluginContainer.cs:208 
  at Unity.VisualScripting.PluginContainer.InitializeOnLoad () [0x00009] in C:\Users\Home\OneDrive\ドキュメント\GitHub\project2\project2\Spaceshooter\Library\PackageCache\com.unity.visualscripting@1.8.0\Editor\VisualScripting.Core\Plugins\PluginContainer.cs:32 
  at Unity.VisualScripting.VSUsageUtility.DoInitializeOnLoadCalls () [0x00034] in C:\Users\Home\OneDrive\ドキュメント\GitHub\project2\project2\Spaceshooter\Library\PackageCache\com.unity.visualscripting@1.8.0\Editor\VisualScripting.Core\Utilities\VSUsageUtility.cs:76 
  at Unity.VisualScripting.VSUsageUtility.set_isVisualScriptingUsed (System.Boolean value) [0x0002c] in C:\Users\Home\OneDrive\ドキュメント\GitHub\project2\project2\Spaceshooter\Library\PackageCache\com.unity.visualscripting@1.8.0\Editor\VisualScripting.Core\Utilities\VSUsageUtility.cs:114 
  at Unity.VisualScripting.VSUsageUtility.CheckAndSetIsVisualScriptingUsed () [0x0000d] in C:\Users\Home\OneDrive\ドキュメント\GitHub\project2\project2\Spaceshooter\Library\PackageCache\com.unity.visualscripting@1.8.0\Editor\VisualScripting.Core\Utilities\VSUsageUtility.cs:33 
  at Unity.VisualScripting.VSUsageUtility..cctor () [0x00000] in C:\Users\Home\OneDrive\ドキュメント\GitHub\project2\project2\Spaceshooter\Library\PackageCache\com.unity.visualscripting@1.8.0\Editor\VisualScripting.Core\Utilities\VSUsageUtility.cs:22 
UnityEngine.StackTraceUtility:ExtractStackTrace ()
UnityEngine.DebugLogHandler:LogFormat (UnityEngine.LogType,UnityEngine.Object,string,object[])
UnityEngine.Logger:Log (UnityEngine.LogType,object)
UnityEngine.Debug:LogError (object)
UnityEditor.EditorAssemblies:ProcessInitializeOnLoadAttributes (System.Type[])

Mono: successfully reloaded assembly
- Completed reload, in  3.748 seconds
Domain Reload Profiling:
	ReloadAssembly (3751ms)
		BeginReloadAssembly (440ms)
			ExecutionOrderSort (0ms)
			DisableScriptedObjects (25ms)
			BackupInstance (0ms)
			ReleaseScriptingObjects (0ms)
			CreateAndSetChildDomain (126ms)
		EndReloadAssembly (3012ms)
			LoadAssemblies (314ms)
			RebuildTransferFunctionScriptingTraits (0ms)
			SetupTypeCache (644ms)
			ReleaseScriptCaches (2ms)
			RebuildScriptCaches (107ms)
			SetupLoadedEditorAssemblies (1376ms)
				LogAssemblyErrors (0ms)
				InitializePlatformSupportModulesInManaged (47ms)
				SetLoadedEditorAssemblies (1ms)
				RefreshPlugins (1ms)
				BeforeProcessingInitializeOnLoad (227ms)
				ProcessInitializeOnLoadAttributes (951ms)
				ProcessInitializeOnLoadMethodAttributes (116ms)
				AfterProcessingInitializeOnLoad (33ms)
				EditorAssembliesLoaded (0ms)
			ExecutionOrderSort2 (0ms)
			AwakeInstancesAfterBackupRestoration (35ms)
Platform modules already initialized, skipping
Refreshing native plugins compatible for Editor in 5.83 ms, found 4 plugins.
Preloading 0 native plugins for Editor in 0.00 ms.
Unloading 3832 Unused Serialized files (Serialized files now loaded: 0)
Unloading 22 unused Assets / (21.9 KB). Loaded Objects now: 4330.
Memory consumption went from 150.6 MB to 150.5 MB.
Total: 40.737400 ms (FindLiveObjects: 0.457100 ms CreateObjectMapping: 0.432700 ms MarkObjects: 39.798200 ms  DeleteObjects: 0.047400 ms)

AssetImportParameters requested are different than current active one (requested -> active):
  custom:video-decoder-ogg-theora: a1e56fd34408186e4bbccfd4996cb3dc -> 
  custom:container-muxer-webm: aa71ff27fc2769a1b78a27578f13a17b -> 
  custom:container-demuxer-webm: 4f35f7cbe854078d1ac9338744f61a02 -> 
  custom:video-encoder-webm-vp8: eb34c28f22e8b96e1ab97ce403110664 -> 
  custom:CustomObjectIndexerAttribute: bc11b3a6c3213fcdd17b65e7da85e133 -> 
  custom:audio-encoder-webm-vorbis: bf7c407c2cedff20999df2af8eb42d56 -> 
  custom:framework-win-MediaFoundation: 216162199b28c13a410421893ffa2e32 -> 
  custom:container-demuxer-ogg: 62fdf1f143b41e24485cea50d1cbac27 -> 
  custom:video-decoder-webm-vp8: 9c59270c3fd7afecdb556c50c9e8de78 -> 
  custom:audio-decoder-ogg-vorbis: bf7c407c2cedff20999df2af8eb42d56 -> 
========================================================================
Received Import Request.
  Time since last request: 8852.683108 seconds.
  path: Assets/Scripts/EnemyShip.asset
  artifactKey: Guid(29769f70f5ca8d848bc3f451ea9d930d) Importer(815301076,1909f56bfc062723c751e8b465ee728b)
Start importing Assets/Scripts/EnemyShip.asset using Guid(29769f70f5ca8d848bc3f451ea9d930d) Importer(815301076,1909f56bfc062723c751e8b465ee728b)  -> (artifact id: '44d1812d30130889630d76283345fa9b') in 1.615992 seconds 
