Using pre-set license
Built from '2021.3/staging' branch; Version is '2021.3.29f1 (204d6dc9ae1c) revision 2116973'; Using compiler version '192829333'; Build Type 'Release'
OS: 'Windows 10  (10.0.19044) 64bit EnterpriseS' Language: 'ru' Physical Memory: 12171 MB
BatchMode: 1, IsHumanControllingUs: 0, StartBugReporterOnCrash: 0, Is64bit: 1, IsPro: 1

COMMAND LINE ARGUMENTS:
C:\Program Files\Unity\Hub\Editor\2021.3.29f1\Editor\Unity.exe
-adb2
-batchMode
-noUpm
-name
AssetImportWorker1
-projectPath
C:/Users/Home/OneDrive/ドキュメント/GitHub/project2/project2/Spaceshooter
-logFile
Logs/AssetImportWorker1.log
-srvPort
55551
Successfully changed project path to: C:/Users/Home/OneDrive/ドキュメント/GitHub/project2/project2/Spaceshooter
C:/Users/Home/OneDrive/ドキュメント/GitHub/project2/project2/Spaceshooter
[UnityMemory] Configuration Parameters - Can be set up in boot.config
    "memorysetup-bucket-allocator-granularity=16"
    "memorysetup-bucket-allocator-bucket-count=8"
    "memorysetup-bucket-allocator-block-size=33554432"
    "memorysetup-bucket-allocator-block-count=8"
    "memorysetup-main-allocator-block-size=16777216"
    "memorysetup-thread-allocator-block-size=16777216"
    "memorysetup-gfx-main-allocator-block-size=16777216"
    "memorysetup-gfx-thread-allocator-block-size=16777216"
    "memorysetup-cache-allocator-block-size=4194304"
    "memorysetup-typetree-allocator-block-size=2097152"
    "memorysetup-profiler-bucket-allocator-granularity=16"
    "memorysetup-profiler-bucket-allocator-bucket-count=8"
    "memorysetup-profiler-bucket-allocator-block-size=33554432"
    "memorysetup-profiler-bucket-allocator-block-count=8"
    "memorysetup-profiler-allocator-block-size=16777216"
    "memorysetup-profiler-editor-allocator-block-size=1048576"
    "memorysetup-temp-allocator-size-main=16777216"
    "memorysetup-job-temp-allocator-block-size=2097152"
    "memorysetup-job-temp-allocator-block-size-background=1048576"
    "memorysetup-job-temp-allocator-reduction-small-platforms=262144"
    "memorysetup-temp-allocator-size-background-worker=32768"
    "memorysetup-temp-allocator-size-job-worker=262144"
    "memorysetup-temp-allocator-size-preload-manager=33554432"
    "memorysetup-temp-allocator-size-nav-mesh-worker=65536"
    "memorysetup-temp-allocator-size-audio-worker=65536"
    "memorysetup-temp-allocator-size-cloud-worker=32768"
    "memorysetup-temp-allocator-size-gi-baking-worker=262144"
    "memorysetup-temp-allocator-size-gfx=262144"
Player connection [11812] Host "[IP] 192.168.100.7 [Port] 0 [Flags] 2 [Guid] 3042025352 [EditorId] 3042025352 [Version] 1048832 [Id] WindowsEditor(7,DESKTOP-JD61II4) [Debug] 1 [PackageName] WindowsEditor [ProjectName] Editor" joined multi-casting on [225.0.0.222:54997]...

Player connection [11812] Host "[IP] 192.168.100.7 [Port] 0 [Flags] 2 [Guid] 3042025352 [EditorId] 3042025352 [Version] 1048832 [Id] WindowsEditor(7,DESKTOP-JD61II4) [Debug] 1 [PackageName] WindowsEditor [ProjectName] Editor" joined alternative multi-casting on [225.0.0.222:34997]...

Refreshing native plugins compatible for Editor in 340.54 ms, found 4 plugins.
Preloading 0 native plugins for Editor in 0.00 ms.
Initialize engine version: 2021.3.29f1 (204d6dc9ae1c)
[Subsystems] Discovering subsystems at path C:/Program Files/Unity/Hub/Editor/2021.3.29f1/Editor/Data/Resources/UnitySubsystems
[Subsystems] Discovering subsystems at path C:/Users/Home/OneDrive/ドキュメント/GitHub/project2/project2/Spaceshooter/Assets
GfxDevice: creating device client; threaded=0; jobified=0
Direct3D:
    Version:  Direct3D 11.0 [level 11.0]
    Renderer: NVIDIA GeForce GT 750M (ID=0xfe4)
    Vendor:   NVIDIA
    VRAM:     4054 MB
    Driver:   25.21.14.2531
Initialize mono
Mono path[0] = 'C:/Program Files/Unity/Hub/Editor/2021.3.29f1/Editor/Data/Managed'
Mono path[1] = 'C:/Program Files/Unity/Hub/Editor/2021.3.29f1/Editor/Data/MonoBleedingEdge/lib/mono/unityjit-win32'
Mono config path = 'C:/Program Files/Unity/Hub/Editor/2021.3.29f1/Editor/Data/MonoBleedingEdge/etc'
Using monoOptions --debugger-agent=transport=dt_socket,embedding=1,server=y,suspend=n,address=127.0.0.1:56708
Begin MonoManager ReloadAssembly
Registering precompiled unity dll's ...
Register platform support module: C:/Program Files/Unity/Hub/Editor/2021.3.29f1/Editor/Data/PlaybackEngines/AndroidPlayer/UnityEditor.Android.Extensions.dll
Register platform support module: C:/Program Files/Unity/Hub/Editor/2021.3.29f1/Editor/Data/PlaybackEngines/WindowsStandaloneSupport/UnityEditor.WindowsStandalone.Extensions.dll
Registered in 0.049315 seconds.
Native extension for WindowsStandalone target not found
Native extension for Android target not found
Android Extension - Scanning For ADB Devices 1519 ms
Refreshing native plugins compatible for Editor in 410.09 ms, found 4 plugins.
Preloading 0 native plugins for Editor in 0.00 ms.
Mono: successfully reloaded assembly
- Completed reload, in  4.803 seconds
Domain Reload Profiling:
	ReloadAssembly (4804ms)
		BeginReloadAssembly (397ms)
			ExecutionOrderSort (0ms)
			DisableScriptedObjects (0ms)
			BackupInstance (0ms)
			ReleaseScriptingObjects (0ms)
			CreateAndSetChildDomain (4ms)
		EndReloadAssembly (3911ms)
			LoadAssemblies (387ms)
			RebuildTransferFunctionScriptingTraits (0ms)
			SetupTypeCache (485ms)
			ReleaseScriptCaches (0ms)
			RebuildScriptCaches (109ms)
			SetupLoadedEditorAssemblies (3092ms)
				LogAssemblyErrors (0ms)
				InitializePlatformSupportModulesInManaged (1951ms)
				SetLoadedEditorAssemblies (1ms)
				RefreshPlugins (410ms)
				BeforeProcessingInitializeOnLoad (5ms)
				ProcessInitializeOnLoadAttributes (508ms)
				ProcessInitializeOnLoadMethodAttributes (217ms)
				AfterProcessingInitializeOnLoad (0ms)
				EditorAssembliesLoaded (0ms)
			ExecutionOrderSort2 (0ms)
			AwakeInstancesAfterBackupRestoration (0ms)
Platform modules already initialized, skipping
Registering precompiled user dll's ...
Registered in 0.052668 seconds.
Begin MonoManager ReloadAssembly
Symbol file LoadedFromMemory doesn't match image C:\Users\Home\OneDrive\ドキュメント\GitHub\project2\project2\Spaceshooter\Library\PackageCache\com.unity.visualscripting@1.8.0\Editor\VisualScripting.Core\Dependencies\YamlDotNet\Unity.VisualScripting.YamlDotNet.dll
Symbol file LoadedFromMemory doesn't match image C:\Users\Home\OneDrive\ドキュメント\GitHub\project2\project2\Spaceshooter\Library\PackageCache\com.unity.visualscripting@1.8.0\Editor\VisualScripting.Core\Dependencies\DotNetZip\Unity.VisualScripting.IonicZip.dll
Native extension for WindowsStandalone target not found
Native extension for Android target not found
Refreshing native plugins compatible for Editor in 358.31 ms, found 4 plugins.
Preloading 0 native plugins for Editor in 0.00 ms.
System.Exception: Error! Visual Scripting: couldn't find visual scripting package
  at Unity.VisualScripting.PackageVersionUtility.get_version () [0x00043] in C:\Users\Home\OneDrive\ドキュメント\GitHub\project2\project2\Spaceshooter\Library\PackageCache\com.unity.visualscripting@1.8.0\Editor\VisualScripting.Core\Utilities\PackageVersionUtility.cs:31 
  at Unity.VisualScripting.BoltCoreManifest.get_version () [0x00000] in C:\Users\Home\OneDrive\ドキュメント\GitHub\project2\project2\Spaceshooter\Library\PackageCache\com.unity.visualscripting@1.8.0\Editor\VisualScripting.Core\Plugin\BoltCoreManifest.cs:11 
  at Unity.VisualScripting.PluginManifest.get_currentVersion () [0x00000] in C:\Users\Home\OneDrive\ドキュメント\GitHub\project2\project2\Spaceshooter\Library\PackageCache\com.unity.visualscripting@1.8.0\Editor\VisualScripting.Core\Plugins\PluginManifest.cs:33 
  at Unity.VisualScripting.PluginManifest.get_versionMismatch () [0x00000] in C:\Users\Home\OneDrive\ドキュメント\GitHub\project2\project2\Spaceshooter\Library\PackageCache\com.unity.visualscripting@1.8.0\Editor\VisualScripting.Core\Plugins\PluginManifest.cs:48 
  at Unity.VisualScripting.PluginContainer.Initialize () [0x00525] in C:\Users\Home\OneDrive\ドキュメント\GitHub\project2\project2\Spaceshooter\Library\PackageCache\com.unity.visualscripting@1.8.0\Editor\VisualScripting.Core\Plugins\PluginContainer.cs:208 
  at Unity.VisualScripting.PluginContainer.InitializeOnLoad () [0x00009] in C:\Users\Home\OneDrive\ドキュメント\GitHub\project2\project2\Spaceshooter\Library\PackageCache\com.unity.visualscripting@1.8.0\Editor\VisualScripting.Core\Plugins\PluginContainer.cs:32 
  at Unity.VisualScripting.VSUsageUtility.DoInitializeOnLoadCalls () [0x00034] in C:\Users\Home\OneDrive\ドキュメント\GitHub\project2\project2\Spaceshooter\Library\PackageCache\com.unity.visualscripting@1.8.0\Editor\VisualScripting.Core\Utilities\VSUsageUtility.cs:76 
  at Unity.VisualScripting.VSUsageUtility.set_isVisualScriptingUsed (System.Boolean value) [0x0002c] in C:\Users\Home\OneDrive\ドキュメント\GitHub\project2\project2\Spaceshooter\Library\PackageCache\com.unity.visualscripting@1.8.0\Editor\VisualScripting.Core\Utilities\VSUsageUtility.cs:114 
  at Unity.VisualScripting.VSUsageUtility.CheckAndSetIsVisualScriptingUsed () [0x00032] in C:\Users\Home\OneDrive\ドキュメント\GitHub\project2\project2\Spaceshooter\Library\PackageCache\com.unity.visualscripting@1.8.0\Editor\VisualScripting.Core\Utilities\VSUsageUtility.cs:48 
  at Unity.VisualScripting.VSUsageUtility..cctor () [0x00000] in C:\Users\Home\OneDrive\ドキュメント\GitHub\project2\project2\Spaceshooter\Library\PackageCache\com.unity.visualscripting@1.8.0\Editor\VisualScripting.Core\Utilities\VSUsageUtility.cs:22 
UnityEngine.StackTraceUtility:ExtractStackTrace ()
UnityEngine.DebugLogHandler:LogFormat (UnityEngine.LogType,UnityEngine.Object,string,object[])
UnityEngine.Logger:Log (UnityEngine.LogType,object)
UnityEngine.Debug:LogError (object)
UnityEditor.EditorAssemblies:ProcessInitializeOnLoadAttributes (System.Type[])

Mono: successfully reloaded assembly
- Completed reload, in  6.550 seconds
Domain Reload Profiling:
	ReloadAssembly (6553ms)
		BeginReloadAssembly (563ms)
			ExecutionOrderSort (0ms)
			DisableScriptedObjects (14ms)
			BackupInstance (0ms)
			ReleaseScriptingObjects (1ms)
			CreateAndSetChildDomain (89ms)
		EndReloadAssembly (5467ms)
			LoadAssemblies (510ms)
			RebuildTransferFunctionScriptingTraits (0ms)
			SetupTypeCache (1089ms)
			ReleaseScriptCaches (2ms)
			RebuildScriptCaches (315ms)
			SetupLoadedEditorAssemblies (3314ms)
				LogAssemblyErrors (0ms)
				InitializePlatformSupportModulesInManaged (109ms)
				SetLoadedEditorAssemblies (0ms)
				RefreshPlugins (358ms)
				BeforeProcessingInitializeOnLoad (369ms)
				ProcessInitializeOnLoadAttributes (2235ms)
				ProcessInitializeOnLoadMethodAttributes (186ms)
				AfterProcessingInitializeOnLoad (55ms)
				EditorAssembliesLoaded (1ms)
			ExecutionOrderSort2 (0ms)
			AwakeInstancesAfterBackupRestoration (54ms)
Platform modules already initialized, skipping
========================================================================
Worker process is ready to serve import requests
Launched and connected shader compiler UnityShaderCompiler.exe after 0.17 seconds
Refreshing native plugins compatible for Editor in 1.29 ms, found 4 plugins.
Preloading 0 native plugins for Editor in 0.00 ms.
Unloading 3844 Unused Serialized files (Serialized files now loaded: 0)
Unloading 35 unused Assets / (46.4 KB). Loaded Objects now: 4310.
Memory consumption went from 151.7 MB to 151.7 MB.
Total: 44.401600 ms (FindLiveObjects: 0.719500 ms CreateObjectMapping: 0.969400 ms MarkObjects: 42.553600 ms  DeleteObjects: 0.157100 ms)

AssetImportParameters requested are different than current active one (requested -> active):
  custom:video-decoder-ogg-theora: a1e56fd34408186e4bbccfd4996cb3dc -> 
  custom:container-muxer-webm: aa71ff27fc2769a1b78a27578f13a17b -> 
  custom:container-demuxer-webm: 4f35f7cbe854078d1ac9338744f61a02 -> 
  custom:video-encoder-webm-vp8: eb34c28f22e8b96e1ab97ce403110664 -> 
  custom:CustomObjectIndexerAttribute: bc11b3a6c3213fcdd17b65e7da85e133 -> 
  custom:audio-encoder-webm-vorbis: bf7c407c2cedff20999df2af8eb42d56 -> 
  custom:framework-win-MediaFoundation: 216162199b28c13a410421893ffa2e32 -> 
  custom:container-demuxer-ogg: 62fdf1f143b41e24485cea50d1cbac27 -> 
  custom:video-decoder-webm-vp8: 9c59270c3fd7afecdb556c50c9e8de78 -> 
  custom:audio-decoder-ogg-vorbis: bf7c407c2cedff20999df2af8eb42d56 -> 
========================================================================
Received Import Request.
  Time since last request: 537745.523530 seconds.
  path: Assets/RoboSpacer Graphics/RoboSpacer Graphics/RoboSpacer Graphics/Interface/health_bar_v2_preview.png
  artifactKey: Guid(5af3d2d4e0dbc604ba5687862f85263d) Importer(815301076,1909f56bfc062723c751e8b465ee728b)
Start importing Assets/RoboSpacer Graphics/RoboSpacer Graphics/RoboSpacer Graphics/Interface/health_bar_v2_preview.png using Guid(5af3d2d4e0dbc604ba5687862f85263d) Importer(815301076,1909f56bfc062723c751e8b465ee728b)  -> (artifact id: '536815afbc615e2506d2a99e70b2fec3') in 0.477854 seconds 
========================================================================
Received Import Request.
  Time since last request: 933.999789 seconds.
  path: Assets/RoboSpacer Graphics/RoboSpacer Graphics/RoboSpacer Graphics/Interface/Buttons/Red/CREDITS/CREDITS_D2.png
  artifactKey: Guid(72adb872f249c2d4d8db85ad071029d1) Importer(815301076,1909f56bfc062723c751e8b465ee728b)
Start importing Assets/RoboSpacer Graphics/RoboSpacer Graphics/RoboSpacer Graphics/Interface/Buttons/Red/CREDITS/CREDITS_D2.png using Guid(72adb872f249c2d4d8db85ad071029d1) Importer(815301076,1909f56bfc062723c751e8b465ee728b)  -> (artifact id: '3efdde4d8db74a50fb0ee62b1be28f63') in 0.384720 seconds 
========================================================================
Received Import Request.
  Time since last request: 0.000069 seconds.
  path: Assets/RoboSpacer Graphics/RoboSpacer Graphics/RoboSpacer Graphics/Interface/Buttons/Blue/QUESTION/QUESTION_D1.png
  artifactKey: Guid(8ff0c41f3cfaec94fbec755de84b7fe7) Importer(815301076,1909f56bfc062723c751e8b465ee728b)
Start importing Assets/RoboSpacer Graphics/RoboSpacer Graphics/RoboSpacer Graphics/Interface/Buttons/Blue/QUESTION/QUESTION_D1.png using Guid(8ff0c41f3cfaec94fbec755de84b7fe7) Importer(815301076,1909f56bfc062723c751e8b465ee728b)  -> (artifact id: '2f5adeb68e6576b0dcfce325115b10cb') in 0.153554 seconds 
========================================================================
Received Import Request.
  Time since last request: 0.000069 seconds.
  path: Assets/RoboSpacer Graphics/RoboSpacer Graphics/RoboSpacer Graphics/Interface/Buttons/Orange/CREDITS/CREDITS_N1.png
  artifactKey: Guid(3d548df809a275a41a3fdc232df5951e) Importer(815301076,1909f56bfc062723c751e8b465ee728b)
Start importing Assets/RoboSpacer Graphics/RoboSpacer Graphics/RoboSpacer Graphics/Interface/Buttons/Orange/CREDITS/CREDITS_N1.png using Guid(3d548df809a275a41a3fdc232df5951e) Importer(815301076,1909f56bfc062723c751e8b465ee728b)  -> (artifact id: 'f72a3f69d50be526e8eb58ecb1776a44') in 0.134986 seconds 
========================================================================
Received Import Request.
  Time since last request: 0.000052 seconds.
  path: Assets/RoboSpacer Graphics/RoboSpacer Graphics/RoboSpacer Graphics/Interface/Buttons/Red/QUESTION/QUESTION_D1.png
  artifactKey: Guid(a31d88135416dae4eba6c418d3f9c370) Importer(815301076,1909f56bfc062723c751e8b465ee728b)
Start importing Assets/RoboSpacer Graphics/RoboSpacer Graphics/RoboSpacer Graphics/Interface/Buttons/Red/QUESTION/QUESTION_D1.png using Guid(a31d88135416dae4eba6c418d3f9c370) Importer(815301076,1909f56bfc062723c751e8b465ee728b)  -> (artifact id: 'e754e040a1e5631a59165c65cc326a06') in 0.120047 seconds 
